


materialPath: C:\Program Files (x86)\Steam\SteamApps\sourcemods\hl3 - dev\Half-Life-3\materials
Loading C:\Program Files (x86)\Steam\SteamApps\sourcemods\hl3 - dev\Half-Life-3\bin\background01.vmf
Could not locate 'GameData' key in c:\program files (x86)\steam\steamapps\sourcemods\hl3 - dev\half-life-3\gameinfo.txt
fixing up env_cubemap materials on brush sides...
0...1...2...3...4...5...6...7...8...9...10**** leaked ****
Entity weapon_smg1 (-421.36 -223.04 201.00) leaked!
Processing areas...done (0)
Building Faces...done (0)
FixTjuncs...
PruneNodes...
WriteBSP...
done (0)
Creating default LDR cubemaps for env_cubemap using skybox materials:
   skybox/sky_day01_01*.vmt
 ! Run buildcubemaps in the engine to get the correct cube maps.
Creating default HDR cubemaps for env_cubemap using skybox materials:
   skybox/sky_day01_01*.vmt
 ! Run buildcubemaps in the engine to get the correct cube maps.
Finding displacement neighbors...
Finding lightmap sample positions...
Displacement Alpha : 0...1...2...3...4...5...6...7...8...9...10
Building Physics collision data...
done (0) (16398 bytes)
Placing detail props : 0...1...2...3...4...5...6...7...8...9...10
Compacting texture/material tables...
Reduced 111 texinfos to 96
Reduced 4 texdatas to 3 (155 bytes to 91)
Writing C:\Program Files (x86)\Steam\SteamApps\sourcemods\hl3 - dev\Half-Life-3\bin\background01.bsp
0 seconds elapsed



4 threads
reading c:\program files (x86)\steam\steamapps\sourcemods\hl3 - dev\half-life-3\bin\background01.bsp
reading c:\program files (x86)\steam\steamapps\sourcemods\hl3 - dev\half-life-3\bin\background01.prt
LoadPortals: couldn't read c:\program files (x86)\steam\steamapps\sourcemods\hl3 - dev\half-life-3\bin\background01.prt



[Reading texlights from 'lights.rad']
[48 texlights parsed from 'lights.rad']

Loading c:\program files (x86)\steam\steamapps\sourcemods\hl3 - dev\half-life-3\bin\background01.bsp
No vis information, direct lighting only.
337 faces
25226 square feet [3632593.75 square inches]
0 Displacements
0 Square Feet [0.00 Square Inches]
0 direct lights
0...1...2...3...4...5...6...7...8...9...10Build Patch/Sample Hash Table(s).....Done<0.0006 sec>
0...1...2...3...4...5...6...7...8...9...10FinalLightFace Done
0 of 0 (0% of) surface lights went in leaf ambient cubes.
0...1...2...3...4...5...6...7...8...9...10Writing leaf ambient...done
Ready to Finish

Object names       Objects/Maxobjs  Memory / Maxmem  Fullness 
------------       ---------------  ---------------  -------- 
models                   1/1024           48/49152    ( 0.1%) 
brushes                 50/8192          600/98304    ( 0.6%) 
brushsides             349/65536        2792/524288   ( 0.5%) 
planes                 348/65536        6960/1310720  ( 0.5%) 
vertexes               384/65536        4608/786432   ( 0.6%) 
nodes                  235/65536        7520/2097152  ( 0.4%) 
texinfos                96/12288        6912/884736   ( 0.8%) 
texdata                  3/2048           96/65536    ( 0.1%) 
dispinfos                0/0               0/0        ( 0.0%) 
disp_verts               0/0               0/0        ( 0.0%) 
disp_tris                0/0               0/0        ( 0.0%) 
disp_lmsamples           0/0               0/0        ( 0.0%) 
faces                  337/65536       18872/3670016  ( 0.5%) 
hdr faces                0/65536           0/3670016  ( 0.0%) 
origfaces              261/65536       14616/3670016  ( 0.4%) 
leaves                 237/65536        7584/2097152  ( 0.4%) 
leaffaces              347/65536         694/131072   ( 0.5%) 
leafbrushes             67/65536         134/131072   ( 0.1%) 
areas                    2/256            16/2048     ( 0.8%) 
surfedges             2420/512000       9680/2048000  ( 0.5%) 
edges                 1254/256000       5016/1024000  ( 0.5%) 
LDR worldlights          0/8192            0/720896   ( 0.0%) 
HDR worldlights          0/8192            0/720896   ( 0.0%) 
leafwaterdata            0/32768           0/393216   ( 0.0%) 
waterstrips              9/32768          90/327680   ( 0.0%) 
waterverts               0/65536           0/786432   ( 0.0%) 
waterindices           102/65536         204/131072   ( 0.2%) 
cubemapsamples           0/1024            0/16384    ( 0.0%) 
overlays                 0/512             0/180224   ( 0.0%) 
LDR lightdata         [variable]       80668/0        ( 0.0%) 
HDR lightdata         [variable]           0/0        ( 0.0%) 
visdata               [variable]           0/16777216 ( 0.0%) 
entdata               [variable]        8368/393216   ( 2.1%) 
LDR ambient table      237/65536         948/262144   ( 0.4%) 
HDR ambient table      237/65536         948/262144   ( 0.4%) 
LDR leaf ambient       169/65536        4732/1835008  ( 0.3%) 
HDR leaf ambient       237/65536        6636/1835008  ( 0.4%) 
occluders                0/0               0/0        ( 0.0%) 
occluder polygons        0/0               0/0        ( 0.0%) 
occluder vert ind        0/0               0/0        ( 0.0%) 
detail props          [variable]           1/12       ( 8.3%) 
static props          [variable]           1/12       ( 8.3%) 
pakfile               [variable]      211647/0        ( 0.0%) 
physics               [variable]       16398/4194304  ( 0.4%) 
physics terrain       [variable]           2/1048576  ( 0.0%) 

Level flags = 0

Total triangle count: 732
Writing c:\program files (x86)\steam\steamapps\sourcemods\hl3 - dev\half-life-3\bin\background01.bsp
0 seconds elapsed



materialPath: C:\Program Files (x86)\Steam\SteamApps\sourcemods\hl3 - dev\Half-Life-3\materials
Loading C:\Program Files (x86)\Steam\SteamApps\sourcemods\hl3 - dev\Half-Life-3\bin\background01.vmf
Could not locate 'GameData' key in c:\program files (x86)\steam\steamapps\sourcemods\hl3 - dev\half-life-3\gameinfo.txt
fixing up env_cubemap materials on brush sides...
0...1...2...3...4...5...6...7...8...9...10**** leaked ****
Entity weapon_smg1 (-421.36 -223.04 201.00) leaked!
Processing areas...done (0)
Building Faces...done (0)
FixTjuncs...
PruneNodes...
WriteBSP...
done (0)
Creating default LDR cubemaps for env_cubemap using skybox materials:
   skybox/sky_day01_01*.vmt
 ! Run buildcubemaps in the engine to get the correct cube maps.
Creating default HDR cubemaps for env_cubemap using skybox materials:
   skybox/sky_day01_01*.vmt
 ! Run buildcubemaps in the engine to get the correct cube maps.
Finding displacement neighbors...
Finding lightmap sample positions...
Displacement Alpha : 0...1...2...3...4...5...6...7...8...9...10
Building Physics collision data...
done (0) (16398 bytes)
Placing detail props : 0...1...2...3...4...5...6...7...8...9...10
Compacting texture/material tables...
Reduced 111 texinfos to 96
Reduced 4 texdatas to 3 (155 bytes to 91)
Writing C:\Program Files (x86)\Steam\SteamApps\sourcemods\hl3 - dev\Half-Life-3\bin\background01.bsp
0 seconds elapsed



4 threads
reading c:\program files (x86)\steam\steamapps\sourcemods\hl3 - dev\half-life-3\bin\background01.bsp
reading c:\program files (x86)\steam\steamapps\sourcemods\hl3 - dev\half-life-3\bin\background01.prt
LoadPortals: couldn't read c:\program files (x86)\steam\steamapps\sourcemods\hl3 - dev\half-life-3\bin\background01.prt



[Reading texlights from 'lights.rad']
[48 texlights parsed from 'lights.rad']

Loading c:\program files (x86)\steam\steamapps\sourcemods\hl3 - dev\half-life-3\bin\background01.bsp
No vis information, direct lighting only.
337 faces
25226 square feet [3632593.75 square inches]
0 Displacements
0 Square Feet [0.00 Square Inches]
0 direct lights
0...1...2...3...4...5...6...7...8...9...10Build Patch/Sample Hash Table(s).....Done<0.0006 sec>
0...1...2...3...4...5...6...7...8...9...10FinalLightFace Done
0 of 0 (0% of) surface lights went in leaf ambient cubes.
0...1...2...3...4...5...6...7...8...9...10Writing leaf ambient...done
Ready to Finish

Object names       Objects/Maxobjs  Memory / Maxmem  Fullness 
------------       ---------------  ---------------  -------- 
models                   1/1024           48/49152    ( 0.1%) 
brushes                 50/8192          600/98304    ( 0.6%) 
brushsides             349/65536        2792/524288   ( 0.5%) 
planes                 348/65536        6960/1310720  ( 0.5%) 
vertexes               384/65536        4608/786432   ( 0.6%) 
nodes                  235/65536        7520/2097152  ( 0.4%) 
texinfos                96/12288        6912/884736   ( 0.8%) 
texdata                  3/2048           96/65536    ( 0.1%) 
dispinfos                0/0               0/0        ( 0.0%) 
disp_verts               0/0               0/0        ( 0.0%) 
disp_tris                0/0               0/0        ( 0.0%) 
disp_lmsamples           0/0               0/0        ( 0.0%) 
faces                  337/65536       18872/3670016  ( 0.5%) 
hdr faces                0/65536           0/3670016  ( 0.0%) 
origfaces              261/65536       14616/3670016  ( 0.4%) 
leaves                 237/65536        7584/2097152  ( 0.4%) 
leaffaces              347/65536         694/131072   ( 0.5%) 
leafbrushes             67/65536         134/131072   ( 0.1%) 
areas                    2/256            16/2048     ( 0.8%) 
surfedges             2420/512000       9680/2048000  ( 0.5%) 
edges                 1254/256000       5016/1024000  ( 0.5%) 
LDR worldlights          0/8192            0/720896   ( 0.0%) 
HDR worldlights          0/8192            0/720896   ( 0.0%) 
leafwaterdata            0/32768           0/393216   ( 0.0%) 
waterstrips              9/32768          90/327680   ( 0.0%) 
waterverts               0/65536           0/786432   ( 0.0%) 
waterindices           102/65536         204/131072   ( 0.2%) 
cubemapsamples           0/1024            0/16384    ( 0.0%) 
overlays                 0/512             0/180224   ( 0.0%) 
LDR lightdata         [variable]       80668/0        ( 0.0%) 
HDR lightdata         [variable]           0/0        ( 0.0%) 
visdata               [variable]           0/16777216 ( 0.0%) 
entdata               [variable]        8524/393216   ( 2.2%) 
LDR ambient table      237/65536         948/262144   ( 0.4%) 
HDR ambient table      237/65536         948/262144   ( 0.4%) 
LDR leaf ambient       169/65536        4732/1835008  ( 0.3%) 
HDR leaf ambient       237/65536        6636/1835008  ( 0.4%) 
occluders                0/0               0/0        ( 0.0%) 
occluder polygons        0/0               0/0        ( 0.0%) 
occluder vert ind        0/0               0/0        ( 0.0%) 
detail props          [variable]           1/12       ( 8.3%) 
static props          [variable]           1/12       ( 8.3%) 
pakfile               [variable]      211647/0        ( 0.0%) 
physics               [variable]       16398/4194304  ( 0.4%) 
physics terrain       [variable]           2/1048576  ( 0.0%) 

Level flags = 0

Total triangle count: 732
Writing c:\program files (x86)\steam\steamapps\sourcemods\hl3 - dev\half-life-3\bin\background01.bsp
0 seconds elapsed



materialPath: C:\Program Files (x86)\Steam\SteamApps\sourcemods\hl3 - dev\Half-Life-3\materials
Loading C:\Program Files (x86)\Steam\SteamApps\sourcemods\hl3 - dev\Half-Life-3\bin\background01.vmf
Could not locate 'GameData' key in c:\program files (x86)\steam\steamapps\sourcemods\hl3 - dev\half-life-3\gameinfo.txt
fixing up env_cubemap materials on brush sides...
0...1...2...3...4...5...6...7...8...9...10**** leaked ****
Entity weapon_smg1 (-421.36 -223.04 201.00) leaked!
Processing areas...done (0)
Building Faces...done (0)
FixTjuncs...
PruneNodes...
WriteBSP...
done (0)
Creating default LDR cubemaps for env_cubemap using skybox materials:
   skybox/sky_day01_01*.vmt
 ! Run buildcubemaps in the engine to get the correct cube maps.
Creating default HDR cubemaps for env_cubemap using skybox materials:
   skybox/sky_day01_01*.vmt
 ! Run buildcubemaps in the engine to get the correct cube maps.
Finding displacement neighbors...
Finding lightmap sample positions...
Displacement Alpha : 0...1...2...3...4...5...6...7...8...9...10
Building Physics collision data...
done (0) (16398 bytes)
Placing detail props : 0...1...2...3...4...5...6...7...8...9...10
Compacting texture/material tables...
Reduced 111 texinfos to 96
Reduced 4 texdatas to 3 (155 bytes to 91)
Writing C:\Program Files (x86)\Steam\SteamApps\sourcemods\hl3 - dev\Half-Life-3\bin\background01.bsp
0 seconds elapsed



4 threads
reading c:\program files (x86)\steam\steamapps\sourcemods\hl3 - dev\half-life-3\bin\background01.bsp
reading c:\program files (x86)\steam\steamapps\sourcemods\hl3 - dev\half-life-3\bin\background01.prt
LoadPortals: couldn't read c:\program files (x86)\steam\steamapps\sourcemods\hl3 - dev\half-life-3\bin\background01.prt



[Reading texlights from 'lights.rad']
[48 texlights parsed from 'lights.rad']

Loading c:\program files (x86)\steam\steamapps\sourcemods\hl3 - dev\half-life-3\bin\background01.bsp
No vis information, direct lighting only.
337 faces
25226 square feet [3632593.75 square inches]
0 Displacements
0 Square Feet [0.00 Square Inches]
0 direct lights
0...1...2...3...4...5...6...7...8...9...10Build Patch/Sample Hash Table(s).....Done<0.0006 sec>
0...1...2...3...4...5...6...7...8...9...10FinalLightFace Done
0 of 0 (0% of) surface lights went in leaf ambient cubes.
0...1...2...3...4...5...6...7...8...9...10Writing leaf ambient...done
Ready to Finish

Object names       Objects/Maxobjs  Memory / Maxmem  Fullness 
------------       ---------------  ---------------  -------- 
models                   1/1024           48/49152    ( 0.1%) 
brushes                 50/8192          600/98304    ( 0.6%) 
brushsides             349/65536        2792/524288   ( 0.5%) 
planes                 348/65536        6960/1310720  ( 0.5%) 
vertexes               384/65536        4608/786432   ( 0.6%) 
nodes                  235/65536        7520/2097152  ( 0.4%) 
texinfos                96/12288        6912/884736   ( 0.8%) 
texdata                  3/2048           96/65536    ( 0.1%) 
dispinfos                0/0               0/0        ( 0.0%) 
disp_verts               0/0               0/0        ( 0.0%) 
disp_tris                0/0               0/0        ( 0.0%) 
disp_lmsamples           0/0               0/0        ( 0.0%) 
faces                  337/65536       18872/3670016  ( 0.5%) 
hdr faces                0/65536           0/3670016  ( 0.0%) 
origfaces              261/65536       14616/3670016  ( 0.4%) 
leaves                 237/65536        7584/2097152  ( 0.4%) 
leaffaces              347/65536         694/131072   ( 0.5%) 
leafbrushes             67/65536         134/131072   ( 0.1%) 
areas                    2/256            16/2048     ( 0.8%) 
surfedges             2420/512000       9680/2048000  ( 0.5%) 
edges                 1254/256000       5016/1024000  ( 0.5%) 
LDR worldlights          0/8192            0/720896   ( 0.0%) 
HDR worldlights          0/8192            0/720896   ( 0.0%) 
leafwaterdata            0/32768           0/393216   ( 0.0%) 
waterstrips              9/32768          90/327680   ( 0.0%) 
waterverts               0/65536           0/786432   ( 0.0%) 
waterindices           102/65536         204/131072   ( 0.2%) 
cubemapsamples           0/1024            0/16384    ( 0.0%) 
overlays                 0/512             0/180224   ( 0.0%) 
LDR lightdata         [variable]       80668/0        ( 0.0%) 
HDR lightdata         [variable]           0/0        ( 0.0%) 
visdata               [variable]           0/16777216 ( 0.0%) 
entdata               [variable]        8524/393216   ( 2.2%) 
LDR ambient table      237/65536         948/262144   ( 0.4%) 
HDR ambient table      237/65536         948/262144   ( 0.4%) 
LDR leaf ambient       169/65536        4732/1835008  ( 0.3%) 
HDR leaf ambient       237/65536        6636/1835008  ( 0.4%) 
occluders                0/0               0/0        ( 0.0%) 
occluder polygons        0/0               0/0        ( 0.0%) 
occluder vert ind        0/0               0/0        ( 0.0%) 
detail props          [variable]           1/12       ( 8.3%) 
static props          [variable]           1/12       ( 8.3%) 
pakfile               [variable]      211647/0        ( 0.0%) 
physics               [variable]       16398/4194304  ( 0.4%) 
physics terrain       [variable]           2/1048576  ( 0.0%) 

Level flags = 0

Total triangle count: 732
Writing c:\program files (x86)\steam\steamapps\sourcemods\hl3 - dev\half-life-3\bin\background01.bsp
0 seconds elapsed



materialPath: C:\Program Files (x86)\Steam\SteamApps\sourcemods\hl3 - dev\Half-Life-3\materials
Loading C:\Program Files (x86)\Steam\SteamApps\sourcemods\hl3 - dev\Half-Life-3\bin\background01.vmf
Could not locate 'GameData' key in c:\program files (x86)\steam\steamapps\sourcemods\hl3 - dev\half-life-3\gameinfo.txt
fixing up env_cubemap materials on brush sides...
0...1...2...3...4...5...6...7...8...9...10**** leaked ****
Entity weapon_smg1 (-421.36 -223.04 201.00) leaked!
Processing areas...done (0)
Building Faces...done (0)
FixTjuncs...
PruneNodes...
WriteBSP...
done (0)
Creating default LDR cubemaps for env_cubemap using skybox materials:
   skybox/sky_day01_01*.vmt
 ! Run buildcubemaps in the engine to get the correct cube maps.
Creating default HDR cubemaps for env_cubemap using skybox materials:
   skybox/sky_day01_01*.vmt
 ! Run buildcubemaps in the engine to get the correct cube maps.
Finding displacement neighbors...
Finding lightmap sample positions...
Displacement Alpha : 0...1...2...3...4...5...6...7...8...9...10
Building Physics collision data...
done (0) (16398 bytes)
Placing detail props : 0...1...2...3...4...5...6...7...8...9...10
Compacting texture/material tables...
Reduced 111 texinfos to 96
Reduced 4 texdatas to 3 (155 bytes to 91)
Writing C:\Program Files (x86)\Steam\SteamApps\sourcemods\hl3 - dev\Half-Life-3\bin\background01.bsp
0 seconds elapsed



4 threads
reading c:\program files (x86)\steam\steamapps\sourcemods\hl3 - dev\half-life-3\bin\background01.bsp
reading c:\program files (x86)\steam\steamapps\sourcemods\hl3 - dev\half-life-3\bin\background01.prt
LoadPortals: couldn't read c:\program files (x86)\steam\steamapps\sourcemods\hl3 - dev\half-life-3\bin\background01.prt



[Reading texlights from 'lights.rad']
[48 texlights parsed from 'lights.rad']

Loading c:\program files (x86)\steam\steamapps\sourcemods\hl3 - dev\half-life-3\bin\background01.bsp
No vis information, direct lighting only.
337 faces
25226 square feet [3632593.75 square inches]
0 Displacements
0 Square Feet [0.00 Square Inches]
0 direct lights
0...1...2...3...4...5...6...7...8...9...10Build Patch/Sample Hash Table(s).....Done<0.0007 sec>
0...1...2...3...4...5...6...7...8...9...10FinalLightFace Done
0 of 0 (0% of) surface lights went in leaf ambient cubes.
0...1...2...3...4...5...6...7...8...9...10Writing leaf ambient...done
Ready to Finish

Object names       Objects/Maxobjs  Memory / Maxmem  Fullness 
------------       ---------------  ---------------  -------- 
models                   1/1024           48/49152    ( 0.1%) 
brushes                 50/8192          600/98304    ( 0.6%) 
brushsides             349/65536        2792/524288   ( 0.5%) 
planes                 348/65536        6960/1310720  ( 0.5%) 
vertexes               384/65536        4608/786432   ( 0.6%) 
nodes                  235/65536        7520/2097152  ( 0.4%) 
texinfos                96/12288        6912/884736   ( 0.8%) 
texdata                  3/2048           96/65536    ( 0.1%) 
dispinfos                0/0               0/0        ( 0.0%) 
disp_verts               0/0               0/0        ( 0.0%) 
disp_tris                0/0               0/0        ( 0.0%) 
disp_lmsamples           0/0               0/0        ( 0.0%) 
faces                  337/65536       18872/3670016  ( 0.5%) 
hdr faces                0/65536           0/3670016  ( 0.0%) 
origfaces              261/65536       14616/3670016  ( 0.4%) 
leaves                 237/65536        7584/2097152  ( 0.4%) 
leaffaces              347/65536         694/131072   ( 0.5%) 
leafbrushes             67/65536         134/131072   ( 0.1%) 
areas                    2/256            16/2048     ( 0.8%) 
surfedges             2420/512000       9680/2048000  ( 0.5%) 
edges                 1254/256000       5016/1024000  ( 0.5%) 
LDR worldlights          0/8192            0/720896   ( 0.0%) 
HDR worldlights          0/8192            0/720896   ( 0.0%) 
leafwaterdata            0/32768           0/393216   ( 0.0%) 
waterstrips              9/32768          90/327680   ( 0.0%) 
waterverts               0/65536           0/786432   ( 0.0%) 
waterindices           102/65536         204/131072   ( 0.2%) 
cubemapsamples           0/1024            0/16384    ( 0.0%) 
overlays                 0/512             0/180224   ( 0.0%) 
LDR lightdata         [variable]       80668/0        ( 0.0%) 
HDR lightdata         [variable]           0/0        ( 0.0%) 
visdata               [variable]           0/16777216 ( 0.0%) 
entdata               [variable]        8410/393216   ( 2.1%) 
LDR ambient table      237/65536         948/262144   ( 0.4%) 
HDR ambient table      237/65536         948/262144   ( 0.4%) 
LDR leaf ambient       169/65536        4732/1835008  ( 0.3%) 
HDR leaf ambient       237/65536        6636/1835008  ( 0.4%) 
occluders                0/0               0/0        ( 0.0%) 
occluder polygons        0/0               0/0        ( 0.0%) 
occluder vert ind        0/0               0/0        ( 0.0%) 
detail props          [variable]           1/12       ( 8.3%) 
static props          [variable]           1/12       ( 8.3%) 
pakfile               [variable]      211647/0        ( 0.0%) 
physics               [variable]       16398/4194304  ( 0.4%) 
physics terrain       [variable]           2/1048576  ( 0.0%) 

Level flags = 0

Total triangle count: 732
Writing c:\program files (x86)\steam\steamapps\sourcemods\hl3 - dev\half-life-3\bin\background01.bsp
0 seconds elapsed



materialPath: C:\Program Files (x86)\Steam\SteamApps\sourcemods\hl3 - dev\Half-Life-3\materials
Loading C:\Program Files (x86)\Steam\SteamApps\sourcemods\hl3 - dev\Half-Life-3\bin\background01.vmf
Could not locate 'GameData' key in c:\program files (x86)\steam\steamapps\sourcemods\hl3 - dev\half-life-3\gameinfo.txt
fixing up env_cubemap materials on brush sides...
0...1...2...3...4...5...6...7...8...9...10**** leaked ****
Entity weapon_smg1 (-421.36 -223.04 201.00) leaked!
Processing areas...done (0)
Building Faces...done (0)
FixTjuncs...
PruneNodes...
WriteBSP...
done (0)
Creating default LDR cubemaps for env_cubemap using skybox materials:
   skybox/sky_day01_01*.vmt
 ! Run buildcubemaps in the engine to get the correct cube maps.
Creating default HDR cubemaps for env_cubemap using skybox materials:
   skybox/sky_day01_01*.vmt
 ! Run buildcubemaps in the engine to get the correct cube maps.
Finding displacement neighbors...
Finding lightmap sample positions...
Displacement Alpha : 0...1...2...3...4...5...6...7...8...9...10
Building Physics collision data...
done (0) (16398 bytes)
Placing detail props : 0...1...2...3...4...5...6...7...8...9...10
Compacting texture/material tables...
Reduced 111 texinfos to 96
Reduced 4 texdatas to 3 (155 bytes to 91)
Writing C:\Program Files (x86)\Steam\SteamApps\sourcemods\hl3 - dev\Half-Life-3\bin\background01.bsp
0 seconds elapsed



4 threads
reading c:\program files (x86)\steam\steamapps\sourcemods\hl3 - dev\half-life-3\bin\background01.bsp
reading c:\program files (x86)\steam\steamapps\sourcemods\hl3 - dev\half-life-3\bin\background01.prt
LoadPortals: couldn't read c:\program files (x86)\steam\steamapps\sourcemods\hl3 - dev\half-life-3\bin\background01.prt



[Reading texlights from 'lights.rad']
[48 texlights parsed from 'lights.rad']

Loading c:\program files (x86)\steam\steamapps\sourcemods\hl3 - dev\half-life-3\bin\background01.bsp
No vis information, direct lighting only.
337 faces
25226 square feet [3632593.75 square inches]
0 Displacements
0 Square Feet [0.00 Square Inches]
0 direct lights
0...1...2...3...4...5...6...7...8...9...10Build Patch/Sample Hash Table(s).....Done<0.0006 sec>
0...1...2...3...4...5...6...7...8...9...10FinalLightFace Done
0 of 0 (0% of) surface lights went in leaf ambient cubes.
0...1...2...3...4...5...6...7...8...9...10Writing leaf ambient...done
Ready to Finish

Object names       Objects/Maxobjs  Memory / Maxmem  Fullness 
------------       ---------------  ---------------  -------- 
models                   1/1024           48/49152    ( 0.1%) 
brushes                 50/8192          600/98304    ( 0.6%) 
brushsides             349/65536        2792/524288   ( 0.5%) 
planes                 348/65536        6960/1310720  ( 0.5%) 
vertexes               384/65536        4608/786432   ( 0.6%) 
nodes                  235/65536        7520/2097152  ( 0.4%) 
texinfos                96/12288        6912/884736   ( 0.8%) 
texdata                  3/2048           96/65536    ( 0.1%) 
dispinfos                0/0               0/0        ( 0.0%) 
disp_verts               0/0               0/0        ( 0.0%) 
disp_tris                0/0               0/0        ( 0.0%) 
disp_lmsamples           0/0               0/0        ( 0.0%) 
faces                  337/65536       18872/3670016  ( 0.5%) 
hdr faces                0/65536           0/3670016  ( 0.0%) 
origfaces              261/65536       14616/3670016  ( 0.4%) 
leaves                 237/65536        7584/2097152  ( 0.4%) 
leaffaces              347/65536         694/131072   ( 0.5%) 
leafbrushes             67/65536         134/131072   ( 0.1%) 
areas                    2/256            16/2048     ( 0.8%) 
surfedges             2420/512000       9680/2048000  ( 0.5%) 
edges                 1254/256000       5016/1024000  ( 0.5%) 
LDR worldlights          0/8192            0/720896   ( 0.0%) 
HDR worldlights          0/8192            0/720896   ( 0.0%) 
leafwaterdata            0/32768           0/393216   ( 0.0%) 
waterstrips              9/32768          90/327680   ( 0.0%) 
waterverts               0/65536           0/786432   ( 0.0%) 
waterindices           102/65536         204/131072   ( 0.2%) 
cubemapsamples           0/1024            0/16384    ( 0.0%) 
overlays                 0/512             0/180224   ( 0.0%) 
LDR lightdata         [variable]       80668/0        ( 0.0%) 
HDR lightdata         [variable]           0/0        ( 0.0%) 
visdata               [variable]           0/16777216 ( 0.0%) 
entdata               [variable]        8508/393216   ( 2.2%) 
LDR ambient table      237/65536         948/262144   ( 0.4%) 
HDR ambient table      237/65536         948/262144   ( 0.4%) 
LDR leaf ambient       169/65536        4732/1835008  ( 0.3%) 
HDR leaf ambient       237/65536        6636/1835008  ( 0.4%) 
occluders                0/0               0/0        ( 0.0%) 
occluder polygons        0/0               0/0        ( 0.0%) 
occluder vert ind        0/0               0/0        ( 0.0%) 
detail props          [variable]           1/12       ( 8.3%) 
static props          [variable]           1/12       ( 8.3%) 
pakfile               [variable]      211647/0        ( 0.0%) 
physics               [variable]       16398/4194304  ( 0.4%) 
physics terrain       [variable]           2/1048576  ( 0.0%) 

Level flags = 0

Total triangle count: 732
Writing c:\program files (x86)\steam\steamapps\sourcemods\hl3 - dev\half-life-3\bin\background01.bsp
0 seconds elapsed
