


materialPath: C:\Program Files (x86)\Steam\SteamApps\sourcemods\Half-Life-3\materials
Loading C:\Program Files (x86)\Steam\SteamApps\sourcemods\Half-Life-3\bin\blank map.vmf
Could not locate 'GameData' key in c:\program files (x86)\steam\steamapps\sourcemods\half-life-3\gameinfo.txt
Patching WVT material: maps/blank map/nature/blenddirtgrass001a_wvt_patch
fixing up env_cubemap materials on brush sides...
0...1...2...3...4...5...6...7...8...9...10**** leaked ****
Processing areas...done (0)
Building Faces...done (0)
FixTjuncs...
PruneNodes...
WriteBSP...
done (0)
Creating default LDR cubemaps for env_cubemap using skybox materials:
   skybox/sky_day01_01*.vmt
 ! Run buildcubemaps in the engine to get the correct cube maps.
Creating default HDR cubemaps for env_cubemap using skybox materials:
   skybox/sky_day01_01*.vmt
 ! Run buildcubemaps in the engine to get the correct cube maps.
Finding displacement neighbors...
Finding lightmap sample positions...
Displacement Alpha : 0...1...2...3...4...5...6...7...8...9...10
Building Physics collision data...
done (0) (966 bytes)
Placing detail props : 0...1...2...3...4...5...6...7...8...9...10
Compacting texture/material tables...
Reduced 6 texinfos to 3
Reduced 2 texdatas to 1 (77 bytes to 51)
Writing C:\Program Files (x86)\Steam\SteamApps\sourcemods\Half-Life-3\bin\blank map.bsp
1 second elapsed



4 threads
reading c:\program files (x86)\steam\steamapps\sourcemods\half-life-3\bin\blank map.bsp
reading c:\program files (x86)\steam\steamapps\sourcemods\half-life-3\bin\blank map.prt
LoadPortals: couldn't read c:\program files (x86)\steam\steamapps\sourcemods\half-life-3\bin\blank map.prt



[Reading texlights from 'lights.rad']
[48 texlights parsed from 'lights.rad']

Loading c:\program files (x86)\steam\steamapps\sourcemods\half-life-3\bin\blank map.bsp
No vis information, direct lighting only.
22 faces
6371 square feet [917504.00 square inches]
0 Displacements
0 Square Feet [0.00 Square Inches]
0 direct lights
0...1...2...3...4...5...6...7...8...9...10Build Patch/Sample Hash Table(s).....Done<0.0003 sec>
0...1...2...3...4...5...6...7...8...9...10FinalLightFace Done
0 of 0 (0% of) surface lights went in leaf ambient cubes.
0...1...2...3...4...5...6...7...8...9...10Writing leaf ambient...done
Ready to Finish

Object names       Objects/Maxobjs  Memory / Maxmem  Fullness 
------------       ---------------  ---------------  -------- 
models                   1/1024           48/49152    ( 0.1%) 
brushes                  2/8192           24/98304    ( 0.0%) 
brushsides              12/65536          96/524288   ( 0.0%) 
planes                  36/65536         720/1310720  ( 0.1%) 
vertexes                27/65536         324/786432   ( 0.0%) 
nodes                   35/65536        1120/2097152  ( 0.1%) 
texinfos                 3/12288         216/884736   ( 0.0%) 
texdata                  1/2048           32/65536    ( 0.0%) 
dispinfos                0/0               0/0        ( 0.0%) 
disp_verts               0/0               0/0        ( 0.0%) 
disp_tris                0/0               0/0        ( 0.0%) 
disp_lmsamples           0/0               0/0        ( 0.0%) 
faces                   22/65536        1232/3670016  ( 0.0%) 
hdr faces                0/65536           0/3670016  ( 0.0%) 
origfaces               12/65536         672/3670016  ( 0.0%) 
leaves                  37/65536        1184/2097152  ( 0.1%) 
leaffaces               23/65536          46/131072   ( 0.0%) 
leafbrushes              5/65536          10/131072   ( 0.0%) 
areas                    1/256             8/2048     ( 0.4%) 
surfedges              136/512000        544/2048000  ( 0.0%) 
edges                   69/256000        276/1024000  ( 0.0%) 
LDR worldlights          0/8192            0/720896   ( 0.0%) 
HDR worldlights          0/8192            0/720896   ( 0.0%) 
leafwaterdata            0/32768           0/393216   ( 0.0%) 
waterstrips              0/32768           0/327680   ( 0.0%) 
waterverts               0/65536           0/786432   ( 0.0%) 
waterindices             0/65536           0/131072   ( 0.0%) 
cubemapsamples           0/1024            0/16384    ( 0.0%) 
overlays                 0/512             0/180224   ( 0.0%) 
LDR lightdata         [variable]       16880/0        ( 0.0%) 
HDR lightdata         [variable]           0/0        ( 0.0%) 
visdata               [variable]           0/16777216 ( 0.0%) 
entdata               [variable]         334/393216   ( 0.1%) 
LDR ambient table       37/65536         148/262144   ( 0.1%) 
HDR ambient table       37/65536         148/262144   ( 0.1%) 
LDR leaf ambient        31/65536         868/1835008  ( 0.0%) 
HDR leaf ambient        37/65536        1036/1835008  ( 0.1%) 
occluders                0/0               0/0        ( 0.0%) 
occluder polygons        0/0               0/0        ( 0.0%) 
occluder vert ind        0/0               0/0        ( 0.0%) 
detail props          [variable]           1/12       ( 8.3%) 
static props          [variable]           1/12       ( 8.3%) 
pakfile               [variable]      106202/0        ( 0.0%) 
physics               [variable]         966/4194304  ( 0.0%) 
physics terrain       [variable]           2/1048576  ( 0.0%) 

Level flags = 0

Total triangle count: 44
Writing c:\program files (x86)\steam\steamapps\sourcemods\half-life-3\bin\blank map.bsp
0 seconds elapsed



materialPath: C:\Program Files (x86)\Steam\SteamApps\sourcemods\Half-Life-3\materials
Loading C:\Program Files (x86)\Steam\SteamApps\sourcemods\Half-Life-3\bin\blank map.vmf
Could not locate 'GameData' key in c:\program files (x86)\steam\steamapps\sourcemods\half-life-3\gameinfo.txt
Patching WVT material: maps/blank map/nature/blenddirtgrass001a_wvt_patch
fixing up env_cubemap materials on brush sides...
0...1...2...3...4...5...6...7...8...9...10**** leaked ****
Processing areas...done (0)
Building Faces...done (0)
FixTjuncs...
PruneNodes...
WriteBSP...
done (0)
Creating default LDR cubemaps for env_cubemap using skybox materials:
   skybox/sky_day01_01*.vmt
 ! Run buildcubemaps in the engine to get the correct cube maps.
Creating default HDR cubemaps for env_cubemap using skybox materials:
   skybox/sky_day01_01*.vmt
 ! Run buildcubemaps in the engine to get the correct cube maps.
Finding displacement neighbors...
Finding lightmap sample positions...
Displacement Alpha : 0...1...2...3...4...5...6...7...8...9...10
Building Physics collision data...
done (0) (966 bytes)
Placing detail props : 0...1...2...3...4...5...6...7...8...9...10
Compacting texture/material tables...
Reduced 6 texinfos to 3
Reduced 2 texdatas to 1 (77 bytes to 51)
Writing C:\Program Files (x86)\Steam\SteamApps\sourcemods\Half-Life-3\bin\blank map.bsp
0 seconds elapsed



4 threads
reading c:\program files (x86)\steam\steamapps\sourcemods\half-life-3\bin\blank map.bsp
reading c:\program files (x86)\steam\steamapps\sourcemods\half-life-3\bin\blank map.prt
LoadPortals: couldn't read c:\program files (x86)\steam\steamapps\sourcemods\half-life-3\bin\blank map.prt



[Reading texlights from 'lights.rad']
[48 texlights parsed from 'lights.rad']

Loading c:\program files (x86)\steam\steamapps\sourcemods\half-life-3\bin\blank map.bsp
No vis information, direct lighting only.
22 faces
6371 square feet [917504.00 square inches]
0 Displacements
0 Square Feet [0.00 Square Inches]
0 direct lights
0...1...2...3...4...5...6...7...8...9...10Build Patch/Sample Hash Table(s).....Done<0.0002 sec>
0...1...2...3...4...5...6...7...8...9...10FinalLightFace Done
0 of 0 (0% of) surface lights went in leaf ambient cubes.
0...1...2...3...4...5...6...7...8...9...10Writing leaf ambient...done
Ready to Finish

Object names       Objects/Maxobjs  Memory / Maxmem  Fullness 
------------       ---------------  ---------------  -------- 
models                   1/1024           48/49152    ( 0.1%) 
brushes                  2/8192           24/98304    ( 0.0%) 
brushsides              12/65536          96/524288   ( 0.0%) 
planes                  36/65536         720/1310720  ( 0.1%) 
vertexes                27/65536         324/786432   ( 0.0%) 
nodes                   35/65536        1120/2097152  ( 0.1%) 
texinfos                 3/12288         216/884736   ( 0.0%) 
texdata                  1/2048           32/65536    ( 0.0%) 
dispinfos                0/0               0/0        ( 0.0%) 
disp_verts               0/0               0/0        ( 0.0%) 
disp_tris                0/0               0/0        ( 0.0%) 
disp_lmsamples           0/0               0/0        ( 0.0%) 
faces                   22/65536        1232/3670016  ( 0.0%) 
hdr faces                0/65536           0/3670016  ( 0.0%) 
origfaces               12/65536         672/3670016  ( 0.0%) 
leaves                  37/65536        1184/2097152  ( 0.1%) 
leaffaces               23/65536          46/131072   ( 0.0%) 
leafbrushes              5/65536          10/131072   ( 0.0%) 
areas                    1/256             8/2048     ( 0.4%) 
surfedges              136/512000        544/2048000  ( 0.0%) 
edges                   69/256000        276/1024000  ( 0.0%) 
LDR worldlights          0/8192            0/720896   ( 0.0%) 
HDR worldlights          0/8192            0/720896   ( 0.0%) 
leafwaterdata            0/32768           0/393216   ( 0.0%) 
waterstrips              0/32768           0/327680   ( 0.0%) 
waterverts               0/65536           0/786432   ( 0.0%) 
waterindices             0/65536           0/131072   ( 0.0%) 
cubemapsamples           0/1024            0/16384    ( 0.0%) 
overlays                 0/512             0/180224   ( 0.0%) 
LDR lightdata         [variable]       16880/0        ( 0.0%) 
HDR lightdata         [variable]           0/0        ( 0.0%) 
visdata               [variable]           0/16777216 ( 0.0%) 
entdata               [variable]         334/393216   ( 0.1%) 
LDR ambient table       37/65536         148/262144   ( 0.1%) 
HDR ambient table       37/65536         148/262144   ( 0.1%) 
LDR leaf ambient        31/65536         868/1835008  ( 0.0%) 
HDR leaf ambient        37/65536        1036/1835008  ( 0.1%) 
occluders                0/0               0/0        ( 0.0%) 
occluder polygons        0/0               0/0        ( 0.0%) 
occluder vert ind        0/0               0/0        ( 0.0%) 
detail props          [variable]           1/12       ( 8.3%) 
static props          [variable]           1/12       ( 8.3%) 
pakfile               [variable]      106202/0        ( 0.0%) 
physics               [variable]         966/4194304  ( 0.0%) 
physics terrain       [variable]           2/1048576  ( 0.0%) 

Level flags = 0

Total triangle count: 44
Writing c:\program files (x86)\steam\steamapps\sourcemods\half-life-3\bin\blank map.bsp
0 seconds elapsed
