


materialPath: C:\Program Files (x86)\Steam\SteamApps\sourcemods\Half-Life-3\materials
Loading C:\Program Files (x86)\Steam\SteamApps\sourcemods\Half-Life-3\bin\blank_map.vmf
Could not locate 'GameData' key in c:\program files (x86)\steam\steamapps\sourcemods\half-life-3\gameinfo.txt
Patching WVT material: maps/blank_map/nature/blenddirtgrass001a_wvt_patch
fixing up env_cubemap materials on brush sides...
0...1...2...3...4...5...6...7...8...9...10**** leaked ****
Entity info_player_start (93.12 0.26 1.00) leaked!

FindPortalSide: Couldn't find a good match for which brush to assign to a portal near (512.0 4096.0 -224.0)
Leaf 0 contents: 
Leaf 1 contents: CONTENTS_SOLID 
viscontents (node 0 contents ^ node 1 contents): CONTENTS_SOLID 
This means that none of the brushes in leaf 0 or 1 that touches the portal has CONTENTS_SOLID 
Check for a huge brush enclosing the coordinates above that has contents CONTENTS_SOLID 
Candidate brush IDs: 


FindPortalSide: Couldn't find a good match for which brush to assign to a portal near (1024.0 3584.0 -224.0)
Leaf 0 contents: 
Leaf 1 contents: CONTENTS_SOLID 
viscontents (node 0 contents ^ node 1 contents): CONTENTS_SOLID 
This means that none of the brushes in leaf 0 or 1 that touches the portal has CONTENTS_SOLID 
Check for a huge brush enclosing the coordinates above that has contents CONTENTS_SOLID 
Candidate brush IDs: 


FindPortalSide: Couldn't find a good match for which brush to assign to a portal near (1024.0 2560.0 -224.0)
Leaf 0 contents: 
Leaf 1 contents: CONTENTS_SOLID 
viscontents (node 0 contents ^ node 1 contents): CONTENTS_SOLID 
This means that none of the brushes in leaf 0 or 1 that touches the portal has CONTENTS_SOLID 
Check for a huge brush enclosing the coordinates above that has contents CONTENTS_SOLID 
Candidate brush IDs: 


FindPortalSide: Couldn't find a good match for which brush to assign to a portal near (-1024.0 3584.0 -224.0)
Leaf 0 contents: CONTENTS_SOLID 
Leaf 1 contents: 
viscontents (node 0 contents ^ node 1 contents): CONTENTS_SOLID 
This means that none of the brushes in leaf 0 or 1 that touches the portal has CONTENTS_SOLID 
Check for a huge brush enclosing the coordinates above that has contents CONTENTS_SOLID 
Candidate brush IDs: 


FindPortalSide: Couldn't find a good match for which brush to assign to a portal near (-512.0 4096.0 -224.0)
Leaf 0 contents: 
Leaf 1 contents: CONTENTS_SOLID 
viscontents (node 0 contents ^ node 1 contents): CONTENTS_SOLID 
This means that none of the brushes in leaf 0 or 1 that touches the portal has CONTENTS_SOLID 
Check for a huge brush enclosing the coordinates above that has contents CONTENTS_SOLID 
Candidate brush IDs: 


FindPortalSide: Couldn't find a good match for which brush to assign to a portal near (-1024.0 2560.0 -224.0)
Leaf 0 contents: CONTENTS_SOLID 
Leaf 1 contents: 
viscontents (node 0 contents ^ node 1 contents): CONTENTS_SOLID 
This means that none of the brushes in leaf 0 or 1 that touches the portal has CONTENTS_SOLID 
Check for a huge brush enclosing the coordinates above that has contents CONTENTS_SOLID 
Candidate brush IDs: 


FindPortalSide: Couldn't find a good match for which brush to assign to a portal near (160.0 1024.0 -224.0)
Leaf 0 contents: CONTENTS_SOLID 
Leaf 1 contents: 
viscontents (node 0 contents ^ node 1 contents): CONTENTS_SOLID 
This means that none of the brushes in leaf 0 or 1 that touches the portal has CONTENTS_SOLID 
Check for a huge brush enclosing the coordinates above that has contents CONTENTS_SOLID 
Candidate brush IDs: 


FindPortalSide: Couldn't find a good match for which brush to assign to a portal near (672.0 1024.0 -224.0)
Leaf 0 contents: CONTENTS_SOLID 
Leaf 1 contents: 
viscontents (node 0 contents ^ node 1 contents): CONTENTS_SOLID 
This means that none of the brushes in leaf 0 or 1 that touches the portal has CONTENTS_SOLID 
Check for a huge brush enclosing the coordinates above that has contents CONTENTS_SOLID 
Candidate brush IDs: 

*** Suppressing further FindPortalSide errors.... ***
Processing areas...done (0)
Building Faces...done (0)
FixTjuncs...
PruneNodes...
WriteBSP...
done (0)
Creating default LDR cubemaps for env_cubemap using skybox materials:
   skybox/sky_day01_01*.vmt
 ! Run buildcubemaps in the engine to get the correct cube maps.
Creating default HDR cubemaps for env_cubemap using skybox materials:
   skybox/sky_day01_01*.vmt
 ! Run buildcubemaps in the engine to get the correct cube maps.
Finding displacement neighbors...
Finding lightmap sample positions...
Displacement Alpha : 0...1...2...3...4...5...6...7...8...9...10
Building Physics collision data...
done (0) (1385 bytes)
Placing detail props : 0...1...2...3...4...5...6...7...8...9...10
Compacting texture/material tables...
Reduced 12 texinfos to 9
Reduced 4 texdatas to 3 (141 bytes to 115)
Writing C:\Program Files (x86)\Steam\SteamApps\sourcemods\Half-Life-3\bin\blank_map.bsp
1 second elapsed



4 threads
reading c:\program files (x86)\steam\steamapps\sourcemods\half-life-3\bin\blank_map.bsp
reading c:\program files (x86)\steam\steamapps\sourcemods\half-life-3\bin\blank_map.prt
LoadPortals: couldn't read c:\program files (x86)\steam\steamapps\sourcemods\half-life-3\bin\blank_map.prt



[Reading texlights from 'lights.rad']
[48 texlights parsed from 'lights.rad']

Loading c:\program files (x86)\steam\steamapps\sourcemods\half-life-3\bin\blank_map.bsp
No vis information, direct lighting only.
214 faces
162304 square feet [23371776.00 square inches]
0 Displacements
0 Square Feet [0.00 Square Inches]
0 direct lights
0...1...2...3...4...5...6...7...8...9...10Build Patch/Sample Hash Table(s).....Done<0.0046 sec>
0...1...2...3...4...5...6...7...8...9...10FinalLightFace Done
0 of 0 (0% of) surface lights went in leaf ambient cubes.
0...1...2...3...4...5...6...7...8...9...10Writing leaf ambient...done
Ready to Finish

Object names       Objects/Maxobjs  Memory / Maxmem  Fullness 
------------       ---------------  ---------------  -------- 
models                   1/1024           48/49152    ( 0.1%) 
brushes                  3/8192           36/98304    ( 0.0%) 
brushsides              18/65536         144/524288   ( 0.0%) 
planes                  60/65536        1200/1310720  ( 0.1%) 
vertexes               237/65536        2844/786432   ( 0.4%) 
nodes                  122/65536        3904/2097152  ( 0.2%) 
texinfos                 9/12288         648/884736   ( 0.1%) 
texdata                  3/2048           96/65536    ( 0.1%) 
dispinfos                0/0               0/0        ( 0.0%) 
disp_verts               0/0               0/0        ( 0.0%) 
disp_tris                0/0               0/0        ( 0.0%) 
disp_lmsamples           0/0               0/0        ( 0.0%) 
faces                  214/65536       11984/3670016  ( 0.3%) 
hdr faces                0/65536           0/3670016  ( 0.0%) 
origfaces               18/65536        1008/3670016  ( 0.0%) 
leaves                 124/65536        3968/2097152  ( 0.2%) 
leaffaces              215/65536         430/131072   ( 0.3%) 
leafbrushes             21/65536          42/131072   ( 0.0%) 
areas                    2/256            16/2048     ( 0.8%) 
surfedges              960/512000       3840/2048000  ( 0.2%) 
edges                  481/256000       1924/1024000  ( 0.2%) 
LDR worldlights          0/8192            0/720896   ( 0.0%) 
HDR worldlights          0/8192            0/720896   ( 0.0%) 
leafwaterdata            0/32768           0/393216   ( 0.0%) 
waterstrips              0/32768           0/327680   ( 0.0%) 
waterverts               0/65536           0/786432   ( 0.0%) 
waterindices             0/65536           0/131072   ( 0.0%) 
cubemapsamples           0/1024            0/16384    ( 0.0%) 
overlays                 0/512             0/180224   ( 0.0%) 
LDR lightdata         [variable]      406720/0        ( 0.0%) 
HDR lightdata         [variable]           0/0        ( 0.0%) 
visdata               [variable]           0/16777216 ( 0.0%) 
entdata               [variable]         444/393216   ( 0.1%) 
LDR ambient table      124/65536         496/262144   ( 0.2%) 
HDR ambient table      124/65536         496/262144   ( 0.2%) 
LDR leaf ambient        93/65536        2604/1835008  ( 0.1%) 
HDR leaf ambient       124/65536        3472/1835008  ( 0.2%) 
occluders                0/0               0/0        ( 0.0%) 
occluder polygons        0/0               0/0        ( 0.0%) 
occluder vert ind        0/0               0/0        ( 0.0%) 
detail props          [variable]           1/12       ( 8.3%) 
static props          [variable]           1/12       ( 8.3%) 
pakfile               [variable]      106202/0        ( 0.0%) 
physics               [variable]        1385/4194304  ( 0.0%) 
physics terrain       [variable]           2/1048576  ( 0.0%) 

Level flags = 0

Total triangle count: 460
Writing c:\program files (x86)\steam\steamapps\sourcemods\half-life-3\bin\blank_map.bsp
0 seconds elapsed



materialPath: C:\Program Files (x86)\Steam\SteamApps\sourcemods\hl3 - dev\Half-Life-3\materials
Loading C:\Program Files (x86)\Steam\SteamApps\sourcemods\hl3 - dev\Half-Life-3\bin\blank_map.vmf
ConVarRef mat_reduceparticles doesn't point to an existing ConVar
Could not locate 'GameData' key in c:\program files (x86)\steam\steamapps\sourcemods\hl3 - dev\half-life-3\gameinfo.txt
fixing up env_cubemap materials on brush sides...
0...1...2...3...4...5...6...7...8...9...10**** leaked ****
Processing areas...done (0)
Building Faces...done (0)
FixTjuncs...
PruneNodes...
WriteBSP...
done (0)
Creating default LDR cubemaps for env_cubemap using skybox materials:
   skybox/sky_day01_01*.vmt
 ! Run buildcubemaps in the engine to get the correct cube maps.
Creating default HDR cubemaps for env_cubemap using skybox materials:
   skybox/sky_day01_01*.vmt
 ! Run buildcubemaps in the engine to get the correct cube maps.
Finding displacement neighbors...
Finding lightmap sample positions...
Displacement Alpha : 0...1...2...3...4...5...6...7...8...9...10
Building Physics collision data...
done (0) (3558 bytes)
Placing detail props : 0...1...2...3...4...5...6...7...8...9...10
Compacting texture/material tables...
Reduced 18 texinfos to 17
Reduced 5 texdatas to 4 (132 bytes to 91)
Writing C:\Program Files (x86)\Steam\SteamApps\sourcemods\hl3 - dev\Half-Life-3\bin\blank_map.bsp
0 seconds elapsed



4 threads
reading c:\program files (x86)\steam\steamapps\sourcemods\hl3 - dev\half-life-3\bin\blank_map.bsp
reading c:\program files (x86)\steam\steamapps\sourcemods\hl3 - dev\half-life-3\bin\blank_map.prt
LoadPortals: couldn't read c:\program files (x86)\steam\steamapps\sourcemods\hl3 - dev\half-life-3\bin\blank_map.prt



[Reading texlights from 'lights.rad']
[48 texlights parsed from 'lights.rad']

Loading c:\program files (x86)\steam\steamapps\sourcemods\hl3 - dev\half-life-3\bin\blank_map.bsp
No vis information, direct lighting only.
128 faces
167586 square feet [24132384.00 square inches]
0 Displacements
0 Square Feet [0.00 Square Inches]
0 direct lights
0...1...2...3...4...5...6...7...8...9...10Build Patch/Sample Hash Table(s).....Done<0.0004 sec>
0...1...2...3...4...5...6...7...8...9...10FinalLightFace Done
0 of 0 (0% of) surface lights went in leaf ambient cubes.
0...1...2...3...4...5...6...7...8...9...10Writing leaf ambient...done
Ready to Finish

Object names       Objects/Maxobjs  Memory / Maxmem  Fullness 
------------       ---------------  ---------------  -------- 
models                   1/1024           48/49152    ( 0.1%) 
brushes                  9/8192          108/98304    ( 0.1%) 
brushsides              57/65536         456/524288   ( 0.1%) 
planes                  68/65536        1360/1310720  ( 0.1%) 
vertexes               167/65536        2004/786432   ( 0.3%) 
nodes                  136/65536        4352/2097152  ( 0.2%) 
texinfos                17/12288        1224/884736   ( 0.1%) 
texdata                  4/2048          128/65536    ( 0.2%) 
dispinfos                0/0               0/0        ( 0.0%) 
disp_verts               0/0               0/0        ( 0.0%) 
disp_tris                0/0               0/0        ( 0.0%) 
disp_lmsamples           0/0               0/0        ( 0.0%) 
faces                  128/65536        7168/3670016  ( 0.2%) 
hdr faces                0/65536           0/3670016  ( 0.0%) 
origfaces               42/65536        2352/3670016  ( 0.1%) 
leaves                 138/65536        4416/2097152  ( 0.2%) 
leaffaces              139/65536         278/131072   ( 0.2%) 
leafbrushes             42/65536          84/131072   ( 0.1%) 
areas                    1/256             8/2048     ( 0.4%) 
surfedges              740/512000       2960/2048000  ( 0.1%) 
edges                  389/256000       1556/1024000  ( 0.2%) 
LDR worldlights          0/8192            0/720896   ( 0.0%) 
HDR worldlights          0/8192            0/720896   ( 0.0%) 
leafwaterdata            0/32768           0/393216   ( 0.0%) 
waterstrips              2/32768          20/327680   ( 0.0%) 
waterverts               0/65536           0/786432   ( 0.0%) 
waterindices            42/65536          84/131072   ( 0.1%) 
cubemapsamples           0/1024            0/16384    ( 0.0%) 
overlays                 0/512             0/180224   ( 0.0%) 
LDR lightdata         [variable]       40316/0        ( 0.0%) 
HDR lightdata         [variable]           0/0        ( 0.0%) 
visdata               [variable]           0/16777216 ( 0.0%) 
entdata               [variable]         237/393216   ( 0.1%) 
LDR ambient table      138/65536         552/262144   ( 0.2%) 
HDR ambient table      138/65536         552/262144   ( 0.2%) 
LDR leaf ambient       135/65536        3780/1835008  ( 0.2%) 
HDR leaf ambient       138/65536        3864/1835008  ( 0.2%) 
occluders                0/0               0/0        ( 0.0%) 
occluder polygons        0/0               0/0        ( 0.0%) 
occluder vert ind        0/0               0/0        ( 0.0%) 
detail props          [variable]           1/12       ( 8.3%) 
static props          [variable]           1/12       ( 8.3%) 
pakfile               [variable]      211554/0        ( 0.0%) 
physics               [variable]        3558/4194304  ( 0.1%) 
physics terrain       [variable]           2/1048576  ( 0.0%) 

Level flags = 0

Total triangle count: 314
Writing c:\program files (x86)\steam\steamapps\sourcemods\hl3 - dev\half-life-3\bin\blank_map.bsp
0 seconds elapsed



materialPath: C:\Program Files (x86)\Steam\SteamApps\sourcemods\hl3 - dev\Half-Life-3\materials
Loading C:\Program Files (x86)\Steam\SteamApps\sourcemods\hl3 - dev\Half-Life-3\bin\blank_map.vmf
ConVarRef mat_reduceparticles doesn't point to an existing ConVar
Could not locate 'GameData' key in c:\program files (x86)\steam\steamapps\sourcemods\hl3 - dev\half-life-3\gameinfo.txt
fixing up env_cubemap materials on brush sides...
0...1...2...3...4...5...6...7...8...9...10**** leaked ****
Entity info_player_start (93.12 0.26 1.00) leaked!
Processing areas...done (0)
Building Faces...done (0)
FixTjuncs...
PruneNodes...
WriteBSP...
done (0)
Creating default LDR cubemaps for env_cubemap using skybox materials:
   skybox/sky_day01_01*.vmt
 ! Run buildcubemaps in the engine to get the correct cube maps.
Creating default HDR cubemaps for env_cubemap using skybox materials:
   skybox/sky_day01_01*.vmt
 ! Run buildcubemaps in the engine to get the correct cube maps.
Finding displacement neighbors...
Finding lightmap sample positions...
Displacement Alpha : 0...1...2...3...4...5...6...7...8...9...10
Building Physics collision data...
done (0) (3930 bytes)
Placing detail props : 0...1...2...3...4...5...6...7...8...9...10
Compacting texture/material tables...
Reduced 21 texinfos to 20
Reduced 6 texdatas to 5 (156 bytes to 115)
Writing C:\Program Files (x86)\Steam\SteamApps\sourcemods\hl3 - dev\Half-Life-3\bin\blank_map.bsp
0 seconds elapsed



4 threads
reading c:\program files (x86)\steam\steamapps\sourcemods\hl3 - dev\half-life-3\bin\blank_map.bsp
reading c:\program files (x86)\steam\steamapps\sourcemods\hl3 - dev\half-life-3\bin\blank_map.prt
LoadPortals: couldn't read c:\program files (x86)\steam\steamapps\sourcemods\hl3 - dev\half-life-3\bin\blank_map.prt



[Reading texlights from 'lights.rad']
[48 texlights parsed from 'lights.rad']

Loading c:\program files (x86)\steam\steamapps\sourcemods\hl3 - dev\half-life-3\bin\blank_map.bsp
No vis information, direct lighting only.
163 faces
170883 square feet [24607262.00 square inches]
0 Displacements
0 Square Feet [0.00 Square Inches]
0 direct lights
0...1...2...3...4...5...6...7...8...9...10Build Patch/Sample Hash Table(s).....Done<0.0004 sec>
0...1...2...3...4...5...6...7...8...9...10FinalLightFace Done
0 of 0 (0% of) surface lights went in leaf ambient cubes.
0...1...2...3...4...5...6...7...8...9...10Writing leaf ambient...done
Ready to Finish

Object names       Objects/Maxobjs  Memory / Maxmem  Fullness 
------------       ---------------  ---------------  -------- 
models                   1/1024           48/49152    ( 0.1%) 
brushes                 10/8192          120/98304    ( 0.1%) 
brushsides              63/65536         504/524288   ( 0.1%) 
planes                  70/65536        1400/1310720  ( 0.1%) 
vertexes               202/65536        2424/786432   ( 0.3%) 
nodes                  164/65536        5248/2097152  ( 0.3%) 
texinfos                20/12288        1440/884736   ( 0.2%) 
texdata                  5/2048          160/65536    ( 0.2%) 
dispinfos                0/0               0/0        ( 0.0%) 
disp_verts               0/0               0/0        ( 0.0%) 
disp_tris                0/0               0/0        ( 0.0%) 
disp_lmsamples           0/0               0/0        ( 0.0%) 
faces                  163/65536        9128/3670016  ( 0.2%) 
hdr faces                0/65536           0/3670016  ( 0.0%) 
origfaces               48/65536        2688/3670016  ( 0.1%) 
leaves                 166/65536        5312/2097152  ( 0.3%) 
leaffaces              167/65536         334/131072   ( 0.3%) 
leafbrushes             54/65536         108/131072   ( 0.1%) 
areas                    2/256            16/2048     ( 0.8%) 
surfedges              919/512000       3676/2048000  ( 0.2%) 
edges                  492/256000       1968/1024000  ( 0.2%) 
LDR worldlights          0/8192            0/720896   ( 0.0%) 
HDR worldlights          0/8192            0/720896   ( 0.0%) 
leafwaterdata            0/32768           0/393216   ( 0.0%) 
waterstrips              1/32768          10/327680   ( 0.0%) 
waterverts               0/65536           0/786432   ( 0.0%) 
waterindices            24/65536          48/131072   ( 0.0%) 
cubemapsamples           0/1024            0/16384    ( 0.0%) 
overlays                 0/512             0/180224   ( 0.0%) 
LDR lightdata         [variable]       38344/0        ( 0.0%) 
HDR lightdata         [variable]           0/0        ( 0.0%) 
visdata               [variable]           0/16777216 ( 0.0%) 
entdata               [variable]         344/393216   ( 0.1%) 
LDR ambient table      166/65536         664/262144   ( 0.3%) 
HDR ambient table      166/65536         664/262144   ( 0.3%) 
LDR leaf ambient       159/65536        4452/1835008  ( 0.2%) 
HDR leaf ambient       166/65536        4648/1835008  ( 0.3%) 
occluders                0/0               0/0        ( 0.0%) 
occluder polygons        0/0               0/0        ( 0.0%) 
occluder vert ind        0/0               0/0        ( 0.0%) 
detail props          [variable]           1/12       ( 8.3%) 
static props          [variable]           1/12       ( 8.3%) 
pakfile               [variable]      211554/0        ( 0.0%) 
physics               [variable]        3930/4194304  ( 0.1%) 
physics terrain       [variable]           2/1048576  ( 0.0%) 

Level flags = 0

Total triangle count: 399
Writing c:\program files (x86)\steam\steamapps\sourcemods\hl3 - dev\half-life-3\bin\blank_map.bsp
0 seconds elapsed
