PRT1
52
143
4 0 5 (2048 2048 -64 ) (2048 2048 0 ) (2048 2101.468262 0 ) (2048 2101.468262 -64 ) 
4 0 4 (2048 2101.468262 0 ) (2048 2162.909424 0 ) (2048 2162.909424 -64 ) (2048 2101.468262 -64 ) 
4 0 3 (2048 2162.909424 0 ) (2048 2400 0 ) (2048 2400 -64 ) (2048 2162.909424 -64 ) 
4 0 2 (2048 2048 0 ) (2048 2048 2047 ) (2048 2400 2047 ) (2048 2400 0 ) 
4 0 7 (2048 2048 -512 ) (2048 2048 -64 ) (2048 2400 -64 ) (2048 2400 -512 ) 
4 0 1 (3008 2048 2047 ) (2048 2048 2047 ) (2048 2048 -512 ) (3008 2048 -512 ) 
4 1 24 (3008 1024 2047 ) (2048 1024 2047 ) (2048 1024 -512 ) (3008 1024 -512 ) 
4 1 17 (2048 1024 -512 ) (2048 1024 -64 ) (2048 2048 -64 ) (2048 2048 -512 ) 
4 1 15 (2048 1696 0 ) (2048 1798.107300 0 ) (2048 1798.100586 -64 ) (2048 1696 -64 ) 
4 1 13 (2048 1798.107300 0 ) (2048 2048 0 ) (2048 2048 -64 ) (2048 1798.100586 -64 ) 
4 1 12 (2048 1024 0 ) (2048 1024 2047 ) (2048 2048 2047 ) (2048 2048 0 ) 
4 2 12 (2048 2048 0 ) (2048 2048 2047 ) (1024 2048 2047 ) (1024 2048 0 ) 
4 2 8 (1024 2048 0 ) (1024 2048 2047 ) (1024 2400 2047 ) (1024 2400 0 ) 
3 2 6 (1911.610962 2048 0 ) (1875.357178 2048 0 ) (1836.959595 2084.020264 0 ) 
4 2 5 (2048 2048 0 ) (1911.610962 2048 0 ) (1694 2153 0 ) (2048 2101.468262 0 ) 
3 2 4 (1535.997925 2176 0 ) (2048 2162.909424 0 ) (2048 2101.468262 0 ) 
4 2 3 (1024 2189.091064 0 ) (1024 2400 0 ) (2048 2400 0 ) (2048 2162.909424 0 ) 
4 3 9 (1024 2189.091064 0 ) (1024 2400 0 ) (1024 2400 -64 ) (1024 2189.091064 -64 ) 
4 3 4 (1535.996948 2176 -64 ) (2048 2162.909424 -64 ) (2048 2162.909424 0 ) (1535.996826 2176 0 ) 
4 3 7 (1024 2189.091064 -64 ) (1024 2400 -64 ) (2048 2400 -64 ) (2048 2162.909424 -64 ) 
4 4 5 (1694 2153 -64 ) (2048 2101.468262 -64 ) (2048 2101.468018 0 ) (1694 2153 0 ) 
3 4 7 (1535.997925 2176 -64 ) (2048 2162.909424 -64 ) (2048 2101.468262 -64 ) 
4 5 14 (1911.871216 2048 0 ) (1911.610962 2048 0 ) (1911.610962 2048 -64 ) (1911.867554 2048 -64 ) 
4 5 13 (2048 2048 -64 ) (2048 2048 0 ) (1911.871216 2048 0 ) (1911.867554 2048 -64 ) 
4 5 6 (1836.998047 2084.001709 -64 ) (1911.610840 2048 -64 ) (1911.611938 2048 0 ) (1836.959595 2084.020508 0 ) 
4 5 7 (1694 2153 -64 ) (2048 2101.468262 -64 ) (2048 2048 -64 ) (1911.610962 2048 -64 ) 
4 6 14 (1911.610962 2048 0 ) (1875.357178 2048 0 ) (1875.375732 2048 -64 ) (1911.610962 2048 -64 ) 
3 6 7 (1836.997803 2084.001709 -64 ) (1911.610962 2048 -64 ) (1875.375732 2048 -64 ) 
4 7 17 (2048 2048 -512 ) (2048 2048 -64 ) (1024 2048 -64 ) (1024 2048 -512 ) 
4 7 10 (1024 2400 -512 ) (1024 2048 -512 ) (1024 2048 -64 ) (1024 2400 -64 ) 
4 8 18 (1024 2048 0 ) (1024 2048 2047 ) (832 2048 2047 ) (832 2048 0 ) 
4 8 9 (832 2194 0 ) (832 2400 0 ) (1024 2400 0 ) (1024 2189.091064 0 ) 
4 8 11 (832 2400 2047 ) (832 2400 0 ) (832 2048 0 ) (832 2048 2047 ) 
4 9 11 (832 2400 0 ) (832 2400 -64 ) (832 2194 -64 ) (832 2194 0 ) 
4 9 10 (832 2194 -64 ) (832 2400 -64 ) (1024 2400 -64 ) (1024 2189.091064 -64 ) 
4 10 21 (832 2048 -512 ) (1024 2048 -512 ) (1024 2048 -64 ) (832 2048 -64 ) 
4 10 11 (832 2400 -64 ) (832 2400 -512 ) (832 2048 -512 ) (832 2048 -64 ) 
4 11 22 (0 2048 -512 ) (0 2048 2047 ) (0 2400 2047 ) (0 2400 -512 ) 
4 11 21 (0 2048 -64 ) (0 2048 -512 ) (832 2048 -512 ) (832 2048 -64 ) 
4 11 20 (0 2048 0 ) (0 2048 -64 ) (832 2048 -64 ) (832 2048 0 ) 
4 11 18 (0 2048 2047 ) (0 2048 0 ) (832 2048 0 ) (832 2048 2047 ) 
4 12 26 (2048 1024 0 ) (2048 1024 2047 ) (1024 1024 2047 ) (1024 1024 0 ) 
4 12 18 (1024 2048 2047 ) (1024 2048 0 ) (1024 1024 0 ) (1024 1024 2047 ) 
6 12 16 (1536 1024 0 ) (1024 1024 0 ) (1024 1899.796387 0 ) (1284.158203 1845.026245 0 ) (1444.571289 1668.571899 0 ) (1536 1440 0 ) 
3 12 15 (2023 1844 0 ) (2048 1798.107300 0 ) (2048 1696 0 ) 
3 12 14 (1875.357300 2048 0 ) (1911.871216 2048 0 ) (1950.031128 1977.949463 0 ) 
3 12 13 (1911.871216 2048 0 ) (2048 2048 0 ) (2048 1798.107300 0 ) 
3 13 17 (1911.867676 2048 -64 ) (2048 2048 -64 ) (2048 1798.100586 -64 ) 
4 13 15 (2023.001587 1843.990601 -64 ) (2048 1798.100708 -64 ) (2048 1798.103271 0 ) (2023 1843.994385 0 ) 
4 13 14 (1911.867676 2048 -64 ) (1950.004517 1977.991943 -64 ) (1950.026855 1977.953613 0 ) (1911.869141 2048 0 ) 
3 14 17 (1875.375854 2048 -64 ) (1911.867676 2048 -64 ) (1950.004517 1977.991943 -64 ) 
3 15 17 (2023.001587 1843.990479 -64 ) (2048 1798.100586 -64 ) (2048 1696 -64 ) 
4 16 30 (1536 1024 0 ) (1024 1024 0 ) (1024 1024 -64 ) (1536 1024 -64 ) 
4 16 19 (1024 1899.796387 -64 ) (1024 1024 -64 ) (1024 1024 0 ) (1024 1899.796387 0 ) 
6 16 17 (1536 1440 -64 ) (1536 1024 -64 ) (1024 1024 -64 ) (1024 1899.796387 -64 ) (1284.158203 1845.026245 -64 ) (1444.571289 1668.571899 -64 ) 
4 17 31 (2048 1024 -512 ) (2048 1024 -64 ) (1024 1024 -64 ) (1024 1024 -512 ) 
4 17 21 (1024 2048 -64 ) (1024 2048 -512 ) (1024 1024 -512 ) (1024 1024 -64 ) 
4 18 32 (1024 1024 0 ) (1024 1024 2047 ) (0 1024 2047 ) (0 1024 0 ) 
4 18 23 (0 1024 0 ) (0 1024 2047 ) (0 2048 2047 ) (0 2048 0 ) 
4 18 20 (0 1880.727295 0 ) (0 2048 0 ) (832 2048 0 ) (832 1902 0 ) 
5 18 19 (1024 1024 0 ) (0 1024 0 ) (0 1880.727295 0 ) (993.872131 1906.138916 0 ) (1024 1899.796143 0 ) 
4 19 33 (1024 1024 -64 ) (1024 1024 0 ) (0 1024 0 ) (0 1024 -64 ) 
4 19 23 (0 1024 -64 ) (0 1024 0 ) (0 1880.727295 0 ) (0 1880.727295 -64 ) 
5 19 21 (0 1024 -64 ) (0 1880.727295 -64 ) (993.872131 1906.138916 -64 ) (1024 1899.796143 -64 ) (1024 1024 -64 ) 
4 19 20 (832 1902 -64 ) (0 1880.727905 -64 ) (0 1880.727539 0 ) (832 1902 0 ) 
4 20 23 (0 1880.727295 0 ) (0 2048 0 ) (0 2048 -64 ) (0 1880.727295 -64 ) 
4 20 21 (0 1880.727295 -64 ) (0 2048 -64 ) (832 2048 -64 ) (832 1902 -64 ) 
4 21 35 (1024 1024 -512 ) (1024 1024 -64 ) (0 1024 -64 ) (0 1024 -512 ) 
4 21 23 (0 1024 -512 ) (0 1024 -64 ) (0 2048 -64 ) (0 2048 -512 ) 
4 22 23 (0 2048 -512 ) (0 2048 2047 ) (-192 2048 2047 ) (-192 2048 -512 ) 
4 23 46 (0 1024 -512 ) (0 1024 2047 ) (-192 1024 2047 ) (-192 1024 -512 ) 
4 24 31 (2048 1024 -64 ) (2048 1024 -512 ) (2048 0 -512 ) (2048 0 -64 ) 
4 24 28 (2048 352 -64 ) (2048 249.890320 -64 ) (2048 249.884979 0 ) (2048 352 0 ) 
4 24 27 (2048 249.890320 -64 ) (2048 0 -64 ) (2048 0 0 ) (2048 249.884979 0 ) 
4 24 26 (2048 1024 2047 ) (2048 1024 0 ) (2048 0 0 ) (2048 0 2047 ) 
4 24 25 (3008 0 2047 ) (2048 0 2047 ) (2048 0 -512 ) (3008 0 -512 ) 
4 25 41 (2048 -1024 -512 ) (2048 -1024 -64 ) (2048 0 -64 ) (2048 0 -512 ) 
4 25 39 (2048 -53.468346 0 ) (2048 0 0 ) (2048 0 -64 ) (2048 -53.468346 -64 ) 
4 25 38 (2048 -114.909119 0 ) (2048 -53.468346 0 ) (2048 -53.468346 -64 ) (2048 -114.909096 -64 ) 
4 25 37 (2048 -1024 -64 ) (2048 -1024 0 ) (2048 -114.909119 0 ) (2048 -114.909096 -64 ) 
4 25 36 (2048 -1024 0 ) (2048 -1024 2047 ) (2048 0 2047 ) (2048 0 0 ) 
4 26 36 (2048 0 0 ) (2048 0 2047 ) (1024 0 2047 ) (1024 0 0 ) 
4 26 32 (1024 1024 2047 ) (1024 1024 0 ) (1024 0 0 ) (1024 0 2047 ) 
6 26 30 (1024 148.210526 0 ) (1024 1024 0 ) (1536 1024 0 ) (1536 608 0 ) (1444.571289 379.428467 0 ) (1284.165649 202.982239 0 ) 
3 26 29 (1950.026123 70.042465 0 ) (1911.868652 0 0 ) (1875.358154 0 0 ) 
3 26 28 (2048 352 0 ) (2048 249.884949 0 ) (2022.998657 203.992142 0 ) 
3 26 27 (2048 249.884949 0 ) (2048 0 0 ) (1911.868652 0 0 ) 
4 27 39 (2048 0 -64 ) (2048 0 0 ) (1911.868652 0 0 ) (1911.865723 0 -64 ) 
3 27 31 (2048 0 -64 ) (1911.865723 0 -64 ) (2048 249.890320 -64 ) 
4 27 29 (1949.996582 69.996689 -64 ) (1911.864014 0 -64 ) (1911.866821 0 0 ) (1950.022217 70.038795 0 ) 
4 27 28 (2048 249.893494 -64 ) (2023 204.004364 -64 ) (2023 203.996872 0 ) (2048 249.888306 0 ) 
3 28 31 (2048 352 -64 ) (2048 249.890320 -64 ) (2023 204 -64 ) 
4 29 40 (1911.608643 0 0 ) (1875.358154 0 0 ) (1875.377441 0 -64 ) (1911.608643 0 -64 ) 
4 29 39 (1911.868652 0 0 ) (1911.608643 0 0 ) (1911.608643 0 -64 ) (1911.865723 0 -64 ) 
3 29 31 (1911.865723 0 -64 ) (1875.377441 0 -64 ) (1950 70 -64 ) 
4 30 34 (1024 512 -64 ) (1024 148.210510 -64 ) (1024 148.210526 0 ) (1024 512 0 ) 
4 30 33 (1024 1024 0 ) (1024 1024 -64 ) (1024 512 -64 ) (1024 512 0 ) 
6 30 31 (1024 148.210526 -64 ) (1024 1024 -64 ) (1536 1024 -64 ) (1536 608 -64 ) (1444.571289 379.428467 -64 ) (1284.165649 202.982239 -64 ) 
4 31 41 (2048 0 -512 ) (2048 0 -64 ) (1024 0 -64 ) (1024 0 -512 ) 
4 31 35 (1024 1024 -64 ) (1024 1024 -512 ) (1024 0 -512 ) (1024 0 -64 ) 
4 32 47 (0 512 0 ) (0 0 0 ) (0 0 2047 ) (0 512 2047 ) 
4 32 46 (0 1024 2047 ) (0 1024 0 ) (0 512 0 ) (0 512 2047 ) 
4 32 42 (1024 0 0 ) (1024 0 2047 ) (0 0 2047 ) (0 0 0 ) 
5 32 34 (192 512 0 ) (1024 512 0 ) (1024 148.210541 0 ) (993.844177 141.861954 0 ) (832 146 0 ) 
4 32 33 (0 512 0 ) (0 1024 0 ) (1024 1024 0 ) (1024 512 0 ) 
4 33 46 (0 1024 0 ) (0 1024 -64 ) (0 512 -64 ) (0 512 0 ) 
4 33 35 (0 1024 -64 ) (1024 1024 -64 ) (1024 512 -64 ) (0 512 -64 ) 
4 33 34 (192.001816 512 -64 ) (1024 512 -64 ) (1024 512 0 ) (192 512 0 ) 
5 34 35 (1024 512 -64 ) (1024 148.210541 -64 ) (993.844177 141.861954 -64 ) (832.001831 146 -64 ) (192.001816 512 -64 ) 
4 35 48 (0 512 -512 ) (0 0 -512 ) (0 0 -64 ) (0 512 -64 ) 
4 35 46 (0 1024 -64 ) (0 1024 -512 ) (0 512 -512 ) (0 512 -64 ) 
4 35 45 (1024 0 -512 ) (1024 0 -64 ) (0 0 -64 ) (0 0 -512 ) 
4 36 42 (1024 0 2047 ) (1024 0 0 ) (1024 -1024 0 ) (1024 -1024 2047 ) 
3 36 40 (1875.358276 0 0 ) (1911.608643 0 0 ) (1836.960693 -36.018970 0 ) 
4 36 39 (1911.608643 0 0 ) (2048 0 0 ) (2048 -53.468346 0 ) (1694 -105 0 ) 
3 36 38 (2048 -53.468346 0 ) (2048 -114.909096 0 ) (1536 -128 0 ) 
4 36 37 (1024 -1024 0 ) (1024 -141.090942 0 ) (2048 -114.909096 0 ) (2048 -1024 0 ) 
4 37 43 (1024 -141.090912 -64 ) (1024 -512 -64 ) (1024 -512 0 ) (1024 -141.090942 0 ) 
4 37 44 (1024 -512 -64 ) (1024 -1024 -64 ) (1024 -1024 0 ) (1024 -512 0 ) 
4 37 41 (2048 -1024 -64 ) (1024 -1024 -64 ) (1024 -141.090942 -64 ) (2048 -114.909096 -64 ) 
4 37 38 (2048 -114.908936 -64 ) (1536.001221 -128 -64 ) (1536 -128 0 ) (2048 -114.909119 0 ) 
3 38 41 (2048 -53.468346 -64 ) (2048 -114.909096 -64 ) (1536 -128 -64 ) 
4 38 39 (2048 -53.467686 -64 ) (1694 -105 -64 ) (1694 -105 0 ) (2048 -53.468292 0 ) 
4 39 41 (1911.608643 0 -64 ) (2048 0 -64 ) (2048 -53.468346 -64 ) (1694 -105 -64 ) 
4 39 40 (1911.611084 0 -64 ) (1836.997192 -36.002769 -64 ) (1836.956421 -36.022964 0 ) (1911.612671 0 0 ) 
3 40 41 (1875.377441 0 -64 ) (1911.608643 0 -64 ) (1837 -36 -64 ) 
4 41 45 (1024 0 -64 ) (1024 0 -512 ) (1024 -1024 -512 ) (1024 -1024 -64 ) 
4 42 49 (0 -512 2047 ) (0 0 2047 ) (0 0 0 ) (0 -512 0 ) 
4 42 51 (0 -1024 0 ) (0 -1024 2047 ) (0 -512 2047 ) (0 -512 0 ) 
4 42 43 (832 -146 0 ) (1024 -141.090912 0 ) (1024 -512 0 ) (192 -512 0 ) 
4 42 44 (1024 -1024 0 ) (0 -1024 0 ) (0 -512 0 ) (1024 -512 0 ) 
4 43 45 (1024 -141.090912 -64 ) (1024 -512 -64 ) (192 -512 -64 ) (832 -146 -64 ) 
4 43 44 (192 -512 -64 ) (1024 -512 -64 ) (1024 -512 0 ) (192 -512 0 ) 
4 44 51 (0 -1024 -64 ) (0 -1024 0 ) (0 -512 0 ) (0 -512 -64 ) 
4 44 45 (1024 -512 -64 ) (1024 -1024 -64 ) (0 -1024 -64 ) (0 -512 -64 ) 
4 45 50 (0 -512 -64 ) (0 0 -64 ) (0 0 -512 ) (0 -512 -512 ) 
4 45 51 (0 -1024 -512 ) (0 -1024 -64 ) (0 -512 -64 ) (0 -512 -512 ) 
4 46 47 (-192 512 2047 ) (-192 512 0 ) (0 512 0 ) (0 512 2047 ) 
4 46 48 (-192 512 -64 ) (-192 512 -512 ) (0 512 -512 ) (0 512 -64 ) 
4 47 49 (0 0 0 ) (0 0 2047 ) (-192 0 2047 ) (-192 0 0 ) 
4 48 50 (0 0 -512 ) (0 0 -64 ) (-192 0 -64 ) (-192 0 -512 ) 
4 49 51 (-192 -512 2047 ) (-192 -512 0 ) (0 -512 0 ) (0 -512 2047 ) 
4 50 51 (-192 -512 -64 ) (-192 -512 -512 ) (0 -512 -512 ) (0 -512 -64 ) 
