PRT1
331
975
4 0 6 (2560 1024 -512 ) (2574 1024 -512 ) (2574 1024 -511 ) (2560 1024 -511 ) 
4 0 5 (2574 1024 -511 ) (2574 1024 1024 ) (2560 1024 1024 ) (2560 1024 -511 ) 
5 0 2 (2560 1474.621826 1024 ) (2560 1536 -321.109497 ) (2560 1536 -511 ) (2560 1024 -511 ) (2560 1024 1024 ) 
3 0 1 (2560 1536 -321.109497 ) (2560 1544.710449 -512 ) (2560 1536 -512 ) 
3 1 3 (2048 1536 -321.082764 ) (2048 1544.711670 -512 ) (2048 1536 -512 ) 
4 1 2 (2560 1536 -511 ) (2560 1536 -321.082031 ) (2048 1536 -321.081329 ) (2048 1536 -511 ) 
4 2 5 (2048 1024 1024 ) (2048 1024 -511 ) (2560 1024 -511 ) (2560 1024 1024 ) 
5 2 4 (2048 1024 -511 ) (2048 1024 1024 ) (2048 1474.623047 1024 ) (2048 1536 -321.082764 ) (2048 1536 -511 ) 
3 3 53 (1024 1536 -321.082764 ) (1024 1544.711670 -512 ) (1024 1536 -512 ) 
4 3 4 (2048 1536 -511 ) (2048 1536 -321.078918 ) (1024 1536 -321.077545 ) (1024 1536 -511 ) 
5 4 54 (1024 1024 -511 ) (1024 1024 1024 ) (1024 1474.623047 1024 ) (1024 1536 -321.082764 ) (1024 1536 -511 ) 
4 4 16 (2048 1024 -511 ) (2048 1024 541.247986 ) (1024 1024 541.247986 ) (1024 1024 -511 ) 
4 4 13 (1836 1024 788.379089 ) (1516 1024 788.379089 ) (1516 1024 541.247986 ) (1836 1024 541.247986 ) 
4 4 12 (2048 1024 541.247986 ) (2048 1024 788.379089 ) (1836 1024 788.379089 ) (1836 1024 541.247986 ) 
4 4 15 (1516 1024 788.379089 ) (1024 1024 788.379089 ) (1024 1024 541.247986 ) (1516 1024 541.247986 ) 
4 4 8 (1836 1024 1024 ) (1516 1024 1024 ) (1516 1024 788.379089 ) (1836 1024 788.379089 ) 
4 4 7 (2048 1024 788.379089 ) (2048 1024 1024 ) (1836 1024 1024 ) (1836 1024 788.379089 ) 
4 4 11 (1516 1024 1024 ) (1024 1024 1024 ) (1024 1024 788.379089 ) (1516 1024 788.379089 ) 
4 5 124 (2574 0 -511 ) (2574 0 1024 ) (2048 0 1024 ) (2048 0 -511 ) 
4 5 52 (2048 646 -511 ) (2048 0 -511 ) (2048 0 788.379089 ) (2048 646 788.379089 ) 
4 5 51 (2048 678 -511 ) (2048 646 -511 ) (2048 646 537.588013 ) (2048 678 537.588013 ) 
4 5 43 (2048 646 537.588013 ) (2048 646 788.379089 ) (2048 678 788.379089 ) (2048 678 537.588013 ) 
4 5 17 (2048 902 -511 ) (2048 678 -511 ) (2048 678 788.379089 ) (2048 902 788.379089 ) 
4 5 16 (2048 1024 541.247986 ) (2048 1024 -511 ) (2048 902 -511 ) (2048 902 541.247986 ) 
4 5 12 (2048 1024 788.379089 ) (2048 1024 541.247986 ) (2048 902 541.247986 ) (2048 902 788.379089 ) 
4 5 7 (2048 1024 1024 ) (2048 1024 788.379089 ) (2048 0 788.379089 ) (2048 0 1024 ) 
4 5 6 (2560 1024 -511 ) (2574 1024 -511 ) (2574 0 -511 ) (2560 0 -511 ) 
4 6 125 (2574 0 -512 ) (2574 0 -511 ) (2560 0 -511 ) (2560 0 -512 ) 
4 7 126 (2048 0 788.379089 ) (2048 0 1024 ) (1836 0 1024 ) (1836 0 788.379089 ) 
4 7 52 (2048 646 788.379089 ) (2048 0 788.379089 ) (1836 0 788.379089 ) (1836 646 788.379089 ) 
4 7 43 (2048 678 788.379089 ) (2048 646 788.379089 ) (1836 646 788.379089 ) (1836 678 788.379089 ) 
4 7 17 (2048 902 788.379089 ) (2048 678 788.379089 ) (1836 678 788.379089 ) (1836 902 788.379089 ) 
4 7 12 (2048 1024 788.379089 ) (2048 902 788.379089 ) (1836 902 788.379089 ) (1836 1024 788.379089 ) 
4 7 9 (1836 646 813 ) (1836 646 1024 ) (1836 934 1024 ) (1836 934 813 ) 
4 7 8 (1836 1024 788.379089 ) (1836 934 788.379089 ) (1836 934 1024 ) (1836 1024 1024 ) 
4 7 10 (1836 646 788.379089 ) (1836 0 788.379089 ) (1836 0 1024 ) (1836 646 1024 ) 
4 8 13 (1516 934 788.379089 ) (1516 1024 788.379089 ) (1836 1024 788.379089 ) (1836 934 788.379089 ) 
4 8 9 (1516 934 1024 ) (1516 934 813 ) (1836 934 813 ) (1836 934 1024 ) 
4 8 11 (1516 1024 788.379089 ) (1516 934 788.379089 ) (1516 934 1024 ) (1516 1024 1024 ) 
4 9 11 (1516 646 813 ) (1516 646 1024 ) (1516 934 1024 ) (1516 934 813 ) 
4 9 10 (1516 646 1024 ) (1516 646 813 ) (1836 646 813 ) (1836 646 1024 ) 
4 10 126 (1836 0 1024 ) (1516 0 1024 ) (1516 0 788.379089 ) (1836 0 788.379089 ) 
4 10 52 (1836 0 788.379089 ) (1516 0 788.379089 ) (1516 646 788.379089 ) (1836 646 788.379089 ) 
4 10 11 (1516 646 788.379089 ) (1516 0 788.379089 ) (1516 0 1024 ) (1516 646 1024 ) 
4 11 126 (1516 0 1024 ) (1024 0 1024 ) (1024 0 788.379089 ) (1516 0 788.379089 ) 
4 11 60 (1024 0 788.379089 ) (1024 0 1024 ) (1024 1024 1024 ) (1024 1024 788.379089 ) 
4 11 52 (1516 0 788.379089 ) (1024 0 788.379089 ) (1024 646 788.379089 ) (1516 646 788.379089 ) 
4 11 50 (1024 646 788.379089 ) (1024 678 788.379089 ) (1516 678 788.379089 ) (1516 646 788.379089 ) 
4 11 40 (1024 678 788.379089 ) (1024 902 788.379089 ) (1516 902 788.379089 ) (1516 678 788.379089 ) 
4 11 15 (1024 902 788.379089 ) (1024 1024 788.379089 ) (1516 1024 788.379089 ) (1516 902 788.379089 ) 
4 12 17 (2048 902 541.247986 ) (2048 902 788.379089 ) (1836 902 788.379089 ) (1836 902 541.247986 ) 
4 12 16 (2048 902 541.247986 ) (1836 902 541.247986 ) (1836 1024 541.247986 ) (2048 1024 541.247986 ) 
4 12 14 (1836 902 787.857056 ) (1836 902 788.379089 ) (1836 934 788.379089 ) (1836 934 787.857056 ) 
4 12 13 (1836 1024 541.247986 ) (1836 934 541.247986 ) (1836 934 788.379089 ) (1836 1024 788.379089 ) 
4 13 16 (1516 934 541.247986 ) (1516 1024 541.247986 ) (1836 1024 541.247986 ) (1836 934 541.247986 ) 
4 13 14 (1516 934 788.379089 ) (1516 934 787.857056 ) (1836 934 787.857056 ) (1836 934 788.379089 ) 
4 13 15 (1516 1024 541.247986 ) (1516 934 541.247986 ) (1516 934 788.379089 ) (1516 1024 788.379089 ) 
4 14 34 (1518.510132 902 788.379089 ) (1517.510132 902 788.379089 ) (1517.510132 902 787.857056 ) (1518.510132 902 787.857056 ) 
4 14 33 (1640 902 788.379089 ) (1518.510132 902 788.379089 ) (1518.510132 902 787.857056 ) (1640 902 787.857056 ) 
4 14 35 (1517.510132 902 788.379089 ) (1516 902 788.379089 ) (1516 902 787.857056 ) (1517.510132 902 787.857056 ) 
4 14 31 (1644 902 788.379089 ) (1640 902 788.379089 ) (1640 902 788.111023 ) (1644 902 788.111023 ) 
4 14 24 (1708 902 788.379089 ) (1644 902 788.379089 ) (1644 902 787.857056 ) (1708 902 787.857056 ) 
4 14 21 (1740 902 788.379089 ) (1708 902 788.379089 ) (1708 902 787.857056 ) (1740 902 787.857056 ) 
4 14 19 (1804 902 788.379089 ) (1740 902 788.379089 ) (1740 902 787.857056 ) (1804 902 787.857056 ) 
4 14 15 (1516 902 787.857056 ) (1516 902 788.379089 ) (1516 934 788.379089 ) (1516 934 787.857056 ) 
4 15 65 (1024 902 541.247986 ) (1024 902 668 ) (1024 1024 668 ) (1024 1024 541.247986 ) 
4 15 61 (1024 902 668 ) (1024 902 692 ) (1024 1024 692 ) (1024 1024 668 ) 
4 15 60 (1024 902 692 ) (1024 902 788.379089 ) (1024 1024 788.379089 ) (1024 1024 692 ) 
4 15 41 (1024 902 542 ) (1024 902 541.247986 ) (1516 902 541.247986 ) (1516 902 542 ) 
4 15 40 (1516 902 788.379089 ) (1024 902 788.379089 ) (1024 902 542 ) (1516 902 542 ) 
4 15 16 (1516 902 541.247986 ) (1024 902 541.247986 ) (1024 1024 541.247986 ) (1516 1024 541.247986 ) 
4 16 93 (1024 902 -511 ) (1024 902 504 ) (1024 1024 504 ) (1024 1024 -511 ) 
4 16 65 (1024 902 504 ) (1024 902 541.247986 ) (1024 1024 541.247986 ) (1024 1024 504 ) 
4 16 42 (1024 902 541 ) (1024 902 -511 ) (1804 902 -511 ) (1804 902 541 ) 
4 16 41 (1516 902 541.247986 ) (1024 902 541.247986 ) (1024 902 541 ) (1516 902 541 ) 
4 16 18 (1836 902 541.247986 ) (1804 902 541.247986 ) (1804 902 -511 ) (1836 902 -511 ) 
4 16 17 (2048 902 -511 ) (2048 902 541.247986 ) (1836 902 541.247986 ) (1836 902 -511 ) 
4 17 51 (1836 678 537.588013 ) (1836 678 -511 ) (2048 678 -511 ) (2048 678 537.588013 ) 
4 17 43 (2048 678 788.379089 ) (1836 678 788.379089 ) (1836 678 537.588013 ) (2048 678 537.588013 ) 
4 17 18 (1836 902 541.247986 ) (1836 902 -511 ) (1836 678 -511 ) (1836 678 541.247986 ) 
4 18 51 (1804 678 537.588013 ) (1804 678 -511 ) (1836 678 -511 ) (1836 678 537.588013 ) 
4 18 42 (1804 902 541 ) (1804 902 -511 ) (1804 678 -511 ) (1804 678 541 ) 
4 19 21 (1740 902 788.379089 ) (1740 902 542 ) (1740 862 542 ) (1740 862 788.379089 ) 
4 19 20 (1740 791 681 ) (1740 791 542 ) (1804 791 542 ) (1804 791 681 ) 
4 20 23 (1740 790 542 ) (1804 790 542 ) (1804 790 677 ) (1740 790 677 ) 
4 21 26 (1708 902 677 ) (1708 902 542 ) (1708 862 542 ) (1708 862 677 ) 
4 21 24 (1708 902 788.379089 ) (1708 902 677 ) (1708 862 677 ) (1708 862 788.379089 ) 
4 22 25 (1708 678 681 ) (1708 678 788.379089 ) (1708 790 788.379089 ) (1708 790 681 ) 
4 23 44 (1708 678 676.495972 ) (1708 678 542 ) (1740 678 542 ) (1740 678 676.495972 ) 
4 23 27 (1708 790 542 ) (1708 678 542 ) (1708 678 677 ) (1708 790 677 ) 
4 24 31 (1644 902 788.379089 ) (1644 902 788.111023 ) (1644 814 788.111023 ) (1644 814 788.379089 ) 
4 24 28 (1644 814 677 ) (1644 902 677 ) (1684 902 677 ) (1684 814 677 ) 
4 24 26 (1684 902 677 ) (1708 902 677 ) (1708 814 677 ) (1684 814 677 ) 
4 24 25 (1644 814 788.379089 ) (1644 814 681 ) (1708 814 681 ) (1708 814 788.379089 ) 
4 25 31 (1644 790 788.379089 ) (1644 814 788.379089 ) (1644 814 788.111023 ) (1644 790 788.111023 ) 
4 25 32 (1644 678 681 ) (1644 678 788.379089 ) (1644 790 788.379089 ) (1644 790 681 ) 
4 26 28 (1684 902 542 ) (1684 794 542 ) (1684 794 677 ) (1684 902 677 ) 
4 27 44 (1684 678 542 ) (1708 678 542 ) (1708 678 676.495972 ) (1684 678 676.495972 ) 
4 27 30 (1684 790 542 ) (1684 678 542 ) (1684 678 677 ) (1684 790 677 ) 
4 28 29 (1684 794 542 ) (1684 794 625 ) (1644 794 625 ) (1644 794 542 ) 
4 29 30 (1684 790 542 ) (1684 790 625 ) (1644 790 625 ) (1644 790 542 ) 
4 30 44 (1644 678 676.495972 ) (1644 678 542 ) (1684 678 542 ) (1684 678 676.495972 ) 
4 30 36 (1644 790 542 ) (1644 678 542 ) (1644 678 677 ) (1644 790 677 ) 
4 31 33 (1640 902 788.379089 ) (1640 902 788.111023 ) (1640 790 788.111023 ) (1640 790 788.379089 ) 
4 31 32 (1640 790 788.379089 ) (1640 790 788.111023 ) (1644 790 788.111023 ) (1644 790 788.379089 ) 
4 32 33 (1640 790 681 ) (1640 678 681 ) (1640 678 788.379089 ) (1640 790 788.379089 ) 
4 33 34 (1518.510132 902 788.379089 ) (1518.510132 902 681 ) (1518.510132 678 681 ) (1518.510132 678 788.379089 ) 
4 34 35 (1517.510132 902 788.379089 ) (1517.510132 902 681 ) (1517.510132 678 681 ) (1517.510132 678 788.379089 ) 
4 35 40 (1516 902 788.379089 ) (1516 902 681 ) (1516 678 681 ) (1516 678 788.379089 ) 
4 36 44 (1640 678 542 ) (1644 678 542 ) (1644 678 676.495972 ) (1640 678 676.495972 ) 
4 36 37 (1640 790 542 ) (1640 678 542 ) (1640 678 677 ) (1640 790 677 ) 
4 37 44 (1612 678 542 ) (1640 678 542 ) (1640 678 676.495972 ) (1612 678 676.495972 ) 
4 37 38 (1518.949951 902 542 ) (1518.949951 678 542 ) (1518.949951 678 677 ) (1518.949951 902 677 ) 
4 38 39 (1517.949951 902 542 ) (1517.949951 678 542 ) (1517.949951 678 677 ) (1517.949951 902 677 ) 
4 39 40 (1516 902 677 ) (1516 902 542 ) (1516 678 542 ) (1516 678 677 ) 
4 40 65 (1024 678 542 ) (1024 678 668 ) (1024 902 668 ) (1024 902 542 ) 
4 40 61 (1024 678 668 ) (1024 678 692 ) (1024 902 692 ) (1024 902 668 ) 
4 40 60 (1024 678 692 ) (1024 678 788.379089 ) (1024 902 788.379089 ) (1024 902 692 ) 
4 40 50 (1516 678 788.379089 ) (1024 678 788.379089 ) (1024 678 542 ) (1516 678 542 ) 
4 40 41 (1024 902 542 ) (1516 902 542 ) (1516 678 542 ) (1024 678 542 ) 
4 41 65 (1024 678 541 ) (1024 678 542 ) (1024 902 542 ) (1024 902 541 ) 
4 41 50 (1024 678 542 ) (1024 678 541 ) (1516 678 541 ) (1516 678 542 ) 
4 41 42 (1024 902 541 ) (1516 902 541 ) (1516 678 541 ) (1024 678 541 ) 
4 42 93 (1024 678 -511 ) (1024 678 504 ) (1024 902 504 ) (1024 902 -511 ) 
4 42 65 (1024 678 504 ) (1024 678 541 ) (1024 902 541 ) (1024 902 504 ) 
4 42 51 (1024 678 537.588013 ) (1024 678 -511 ) (1804 678 -511 ) (1804 678 537.588013 ) 
4 42 49 (1516 678 537.588013 ) (1740 678 537.588013 ) (1740 678 541 ) (1516 678 541 ) 
4 42 50 (1024 678 541 ) (1024 678 537.588013 ) (1516 678 537.588013 ) (1516 678 541 ) 
4 43 52 (2048 646 537.588013 ) (2048 646 788.379089 ) (1836 646 788.379089 ) (1836 646 537.588013 ) 
4 43 51 (2048 646 537.588013 ) (1836 646 537.588013 ) (1836 678 537.588013 ) (2048 678 537.588013 ) 
4 44 45 (1612 662 676.495972 ) (1612 662 542 ) (1740 662 542 ) (1740 662 676.495972 ) 
4 45 46 (1612 655.524048 788.379089 ) (1612 655.524048 706.684998 ) (1740 655.524048 706.684998 ) (1740 655.524048 788.379089 ) 
4 45 47 (1612 655.524048 578.684998 ) (1612 655.524048 542 ) (1740 655.524048 542 ) (1740 655.524048 578.684998 ) 
4 46 48 (1612 654.524048 788.379089 ) (1612 654.524048 706.684998 ) (1740 654.524048 706.684998 ) (1740 654.524048 788.379089 ) 
4 47 48 (1612 654.524048 578.684998 ) (1612 654.524048 542 ) (1740 654.524048 542 ) (1740 654.524048 578.684998 ) 
4 48 52 (1740 646 788.379089 ) (1612 646 788.379089 ) (1612 646 542 ) (1740 646 542 ) 
4 49 52 (1516 646 541 ) (1516 646 537.588013 ) (1740 646 537.588013 ) (1740 646 541 ) 
4 49 51 (1740 646 537.588013 ) (1516 646 537.588013 ) (1516 678 537.588013 ) (1740 678 537.588013 ) 
4 49 50 (1516 678 541 ) (1516 678 537.588013 ) (1516 646 537.588013 ) (1516 646 541 ) 
4 50 65 (1024 678 668 ) (1024 678 537.588013 ) (1024 646 537.588013 ) (1024 646 668 ) 
4 50 61 (1024 678 692 ) (1024 678 668 ) (1024 646 668 ) (1024 646 692 ) 
4 50 60 (1024 646 788.379089 ) (1024 678 788.379089 ) (1024 678 692 ) (1024 646 692 ) 
4 50 52 (1516 646 788.379089 ) (1024 646 788.379089 ) (1024 646 537.588013 ) (1516 646 537.588013 ) 
4 50 51 (1516 646 537.588013 ) (1024 646 537.588013 ) (1024 678 537.588013 ) (1516 678 537.588013 ) 
4 51 93 (1024 678 504 ) (1024 678 -511 ) (1024 646 -511 ) (1024 646 504 ) 
4 51 65 (1024 678 537.588013 ) (1024 678 504 ) (1024 646 504 ) (1024 646 537.588013 ) 
4 51 52 (2048 646 -511 ) (2048 646 537.588013 ) (1024 646 537.588013 ) (1024 646 -511 ) 
4 52 126 (2048 0 -511 ) (2048 0 788.379089 ) (1024 0 788.379089 ) (1024 0 -511 ) 
4 52 93 (1024 0 -511 ) (1024 0 504 ) (1024 646 504 ) (1024 646 -511 ) 
4 52 80 (1024 0 504 ) (1024 0 668 ) (1024 41 668 ) (1024 41 504 ) 
4 52 73 (1024 41 668 ) (1024 201 668 ) (1024 201 504 ) (1024 41 504 ) 
4 52 65 (1024 201 668 ) (1024 646 668 ) (1024 646 504 ) (1024 201 504 ) 
4 52 63 (1024 56 692 ) (1024 184 692 ) (1024 208 668 ) (1024 32 668 ) 
4 52 62 (1024 0 668 ) (1024 0 692 ) (1024 56 692 ) (1024 32 668 ) 
4 52 61 (1024 184 692 ) (1024 646 692 ) (1024 646 668 ) (1024 208 668 ) 
4 52 60 (1024 0 692 ) (1024 0 788.379089 ) (1024 646 788.379089 ) (1024 646 692 ) 
4 53 59 (0 1544.666138 -511 ) (0 1544.711792 -512 ) (0 1536 -512 ) (0 1536 -511 ) 
3 53 56 (0 1536 -321.080078 ) (0 1544.666138 -511 ) (0 1536 -511 ) 
4 53 54 (1024 1536 -511 ) (1024 1536 -321.077545 ) (0 1536 -321.076172 ) (0 1536 -511 ) 
4 54 93 (1024 1024 -511 ) (1024 1024 504 ) (0 1024 504 ) (0 1024 -511 ) 
4 54 66 (762 1024 668 ) (442 1024 668 ) (442 1024 504 ) (762 1024 504 ) 
4 54 65 (1024 1024 504 ) (1024 1024 668 ) (762 1024 668 ) (762 1024 504 ) 
4 54 92 (442 1024 668 ) (0 1024 668 ) (0 1024 504 ) (442 1024 504 ) 
4 54 61 (1024 1024 668 ) (1024 1024 692 ) (0 1024 692 ) (0 1024 668 ) 
4 54 60 (1024 1024 692 ) (1024 1024 1024 ) (0 1024 1024 ) (0 1024 692 ) 
4 54 57 (0 1024 -281.284119 ) (0 1024 169.234375 ) (0 1513.396851 174.269165 ) (0 1533.944702 -276.037842 ) 
5 54 56 (0 1024 -511 ) (0 1024 -281.284119 ) (0 1533.944702 -276.037842 ) (0 1536 -321.080078 ) (0 1536 -511 ) 
4 54 55 (0 1024 169.234375 ) (0 1024 1024 ) (0 1474.623169 1024 ) (0 1513.396851 174.269165 ) 
4 55 97 (-1024 1024 86.780518 ) (-1024 1024 1024 ) (-1024 1474.623291 1024 ) (-1024 1517.157715 91.854004 ) 
4 55 94 (0 1024 169.234375 ) (0 1024 1024 ) (-1024 1024 1024 ) (-1024 1024 86.780457 ) 
4 55 57 (-947.976868 1516.865234 97.972610 ) (0 1513.383911 174.269104 ) (0 1024 169.234406 ) (-939.533813 1024 93.581924 ) 
4 56 98 (-1024 1024 -511 ) (-1024 1024 -363.737305 ) (-1024 1537.705444 -358.452362 ) (-1024 1544.666260 -511 ) 
4 56 95 (0 1024 -511 ) (0 1024 -281.284119 ) (-1024 1024 -363.737335 ) (-1024 1024 -511 ) 
4 56 59 (-1024 1536 -511 ) (-1024 1544.666016 -511 ) (0 1544.666016 -511 ) (0 1536 -511 ) 
4 56 58 (-852.978638 1537.078613 -344.687958 ) (-1024 1537.706787 -358.452271 ) (-1024 1527.503784 -358.557251 ) (-852.851746 1529.669922 -344.753967 ) 
4 56 57 (0 1533.945923 -276.037720 ) (-852.978638 1537.078613 -344.687958 ) (-844.189331 1024 -349.258789 ) (0 1024 -281.284119 ) 
4 57 96 (0 1024 -281.284119 ) (0 1024 169.234375 ) (-939.533813 1024 93.581795 ) (-844.189331 1024 -349.258850 ) 
3 57 58 (-852.978638 1537.078125 -344.688965 ) (-852.851746 1529.669922 -344.754974 ) (-893.807129 1528.401978 -154.442566 ) 
3 58 99 (-1024 1526.557617 -114.146255 ) (-1024 1537.705444 -358.452362 ) (-1024 1527.503784 -358.557312 ) 
4 59 100 (-1024 1536 -511 ) (-1024 1544.666260 -511 ) (-1024 1544.711914 -512 ) (-1024 1536 -512 ) 
4 60 133 (762 0 1024 ) (442 0 1024 ) (442 0 692 ) (762 0 692 ) 
4 60 132 (1024 0 692 ) (1024 0 1024 ) (762 0 1024 ) (762 0 692 ) 
4 60 136 (442 0 1024 ) (0 0 1024 ) (0 0 692 ) (442 0 692 ) 
4 60 94 (0 1024 1024 ) (0 1024 692 ) (0 0 692 ) (0 0 1024 ) 
4 60 64 (0 56 692 ) (0 184 692 ) (498.278961 184 692 ) (498.278992 56 692 ) 
4 60 63 (708.341980 184 692 ) (1024 184 692 ) (1024 56 692 ) (708.342041 56 692 ) 
4 60 62 (1024 0 692 ) (0 0 692 ) (0 56 692 ) (1024 56 692 ) 
4 60 61 (0 184 692 ) (0 1024 692 ) (1024 1024 692 ) (1024 184 692 ) 
4 61 94 (0 1024 692 ) (0 1024 668 ) (0 208 668 ) (0 184 692 ) 
4 61 71 (478 208 668 ) (442 208 668 ) (442 239 668 ) (478 239 668 ) 
4 61 68 (730 208 668 ) (478 208 668 ) (478 239 668 ) (730 239 668 ) 
4 61 67 (762 239 668 ) (762 208 668 ) (730 208 668 ) (730 239 668 ) 
4 61 66 (442 1024 668 ) (762 1024 668 ) (762 239 668 ) (442 239 668 ) 
4 61 65 (762 1024 668 ) (1024 1024 668 ) (1024 208 668 ) (762 208 668 ) 
4 61 92 (0 1024 668 ) (442 1024 668 ) (442 208 668 ) (0 208 668 ) 
4 61 64 (0 208 668 ) (474 208 668 ) (498.278992 184 692 ) (0 184 692 ) 
4 61 63 (733 208 668 ) (1024 208 668 ) (1024 184 692 ) (708.342041 184 692 ) 
4 62 133 (762 0 692 ) (442 0 692 ) (442 0 668 ) (762 0 668 ) 
4 62 132 (1024 0 668 ) (1024 0 692 ) (762 0 692 ) (762 0 668 ) 
4 62 136 (442 0 692 ) (0 0 692 ) (0 0 668 ) (442 0 668 ) 
4 62 94 (0 32 668 ) (0 0 668 ) (0 0 692 ) (0 56 692 ) 
4 62 90 (762 0 668 ) (442 0 668 ) (442 32 668 ) (762 32 668 ) 
4 62 80 (1024 32 668 ) (1024 0 668 ) (762 0 668 ) (762 32 668 ) 
4 62 92 (442 0 668 ) (0 0 668 ) (0 32 668 ) (442 32 668 ) 
4 62 64 (474 32 668 ) (0 32 668 ) (0 56 692 ) (498.278961 56 692 ) 
4 62 63 (1024 32 668 ) (733 32 668 ) (708.341980 56 692 ) (1024 56 692 ) 
4 63 90 (762 32 668 ) (733 32 668 ) (733 36 668 ) (762 36 668 ) 
4 63 81 (733 36 668 ) (733 41 668 ) (762 41 668 ) (762 36 668 ) 
4 63 80 (1024 41 668 ) (1024 32 668 ) (762 32 668 ) (762 41 668 ) 
4 63 74 (762 41 668 ) (733 41 668 ) (733 201 668 ) (762 201 668 ) 
4 63 73 (1024 201 668 ) (1024 41 668 ) (762 41 668 ) (762 201 668 ) 
4 63 67 (762 201 668 ) (733 201 668 ) (733 208 668 ) (762 208 668 ) 
4 63 65 (1024 208 668 ) (1024 201 668 ) (762 201 668 ) (762 208 668 ) 
4 64 94 (0 208 668 ) (0 32 668 ) (0 56 692 ) (0 184 692 ) 
4 64 90 (474 32 668 ) (442 32 668 ) (442 36 668 ) (474 36 668 ) 
4 64 88 (442 36 668 ) (442 41 668 ) (474 41 668 ) (474 36 668 ) 
4 64 78 (442 41 668 ) (442 201 668 ) (474 201 668 ) (474 41 668 ) 
4 64 71 (442 201 668 ) (442 208 668 ) (474 208 668 ) (474 201 668 ) 
4 64 92 (442 32 668 ) (0 32 668 ) (0 208 668 ) (442 208 668 ) 
4 65 93 (762 1024 504 ) (1024 1024 504 ) (1024 201 504 ) (762 201 504 ) 
4 65 73 (762 201 504 ) (1024 201 504 ) (1024 201 668 ) (762 201 668 ) 
4 65 69 (762 239 504 ) (762 201 504 ) (762 201 524 ) (762 239 524 ) 
4 65 67 (762 201 525 ) (762 201 668 ) (762 239 668 ) (762 239 525 ) 
4 65 66 (762 1024 504 ) (762 239 504 ) (762 239 668 ) (762 1024 668 ) 
4 66 93 (442 239 504 ) (442 1024 504 ) (762 1024 504 ) (762 239 504 ) 
4 66 71 (442 239 668 ) (442 239 525 ) (478 239 525 ) (478 239 668 ) 
4 66 72 (442 239 524 ) (442 239 504 ) (478 239 504 ) (478 239 524 ) 
4 66 70 (478 239 504 ) (730 239 504 ) (730 239 524 ) (478 239 524 ) 
4 66 69 (730 239 504 ) (762 239 504 ) (762 239 524 ) (730 239 524 ) 
4 66 68 (730 239 668 ) (478 239 668 ) (478 239 525 ) (730 239 525 ) 
4 66 67 (762 239 525 ) (762 239 668 ) (730 239 668 ) (730 239 525 ) 
4 66 92 (442 1024 504 ) (442 239 504 ) (442 239 668 ) (442 1024 668 ) 
4 67 74 (762 201 525 ) (762 201 668 ) (730 201 668 ) (730 201 525 ) 
4 67 68 (730 239 668 ) (730 239 525 ) (730 205 525 ) (730 205 668 ) 
4 68 71 (478 239 668 ) (478 239 525 ) (478 205 525 ) (478 205 668 ) 
4 69 93 (730 239 504 ) (762 239 504 ) (762 201 504 ) (730 201 504 ) 
4 69 75 (730 201 504 ) (762 201 504 ) (762 201 524 ) (730 201 524 ) 
4 69 70 (730 205 524 ) (730 239 524 ) (730 239 504 ) (730 205 504 ) 
4 70 93 (478 239 504 ) (730 239 504 ) (730 205 504 ) (478 205 504 ) 
4 70 72 (478 239 524 ) (478 239 504 ) (478 205 504 ) (478 205 524 ) 
4 71 78 (442 201 668 ) (442 201 525 ) (478 201 525 ) (478 201 668 ) 
4 71 92 (442 201 525 ) (442 201 668 ) (442 239 668 ) (442 239 525 ) 
4 72 93 (442 201 504 ) (442 239 504 ) (478 239 504 ) (478 201 504 ) 
4 72 79 (442 201 524 ) (442 201 504 ) (478 201 504 ) (478 201 524 ) 
4 72 92 (442 239 504 ) (442 201 504 ) (442 201 524 ) (442 239 524 ) 
4 73 93 (762 201 504 ) (1024 201 504 ) (1024 41 504 ) (762 41 504 ) 
4 73 80 (762 41 504 ) (1024 41 504 ) (1024 41 668 ) (762 41 668 ) 
4 73 75 (762 201 524 ) (762 201 504 ) (762 41 504 ) (762 41 524 ) 
4 73 74 (762 201 668 ) (762 201 525 ) (762 41 525 ) (762 41 668 ) 
4 74 82 (762 41 525 ) (762 41 667 ) (730 41 667 ) (730 41 525 ) 
4 74 81 (762 41 667 ) (762 41 668 ) (730 41 668 ) (730 41 667 ) 
4 75 93 (730 201 504 ) (762 201 504 ) (762 41 504 ) (730 41 504 ) 
4 75 83 (730 41 504 ) (762 41 504 ) (762 41 524 ) (730 41 524 ) 
4 76 84 (640 41 667 ) (576 41 667 ) (576 41 653 ) (640 41 653 ) 
4 76 85 (576 41 653 ) (576 41 525 ) (640 41 525 ) (640 41 653 ) 
4 77 93 (482 201 504 ) (726 201 504 ) (726 41 504 ) (482 41 504 ) 
4 77 87 (576 41 504 ) (640 41 504 ) (640 41 524 ) (576 41 524 ) 
4 78 88 (442 41 668 ) (442 41 525 ) (478 41 525 ) (478 41 668 ) 
4 78 92 (442 41 525 ) (442 41 668 ) (442 201 668 ) (442 201 525 ) 
4 79 93 (442 41 504 ) (442 201 504 ) (478 201 504 ) (478 41 504 ) 
4 79 89 (442 41 524 ) (442 41 504 ) (478 41 504 ) (478 41 524 ) 
4 79 92 (442 201 504 ) (442 41 504 ) (442 41 524 ) (442 201 524 ) 
4 80 132 (1024 0 504 ) (1024 0 668 ) (762 0 668 ) (762 0 504 ) 
4 80 93 (1024 0 504 ) (762 0 504 ) (762 41 504 ) (1024 41 504 ) 
4 80 90 (762 0 525 ) (762 0 668 ) (762 36 668 ) (762 36 525 ) 
4 80 91 (762 36 504 ) (762 0 504 ) (762 0 524 ) (762 36 524 ) 
4 80 83 (762 41 524 ) (762 41 504 ) (762 36 504 ) (762 36 524 ) 
4 80 82 (762 41 667 ) (762 41 525 ) (762 36 525 ) (762 36 667 ) 
4 80 81 (762 41 668 ) (762 41 667 ) (762 36 667 ) (762 36 668 ) 
4 81 90 (762 36 667 ) (762 36 668 ) (730 36 668 ) (730 36 667 ) 
4 81 82 (762 36 667 ) (730 36 667 ) (730 41 667 ) (762 41 667 ) 
4 82 90 (762 36 525 ) (762 36 667 ) (730 36 667 ) (730 36 525 ) 
4 83 93 (730 41 504 ) (762 41 504 ) (762 36 504 ) (730 36 504 ) 
4 83 91 (730 36 504 ) (762 36 504 ) (762 36 524 ) (730 36 524 ) 
4 84 85 (576 39.750000 653 ) (576 41 653 ) (640 41 653 ) (640 39.750000 653 ) 
4 85 86 (576 38.500000 653 ) (576 38.500000 525 ) (640 38.500000 525 ) (640 38.500000 653 ) 
4 86 90 (640 36 525 ) (640 36 668 ) (576 36 668 ) (576 36 525 ) 
4 87 93 (576 41 504 ) (640 41 504 ) (640 36 504 ) (576 36 504 ) 
4 87 91 (576 36 504 ) (640 36 504 ) (640 36 524 ) (576 36 524 ) 
4 88 90 (442 36 668 ) (442 36 525 ) (478 36 525 ) (478 36 668 ) 
4 88 92 (442 36 525 ) (442 36 668 ) (442 41 668 ) (442 41 525 ) 
4 89 93 (442 36 504 ) (442 41 504 ) (478 41 504 ) (478 36 504 ) 
4 89 91 (442 36 524 ) (442 36 504 ) (478 36 504 ) (478 36 524 ) 
4 89 92 (442 41 504 ) (442 36 504 ) (442 36 524 ) (442 41 524 ) 
4 90 133 (762 0 668 ) (442 0 668 ) (442 0 525 ) (762 0 525 ) 
4 90 92 (442 0 525 ) (442 0 668 ) (442 36 668 ) (442 36 525 ) 
4 91 134 (442 0 524 ) (442 0 504 ) (762 0 504 ) (762 0 524 ) 
4 91 93 (762 0 504 ) (442 0 504 ) (442 36 504 ) (762 36 504 ) 
4 91 92 (442 36 504 ) (442 0 504 ) (442 0 524 ) (442 36 524 ) 
4 92 136 (442 0 668 ) (0 0 668 ) (0 0 504 ) (442 0 504 ) 
4 92 94 (0 1024 668 ) (0 1024 504 ) (0 0 504 ) (0 0 668 ) 
4 92 93 (442 0 504 ) (0 0 504 ) (0 1024 504 ) (442 1024 504 ) 
4 93 134 (762 0 504 ) (442 0 504 ) (442 0 -511 ) (762 0 -511 ) 
4 93 132 (1024 0 -511 ) (1024 0 504 ) (762 0 504 ) (762 0 -511 ) 
4 93 136 (442 0 504 ) (0 0 504 ) (0 0 -511 ) (442 0 -511 ) 
4 93 96 (0 1024 169.234344 ) (0 1024 -281.284180 ) (0 0 -291.819000 ) (0 0 158.699585 ) 
4 93 95 (0 1024 -281.284180 ) (0 1024 -511 ) (0 0 -511 ) (0 0 -291.819000 ) 
4 93 94 (0 1024 504 ) (0 1024 169.234344 ) (0 0 158.699585 ) (0 0 504 ) 
4 94 137 (0 0 158.699585 ) (0 0 1024 ) (-1024 0 1024 ) (-1024 0 76.245789 ) 
4 94 114 (-1024 0 76.245789 ) (-1024 0 1024 ) (-1024 1024 1024 ) (-1024 1024 86.780457 ) 
4 94 96 (-939.533875 1024 93.582146 ) (0 1024 169.234619 ) (0 0 158.699890 ) (-921.992126 0 84.459900 ) 
4 95 138 (0 0 -511 ) (0 0 -291.819000 ) (-1024 0 -374.272156 ) (-1024 0 -511 ) 
4 95 115 (-1024 0 -511 ) (-1024 0 -374.272186 ) (-1024 1024 -363.737335 ) (-1024 1024 -511 ) 
4 95 96 (-826.647644 0 -358.381073 ) (0 0 -291.818848 ) (0 1024 -281.283997 ) (-844.189331 1024 -349.258698 ) 
4 96 139 (0 0 -291.819000 ) (0 0 158.699585 ) (-921.992065 0 84.459602 ) (-826.647583 0 -358.381195 ) 
4 97 114 (-1024 1024 86.780518 ) (-1024 1024 1024 ) (-2048 1024 1024 ) (-2048 1024 4.326660 ) 
4 97 101 (-2048 1024 4.326721 ) (-2048 1024 1024 ) (-2048 1474.623291 1024 ) (-2048 1520.918335 9.438904 ) 
3 97 99 (-2048 1520.905029 9.438904 ) (-1551.629150 1519.082153 49.388569 ) (-2048 1512.800049 9.355520 ) 
4 98 115 (-1024 1024 -511 ) (-1024 1024 -363.737305 ) (-2048 1024 -446.190521 ) (-2048 1024 -511 ) 
4 98 102 (-2048 1024 -511 ) (-2048 1024 -446.190491 ) (-2048 1541.466064 -440.866852 ) (-2048 1544.666260 -511 ) 
4 98 100 (-2048 1536 -511 ) (-2048 1544.666138 -511 ) (-1024 1544.666138 -511 ) (-1024 1536 -511 ) 
4 98 99 (-1024 1537.706787 -358.452271 ) (-2048 1541.467529 -440.866699 ) (-2048 1514.543945 -441.143677 ) (-1024 1527.503784 -358.557251 ) 
4 99 104 (-2048 1512.800049 9.355384 ) (-2048 1520.918335 9.438904 ) (-2048 1541.466064 -440.866852 ) (-2048 1514.543945 -441.143829 ) 
4 100 105 (-2048 1536 -511 ) (-2048 1544.666260 -511 ) (-2048 1544.711914 -512 ) (-2048 1536 -512 ) 
4 101 116 (-2048 1024 4.326721 ) (-2048 1024 1024 ) (-2462 1024 1024 ) (-2462 1024 -29.009155 ) 
3 101 110 (-2462 1024 -29.009155 ) (-2462 1024 -28 ) (-2462 1122.090698 -28 ) 
5 101 108 (-2462 1024 -28 ) (-2462 1024 1024 ) (-2462 1474.623291 1024 ) (-2462 1522.438721 -23.881226 ) (-2462 1122.090698 -28 ) 
4 101 104 (-2462 1507.560425 -24.034698 ) (-2462 1522.436768 -23.881653 ) (-2048 1520.916260 9.438526 ) (-2048 1512.800049 9.355026 ) 
4 102 117 (-2048 1024 -511 ) (-2048 1024 -446.190491 ) (-2462 1024 -479.526093 ) (-2462 1024 -511 ) 
4 102 111 (-2462 1535 -511 ) (-2462 1024 -511 ) (-2462 1024 -479.526093 ) (-2462 1535 -474.268921 ) 
4 102 107 (-2462 1544.666260 -511 ) (-2462 1535 -511 ) (-2462 1535 -474.268921 ) (-2462 1542.986450 -474.186768 ) 
4 102 106 (-2462 1024 -511 ) (-2462 1536 -511 ) (-2112 1536 -511 ) (-2112 1024 -511 ) 
4 102 105 (-2462 1536 -511 ) (-2462 1544.666260 -511 ) (-2048 1544.666260 -511 ) (-2048 1536 -511 ) 
4 102 104 (-2048 1541.462646 -440.866943 ) (-2450.283447 1542.940063 -473.243896 ) (-2449.709961 1509.459717 -473.542145 ) (-2048 1514.543945 -441.143890 ) 
4 102 103 (-2450.283447 1542.940063 -473.243896 ) (-2462 1542.983154 -474.186890 ) (-2462 1024 -479.526154 ) (-2441.393311 1024 -477.866882 ) 
3 103 118 (-2462 1024 -382.153046 ) (-2462 1024 -479.526093 ) (-2441.393311 1024 -477.866821 ) 
4 103 111 (-2462 1024 -479.526093 ) (-2462 1024 -382.153046 ) (-2462 1535 -418.261383 ) (-2462 1535 -474.268921 ) 
4 103 107 (-2462 1535 -418.261383 ) (-2462 1540.452148 -418.646637 ) (-2462 1542.986450 -474.186768 ) (-2462 1535 -474.268921 ) 
4 103 104 (-2449.708740 1509.459717 -473.538788 ) (-2450.282227 1542.937500 -473.240540 ) (-2462 1540.445923 -418.637512 ) (-2462 1509.079346 -416.421143 ) 
5 104 112 (-2462 1522.626709 -28 ) (-2462 1535 -299.162445 ) (-2462 1535 -418.261383 ) (-2462 1509.079346 -416.429779 ) (-2462 1507.575806 -28 ) 
4 104 109 (-2462 1507.560425 -24.034294 ) (-2462 1522.438721 -23.881226 ) (-2462 1522.626709 -28 ) (-2462 1507.575806 -28 ) 
3 104 107 (-2462 1535 -299.162445 ) (-2462 1540.452148 -418.646637 ) (-2462 1535 -418.261383 ) 
4 105 107 (-2462 1544.711914 -512 ) (-2462 1536 -512 ) (-2462 1536 -511 ) (-2462 1544.666260 -511 ) 
4 105 106 (-2462 1536 -512 ) (-2112 1536 -512 ) (-2112 1536 -511 ) (-2462 1536 -511 ) 
4 106 119 (-2112 1024 -511 ) (-2462 1024 -511 ) (-2462 1024 -512 ) (-2112 1024 -512 ) 
4 106 113 (-2462 1535 -512 ) (-2462 1024 -512 ) (-2462 1024 -511 ) (-2462 1535 -511 ) 
4 106 107 (-2462 1536 -512 ) (-2462 1535 -512 ) (-2462 1535 -511 ) (-2462 1536 -511 ) 
3 107 179 (-3072 1535 -512 ) (-3072 1535 -299.160370 ) (-3072 1544.711914 -512 ) 
4 107 113 (-3072 1535 -511 ) (-3072 1535 -512 ) (-2462 1535 -512 ) (-2462 1535 -511 ) 
3 107 112 (-2462 1535 -418.261444 ) (-2462 1535 -299.163055 ) (-2487.641113 1535 -299.162933 ) 
5 107 111 (-3072 1535 -299.160400 ) (-3072 1535 -511 ) (-2462 1535 -511 ) (-2462 1535 -418.261444 ) (-2487.641113 1535 -299.162933 ) 
4 108 180 (-3072 1024 -28 ) (-3072 1024 1024 ) (-3072 1474.623413 1024 ) (-3072 1522.626831 -28 ) 
4 108 120 (-2462 1024 -28 ) (-2462 1024 1024 ) (-3072 1024 1024 ) (-3072 1024 -28 ) 
5 108 110 (-3072 1024 -28 ) (-3072 1522.626709 -28 ) (-2513.174805 1522.626709 -28 ) (-2462 1122.088745 -28 ) (-2462 1024 -28 ) 
4 108 109 (-2511.167725 1506.938110 -28 ) (-2513.171875 1522.624634 -28 ) (-2462 1522.436646 -23.881508 ) (-2462 1507.560425 -24.034552 ) 
4 109 112 (-2513.174805 1522.626709 -28 ) (-2462 1522.626709 -28 ) (-2462 1507.575806 -28 ) (-2511.170410 1506.938110 -28 ) 
4 110 181 (-3072 1024 -78.127106 ) (-3072 1024 -28 ) (-3072 1522.626709 -28 ) (-3072 1524.678955 -72.976212 ) 
4 110 121 (-2462 1024 -29.009125 ) (-2462 1024 -28 ) (-3072 1024 -28 ) (-3072 1024 -78.127121 ) 
4 110 112 (-2545.277832 1522.742554 -30.584312 ) (-2513.167969 1522.624634 -28 ) (-2511.163818 1506.938110 -28 ) (-2545 1506.509888 -30.728920 ) 
4 110 111 (-3072 1024 -78.127625 ) (-3072 1524.677002 -72.976761 ) (-2545.277832 1522.742554 -30.584312 ) (-2536.734131 1024 -35.027328 ) 
5 111 181 (-3072 1024 -511 ) (-3072 1024 -78.127106 ) (-3072 1524.678955 -72.976212 ) (-3072 1535 -299.161255 ) (-3072 1535 -511 ) 
5 111 122 (-2462 1024 -511 ) (-2462 1024 -382.153320 ) (-2536.734131 1024 -35.026810 ) (-3072 1024 -78.127121 ) (-3072 1024 -511 ) 
4 111 113 (-3072 1535 -511 ) (-2462 1535 -511 ) (-2462 1024 -511 ) (-3072 1024 -511 ) 
5 111 112 (-2487.627930 1535 -299.215759 ) (-2545.276611 1522.742188 -30.583679 ) (-2544.998535 1506.509888 -30.728283 ) (-2462 1509.079346 -416.420288 ) (-2462 1535 -418.251831 ) 
4 113 182 (-3072 1024 -512 ) (-3072 1024 -511 ) (-3072 1535 -511 ) (-3072 1535 -512 ) 
4 113 123 (-2462 1024 -512 ) (-2462 1024 -511 ) (-3072 1024 -511 ) (-3072 1024 -512 ) 
4 114 144 (-1024 0 76.245789 ) (-1024 0 1024 ) (-2048 0 1024 ) (-2048 0 -6.208008 ) 
4 114 116 (-2048 1024 1024 ) (-2048 1024 4.326660 ) (-2048 0 -6.208008 ) (-2048 0 1024 ) 
4 115 145 (-1024 0 -511 ) (-1024 0 -374.272186 ) (-2048 0 -456.725372 ) (-2048 0 -511 ) 
4 115 117 (-2048 1024 -446.190521 ) (-2048 1024 -511 ) (-2048 0 -511 ) (-2048 0 -456.725372 ) 
4 116 147 (-2048 0 -6.208008 ) (-2048 0 -6 ) (-2462 0 -6 ) (-2462 0 -39.543823 ) 
4 116 146 (-2048 0 -6 ) (-2048 0 1024 ) (-2462 0 1024 ) (-2462 0 -6 ) 
4 116 121 (-2462 0 -39.543854 ) (-2462 0 -28 ) (-2462 1024 -28 ) (-2462 1024 -29.009155 ) 
4 116 120 (-2462 0 -28 ) (-2462 0 1024 ) (-2462 1024 1024 ) (-2462 1024 -28 ) 
4 117 151 (-2048 0 -511 ) (-2048 0 -456.725372 ) (-2462 0 -490.060913 ) (-2462 0 -511 ) 
4 117 122 (-2462 0 -511 ) (-2462 0 -490.060913 ) (-2462 1024 -479.526093 ) (-2462 1024 -511 ) 
4 117 119 (-2112 0 -511 ) (-2462 0 -511 ) (-2462 1024 -511 ) (-2112 1024 -511 ) 
4 117 118 (-2462 1024 -479.525940 ) (-2462 0 -490.060791 ) (-2423.851807 0 -486.989075 ) (-2441.393555 1024 -477.866669 ) 
3 118 152 (-2462 0 -309.797455 ) (-2462 0 -490.060913 ) (-2423.851807 0 -486.989197 ) 
4 118 122 (-2462 0 -490.060913 ) (-2462 0 -309.797485 ) (-2462 1024 -382.153046 ) (-2462 1024 -479.526093 ) 
4 119 153 (-2112 0 -511 ) (-2462 0 -511 ) (-2462 0 -512 ) (-2112 0 -512 ) 
4 119 123 (-2462 0 -512 ) (-2462 0 -511 ) (-2462 1024 -511 ) (-2462 1024 -512 ) 
4 120 211 (-3072 0 -28 ) (-3072 0 154 ) (-3072 80 154 ) (-3072 80 -28 ) 
4 120 209 (-3072 96 26 ) (-3072 96 10 ) (-3072 80 10 ) (-3072 80 26 ) 
4 120 207 (-3072 80 154 ) (-3072 96 154 ) (-3072 96 26 ) (-3072 80 26 ) 
4 120 210 (-3072 96 10 ) (-3072 96 -28 ) (-3072 80 -28 ) (-3072 80 10 ) 
4 120 201 (-3072 1024 26 ) (-3072 1024 -28 ) (-3072 96 -28 ) (-3072 96 26 ) 
4 120 189 (-3072 96 154 ) (-3072 480 154 ) (-3072 480 26 ) (-3072 96 26 ) 
4 120 188 (-3072 480 154 ) (-3072 1024 154 ) (-3072 1024 26 ) (-3072 480 26 ) 
4 120 187 (-3072 149.334000 218 ) (-3072 426.666016 218 ) (-3072 496 154 ) (-3072 80 154 ) 
4 120 185 (-3072 0 154 ) (-3072 0 218 ) (-3072 149.334000 218 ) (-3072 80 154 ) 
4 120 184 (-3072 426.666016 218 ) (-3072 1024 218 ) (-3072 1024 154 ) (-3072 496 154 ) 
4 120 183 (-3072 0 218 ) (-3072 0 1024 ) (-3072 1024 1024 ) (-3072 1024 218 ) 
4 120 155 (-2462 0 -28 ) (-2462 0 -6 ) (-3072 0 -6 ) (-3072 0 -28 ) 
4 120 154 (-2462 0 -6 ) (-2462 0 1024 ) (-3072 0 1024 ) (-3072 0 -6 ) 
4 120 121 (-2462 1024 -28 ) (-2462 0 -28 ) (-3072 0 -28 ) (-3072 1024 -28 ) 
4 121 215 (-3072 0 -88.661835 ) (-3072 0 -28 ) (-3072 1024 -28 ) (-3072 1024 -78.127121 ) 
4 121 158 (-2462 0 -39.543823 ) (-2462 0 -28 ) (-3072 0 -28 ) (-3072 0 -88.661835 ) 
4 121 122 (-3072 0 -88.661957 ) (-3072 1024 -78.127197 ) (-2536.734131 1024 -35.026894 ) (-2519.192383 0 -44.149151 ) 
4 122 215 (-3072 0 -511 ) (-3072 0 -88.661835 ) (-3072 1024 -78.127121 ) (-3072 1024 -511 ) 
5 122 159 (-2462 0 -511 ) (-2462 0 -309.797729 ) (-2519.192383 0 -44.149033 ) (-3072 0 -88.661835 ) (-3072 0 -511 ) 
4 122 123 (-3072 0 -511 ) (-3072 1024 -511 ) (-2462 1024 -511 ) (-2462 0 -511 ) 
4 123 216 (-3072 0 -512 ) (-3072 0 -511 ) (-3072 1024 -511 ) (-3072 1024 -512 ) 
4 123 160 (-2462 0 -512 ) (-2462 0 -511 ) (-3072 0 -511 ) (-3072 0 -512 ) 
4 124 128 (2560 -1024 1024 ) (2048 -1024 1024 ) (2048 -1024 -511 ) (2560 -1024 -511 ) 
4 124 127 (2574 -1024 -511 ) (2574 -1024 1024 ) (2560 -1024 1024 ) (2560 -1024 -511 ) 
4 124 126 (2048 0 1024 ) (2048 0 -511 ) (2048 -1024 -511 ) (2048 -1024 1024 ) 
4 124 125 (2560 0 -511 ) (2574 0 -511 ) (2574 -1024 -511 ) (2560 -1024 -511 ) 
4 125 127 (2574 -1024 -512 ) (2574 -1024 -511 ) (2560 -1024 -511 ) (2560 -1024 -512 ) 
4 126 132 (1024 0 1024 ) (1024 0 -511 ) (1024 -1024 -511 ) (1024 -1024 1024 ) 
4 126 129 (2048 -1024 -511 ) (2048 -1024 1024 ) (1024 -1024 1024 ) (1024 -1024 -511 ) 
4 127 130 (2560 -2048 -292.142609 ) (2574 -2048 -292.142609 ) (2574 -2048 1024 ) (2560 -2048 1024 ) 
5 127 128 (2560 -2038.998169 -511 ) (2560 -2048 -292.137268 ) (2560 -2048 1024 ) (2560 -1024 1024 ) (2560 -1024 -511 ) 
4 128 130 (2048 -2048 1024 ) (2048 -2048 -292.142578 ) (2560 -2048 -292.142609 ) (2560 -2048 1024 ) 
5 128 129 (2048 -1024 1024 ) (2048 -1024 -511 ) (2048 -2038.998535 -511 ) (2048 -2048 -292.142609 ) (2048 -2048 1024 ) 
5 129 140 (1024 -2038.998535 -511 ) (1024 -2048 -292.142120 ) (1024 -2048 1024 ) (1024 -1024 1024 ) (1024 -1024 -511 ) 
4 129 131 (2048 -2048 -292.142609 ) (2048 -2048 1024 ) (1024 -2048 1024 ) (1024 -2048 -292.142090 ) 
3 130 131 (2048 -2048 1024 ) (2048 -2048 -292.142456 ) (2048 -2102.131836 1024 ) 
3 131 173 (1024 -2102.131592 1024 ) (1024 -2048 1024 ) (1024 -2048 -292.141968 ) 
4 132 140 (1024 -1024 -511 ) (1024 -1024 1024 ) (762 -1024 1024 ) (762 -1024 -511 ) 
4 132 133 (762 -1 525 ) (762 -1 1024 ) (762 0 1024 ) (762 0 525 ) 
4 132 134 (762 0 -511 ) (762 -1 -511 ) (762 -1 524 ) (762 0 524 ) 
4 132 135 (762 -1 -511 ) (762 -1024 -511 ) (762 -1024 1024 ) (762 -1 1024 ) 
4 133 136 (442 -1 525 ) (442 -1 1024 ) (442 0 1024 ) (442 0 525 ) 
4 133 135 (442 -1 1024 ) (442 -1 525 ) (762 -1 525 ) (762 -1 1024 ) 
4 134 135 (442 -1 524 ) (442 -1 -511 ) (762 -1 -511 ) (762 -1 524 ) 
4 134 136 (442 0 -511 ) (442 -1 -511 ) (442 -1 524 ) (442 0 524 ) 
4 135 140 (762 -1024 1024 ) (442 -1024 1024 ) (442 -1024 -511 ) (762 -1024 -511 ) 
4 135 136 (442 -1 -511 ) (442 -1024 -511 ) (442 -1024 1024 ) (442 -1 1024 ) 
4 136 140 (442 -1024 1024 ) (0 -1024 1024 ) (0 -1024 -511 ) (442 -1024 -511 ) 
4 136 139 (0 0 158.699585 ) (0 0 -291.818970 ) (0 -1024 -302.353821 ) (0 -1024 148.164917 ) 
4 136 138 (0 0 -291.818970 ) (0 0 -511 ) (0 -1024 -511 ) (0 -1024 -302.353821 ) 
4 136 137 (0 0 1024 ) (0 0 158.699585 ) (0 -1024 148.164917 ) (0 -1024 1024 ) 
4 137 144 (-1024 0 1024 ) (-1024 0 76.245789 ) (-1024 -1024 65.711060 ) (-1024 -1024 1024 ) 
4 137 141 (0 -1024 148.164917 ) (0 -1024 1024 ) (-1024 -1024 1024 ) (-1024 -1024 65.710999 ) 
4 137 139 (-921.992126 0 84.459839 ) (0 0 158.699860 ) (0 -1024 148.165100 ) (-904.450378 -1024 75.337593 ) 
4 138 145 (-1024 0 -374.272156 ) (-1024 0 -511 ) (-1024 -1024 -511 ) (-1024 -1024 -384.807037 ) 
4 138 142 (0 -1024 -511 ) (0 -1024 -302.353821 ) (-1024 -1024 -384.807068 ) (-1024 -1024 -511 ) 
4 138 139 (-809.105835 -1024 -367.503448 ) (0 -1024 -302.353699 ) (0 0 -291.818848 ) (-826.647644 0 -358.381104 ) 
4 139 143 (0 -1024 -302.353821 ) (0 -1024 148.164917 ) (-904.450317 -1024 75.337303 ) (-809.105835 -1024 -367.503632 ) 
4 140 173 (1024 -2048 -292.142120 ) (1024 -2048 1024 ) (0 -2048 1024 ) (0 -2048 -292.142090 ) 
5 140 143 (0 -1024 148.164795 ) (0 -1024 -302.353882 ) (0 -2047.147095 -312.879913 ) (0 -2048 -292.142120 ) (0 -2048 137.630157 ) 
4 140 142 (0 -1024 -302.353882 ) (0 -1024 -511 ) (0 -2038.998535 -511 ) (0 -2047.147095 -312.879913 ) 
4 140 141 (0 -1024 1024 ) (0 -1024 148.164795 ) (0 -2048 137.630157 ) (0 -2048 1024 ) 
4 141 174 (0 -2048 137.630157 ) (0 -2048 1024 ) (-1024 -2048 1024 ) (-1024 -2048 55.176331 ) 
4 141 162 (-1024 -2048 55.176392 ) (-1024 -2048 1024 ) (-1024 -1024 1024 ) (-1024 -1024 65.710999 ) 
4 141 143 (0 -1024 148.165161 ) (0 -2048 137.630432 ) (-886.908691 -2048 66.215385 ) (-904.450439 -1024 75.337639 ) 
4 142 161 (-1024 -2038.998535 -511 ) (-1024 -2043.757324 -395.298248 ) (-1024 -1024 -384.807068 ) (-1024 -1024 -511 ) 
4 142 143 (-791.623657 -2044.527954 -376.594940 ) (0 -2047.148438 -312.879822 ) (0 -1024 -302.353638 ) (-809.105835 -1024 -367.503357 ) 
4 143 175 (0 -2048 -292.142120 ) (0 -2048 137.630157 ) (-886.908630 -2048 66.215111 ) (-809.753662 -2048 -292.142090 ) 
4 144 162 (-1024 -1024 65.711060 ) (-1024 -1024 1024 ) (-2048 -1024 1024 ) (-2048 -1024 -16.742798 ) 
4 144 148 (-2048 -252 -8.800539 ) (-2048 -437.751038 -10.711512 ) (-2048 -437.751038 -6 ) (-2048 -252 -6 ) 
4 144 147 (-2048 0 -6 ) (-2048 0 -6.208008 ) (-2048 -252 -8.800539 ) (-2048 -252 -6 ) 
4 144 150 (-2048 -437.751038 -10.711512 ) (-2048 -1024 -16.742737 ) (-2048 -1024 -6 ) (-2048 -437.751038 -6 ) 
4 144 146 (-2048 0 1024 ) (-2048 0 -6 ) (-2048 -1024 -6 ) (-2048 -1024 1024 ) 
4 145 161 (-1024 -1024 -511 ) (-1024 -1024 -384.807037 ) (-2048 -1024 -467.260223 ) (-2048 -1024 -511 ) 
4 145 151 (-2048 0 -456.725372 ) (-2048 0 -511 ) (-2048 -1024 -511 ) (-2048 -1024 -467.260223 ) 
4 146 163 (-2048 -1024 -6 ) (-2048 -1024 1024 ) (-2462 -1024 1024 ) (-2462 -1024 -6 ) 
4 146 154 (-2462 -1024 -6 ) (-2462 -1024 1024 ) (-2462 0 1024 ) (-2462 0 -6 ) 
4 146 148 (-2221.540039 -252 -6 ) (-2048 -252 -6 ) (-2048 -437.751038 -6 ) (-2221.540039 -437.751038 -6 ) 
4 146 147 (-2462 -252 -6 ) (-2462 0 -6 ) (-2048 0 -6 ) (-2048 -252 -6 ) 
4 146 150 (-2462 -1024 -6 ) (-2462 -437.751038 -6 ) (-2048 -437.751038 -6 ) (-2048 -1024 -6 ) 
4 147 158 (-2462 0 -28 ) (-2462 0 -39.543823 ) (-2462 -252 -42.136345 ) (-2462 -252 -28 ) 
4 147 155 (-2462 -252 -6 ) (-2462 0 -6 ) (-2462 0 -28 ) (-2462 -252 -28 ) 
4 147 148 (-2157.326172 -252 -17.604031 ) (-2048 -252 -8.800945 ) (-2048 -252 -6 ) (-2221.540039 -252 -6 ) 
3 147 149 (-2462 -252 -42.136780 ) (-2211.919922 -252 -22 ) (-2462 -252 -22 ) 
4 148 150 (-2150.010254 -437.751038 -18.926077 ) (-2048 -437.751038 -10.712070 ) (-2048 -437.751038 -6 ) (-2221.540039 -437.751038 -6 ) 
4 149 158 (-2462 -252 -28 ) (-2462 -252 -42.136345 ) (-2462 -437.751038 -44.047314 ) (-2462 -437.751038 -28 ) 
4 149 156 (-2462 -252 -22 ) (-2462 -252 -28 ) (-2462 -437.751038 -28 ) (-2462 -437.751038 -22 ) 
3 149 150 (-2462 -437.751038 -44.047882 ) (-2188.185547 -437.751038 -22 ) (-2462 -437.751038 -22 ) 
4 150 163 (-2048 -1024 -16.742767 ) (-2048 -1024 -6 ) (-2462 -1024 -6 ) (-2462 -1024 -50.078735 ) 
4 150 158 (-2462 -1024 -50.078522 ) (-2462 -1024 -28 ) (-2462 -437.751038 -28 ) (-2462 -437.751038 -44.047314 ) 
4 150 157 (-2462 -1024 -28 ) (-2462 -1024 -6 ) (-2462 -437.751038 -6 ) (-2462 -437.751038 -28 ) 
4 151 164 (-2048 -1024 -511 ) (-2048 -1024 -467.260223 ) (-2462 -1024 -500.595764 ) (-2462 -1024 -511 ) 
4 151 159 (-2462 -1024 -511 ) (-2462 -1024 -500.595764 ) (-2462 0 -490.060913 ) (-2462 0 -511 ) 
4 151 153 (-2112 -1024 -511 ) (-2462 -1024 -511 ) (-2462 0 -511 ) (-2112 0 -511 ) 
4 151 152 (-2462 0 -490.060791 ) (-2462 -1024 -500.595642 ) (-2406.310059 -1024 -496.111450 ) (-2423.851807 0 -486.989075 ) 
3 152 165 (-2462 -1024 -237.441971 ) (-2462 -1024 -500.595764 ) (-2406.310059 -1024 -496.111572 ) 
4 152 159 (-2462 -1024 -500.595764 ) (-2462 -1024 -237.442505 ) (-2462 0 -309.797455 ) (-2462 0 -490.060913 ) 
4 153 166 (-2112 -1024 -511 ) (-2462 -1024 -511 ) (-2462 -1024 -512 ) (-2112 -1024 -512 ) 
4 153 160 (-2462 -1024 -512 ) (-2462 -1024 -511 ) (-2462 0 -511 ) (-2462 0 -512 ) 
4 154 257 (-3072 -437.751038 1024 ) (-3072 -252 1024 ) (-3072 -252 -6 ) (-3072 -437.751038 -6 ) 
4 154 256 (-3072 -252 1024 ) (-3072 -243 1024 ) (-3072 -243 -6 ) (-3072 -252 -6 ) 
4 154 259 (-3072 -1024 -6 ) (-3072 -1024 1024 ) (-3072 -437.751038 1024 ) (-3072 -437.751038 -6 ) 
4 154 252 (-3072 -243 1024 ) (-3072 0 1024 ) (-3072 0 -6 ) (-3072 -243 -6 ) 
4 154 167 (-2462 -1024 -6 ) (-2462 -1024 1024 ) (-3072 -1024 1024 ) (-3072 -1024 -6 ) 
4 154 155 (-3072 -252 -6 ) (-3072 0 -6 ) (-2462 0 -6 ) (-2462 -252 -6 ) 
4 154 157 (-3072 -1024 -6 ) (-3072 -437.751038 -6 ) (-2462 -437.751038 -6 ) (-2462 -1024 -6 ) 
4 155 256 (-3072 -252 -6 ) (-3072 -243 -6 ) (-3072 -243 -28 ) (-3072 -252 -28 ) 
4 155 252 (-3072 -243 -6 ) (-3072 0 -6 ) (-3072 0 -28 ) (-3072 -243 -28 ) 
4 155 158 (-2462 0 -28 ) (-2462 -252 -28 ) (-3072 -252 -28 ) (-3072 0 -28 ) 
4 155 156 (-3072 -252 -28 ) (-2462 -252 -28 ) (-2462 -252 -22 ) (-3072 -252 -22 ) 
4 156 258 (-3072 -252 -22 ) (-3072 -252 -28 ) (-3072 -437.751038 -28 ) (-3072 -437.751038 -22 ) 
4 156 158 (-2462 -252 -28 ) (-2462 -437.751038 -28 ) (-3072 -437.751038 -28 ) (-3072 -252 -28 ) 
4 156 157 (-3072 -437.751038 -28 ) (-2462 -437.751038 -28 ) (-2462 -437.751038 -22 ) (-3072 -437.751038 -22 ) 
4 157 259 (-3072 -1024 -28 ) (-3072 -1024 -6 ) (-3072 -437.751038 -6 ) (-3072 -437.751038 -28 ) 
4 157 167 (-2462 -1024 -28 ) (-2462 -1024 -6 ) (-3072 -1024 -6 ) (-3072 -1024 -28 ) 
4 157 158 (-2462 -437.751038 -28 ) (-2462 -1024 -28 ) (-3072 -1024 -28 ) (-3072 -437.751038 -28 ) 
4 158 260 (-3072 -1024 -99.196564 ) (-3072 -1024 -28 ) (-3072 0 -28 ) (-3072 0 -88.661835 ) 
4 158 168 (-2462 -1024 -50.078552 ) (-2462 -1024 -28 ) (-3072 -1024 -28 ) (-3072 -1024 -99.196587 ) 
4 158 159 (-3072 -1024 -99.196655 ) (-3072 0 -88.661926 ) (-2519.192383 0 -44.149151 ) (-2501.650635 -1024 -53.271408 ) 
4 159 260 (-3072 -1024 -511 ) (-3072 -1024 -99.196564 ) (-3072 0 -88.661835 ) (-3072 0 -511 ) 
5 159 169 (-2462 -1024 -511 ) (-2462 -1024 -237.442719 ) (-2501.650879 -1024 -53.271301 ) (-3072 -1024 -99.196587 ) (-3072 -1024 -511 ) 
4 159 160 (-3072 -1024 -511 ) (-3072 0 -511 ) (-2462 0 -511 ) (-2462 -1024 -511 ) 
4 160 261 (-3072 -1024 -512 ) (-3072 -1024 -511 ) (-3072 0 -511 ) (-3072 0 -512 ) 
4 160 170 (-2462 -1024 -512 ) (-2462 -1024 -511 ) (-3072 -1024 -511 ) (-3072 -1024 -512 ) 
4 161 164 (-2048 -1024 -467.260254 ) (-2048 -1024 -511 ) (-2048 -2038.998535 -511 ) (-2048 -2040.367432 -477.716522 ) 
4 162 176 (-1024 -2048 55.176361 ) (-1024 -2048 1024 ) (-2048 -2048 1024 ) (-2048 -2048 -27.277466 ) 
4 162 163 (-2048 -1024 1024 ) (-2048 -1024 -16.742676 ) (-2048 -2048 -27.277405 ) (-2048 -2048 1024 ) 
4 163 177 (-2048 -2048 -27.277466 ) (-2048 -2048 1024 ) (-2462 -2048 1024 ) (-2462 -2048 -60.613281 ) 
4 163 172 (-2462 -2048 -60.613281 ) (-2462 -2048 1024 ) (-2462 -2047 1024 ) (-2462 -2047 -60.602993 ) 
4 163 168 (-2462 -1024 -28 ) (-2462 -1024 -50.078613 ) (-2462 -2047 -60.602993 ) (-2462 -2047 -28 ) 
4 163 167 (-2462 -2047 1024 ) (-2462 -1024 1024 ) (-2462 -1024 -28 ) (-2462 -2047 -28 ) 
3 164 169 (-2462 -1024 -500.595764 ) (-2462 -1024 -511 ) (-2462 -2035.302002 -511 ) 
5 164 166 (-2112 -2038.994019 -511 ) (-2461.528076 -2038.994019 -511 ) (-2462 -2035.300659 -511 ) (-2462 -1024 -511 ) (-2112 -1024 -511 ) 
5 164 165 (-2462 -1024 -500.595642 ) (-2462 -2035.312500 -511 ) (-2461.528320 -2039 -511 ) (-2388.918213 -2039.240356 -505.155853 ) (-2406.310059 -1024 -496.111450 ) 
3 165 178 (-2462 -2048 -165.086060 ) (-2462 -2048 -292.136719 ) (-2434.646729 -2048 -292.136719 ) 
4 165 171 (-2462 -2047 -316.450195 ) (-2462 -2048 -292.136658 ) (-2462 -2048 -165.086044 ) (-2462 -2047 -165.156708 ) 
6 165 169 (-2462 -2038.998291 -511 ) (-2462 -2047 -316.450195 ) (-2462 -2047 -165.156708 ) (-2462 -1024 -237.442581 ) (-2462 -1024 -500.595764 ) (-2462 -2035.302002 -511 ) 
3 165 166 (-2461.528076 -2038.994019 -511 ) (-2462 -2038.994019 -511 ) (-2462 -2035.300659 -511 ) 
4 166 170 (-2462 -2038.957153 -512 ) (-2462 -2038.998291 -511 ) (-2462 -1024 -511 ) (-2462 -1024 -512 ) 
4 167 262 (-3072 -2047 -28 ) (-3072 -2047 1024 ) (-3072 -1024 1024 ) (-3072 -1024 -28 ) 
4 167 172 (-2491.528809 -2047 -28 ) (-2462 -2047 -28 ) (-2462 -2047 1024 ) (-2718.017822 -2047 1024 ) 
4 167 171 (-3072 -2047 1024 ) (-3072 -2047 -28 ) (-2491.528809 -2047 -28 ) (-2718.017822 -2047 1024 ) 
4 167 168 (-2462 -2047 -28 ) (-3072 -2047 -28 ) (-3072 -1024 -28 ) (-2462 -1024 -28 ) 
4 168 263 (-3072 -2047 -109.721008 ) (-3072 -2047 -28 ) (-3072 -1024 -28 ) (-3072 -1024 -99.196587 ) 
4 168 172 (-2484.126221 -2047 -62.384647 ) (-2462 -2047 -60.603012 ) (-2462 -2047 -28 ) (-2491.528809 -2047 -28 ) 
4 168 171 (-3072 -2047 -28 ) (-3072 -2047 -109.721016 ) (-2484.126221 -2047 -62.384647 ) (-2491.528809 -2047 -28 ) 
4 168 169 (-3072 -1024 -99.196564 ) (-2501.650879 -1024 -53.271336 ) (-2484.126221 -2047 -62.384663 ) (-3072 -2047 -109.721024 ) 
5 169 263 (-3072 -2047 -316.451416 ) (-3072 -2047 -109.721008 ) (-3072 -1024 -99.196587 ) (-3072 -1024 -511 ) (-3072 -2038.998291 -511 ) 
5 169 171 (-3072 -2047 -109.721016 ) (-3072 -2047 -316.451385 ) (-2462 -2047 -316.451416 ) (-2462 -2047 -165.156998 ) (-2484.126221 -2047 -62.384647 ) 
4 169 170 (-3072 -2038.998413 -511 ) (-3072 -1024 -511 ) (-2462 -1024 -511 ) (-2462 -2038.998291 -511 ) 
4 170 264 (-3072 -2038.957275 -512 ) (-3072 -2038.998413 -511 ) (-3072 -1024 -511 ) (-3072 -1024 -512 ) 
4 171 265 (-3072 -2048 -292.136475 ) (-3072 -2048 1024 ) (-3072 -2047 1024 ) (-3072 -2047 -316.452271 ) 
5 171 178 (-2462 -2048 -292.138702 ) (-2462 -2048 -165.085754 ) (-2484.108887 -2048 -62.393570 ) (-3072 -2048 -109.731323 ) (-3072 -2048 -292.136475 ) 
4 171 177 (-2484.108887 -2048 -62.393570 ) (-2718.002686 -2048 1024 ) (-3072 -2048 1024 ) (-3072 -2048 -109.731323 ) 
4 171 172 (-2484.124512 -2047 -62.384514 ) (-2718.016602 -2047 1024 ) (-2718.001465 -2048 1024 ) (-2484.107422 -2048 -62.393433 ) 
4 172 177 (-2462 -2048 -60.613319 ) (-2462 -2048 1024 ) (-2718.002686 -2048 1024 ) (-2484.108887 -2048 -62.393555 ) 
3 173 175 (0 -2048 137.630249 ) (0 -2048 -292.141968 ) (0 -2065.668701 137.448425 ) 
4 173 174 (0 -2048 1024 ) (0 -2048 137.630249 ) (0 -2065.668701 137.448425 ) (0 -2102.131592 1024 ) 
4 174 176 (-1024 -2048 1024 ) (-1024 -2048 55.176270 ) (-1024 -2062.278809 55.029373 ) (-1024 -2102.131592 1024 ) 
4 174 175 (-886.908630 -2048 66.215294 ) (0 -2048 137.630341 ) (0 -2065.668701 137.448563 ) (-886.656311 -2062.733398 66.084030 ) 
4 176 177 (-2048 -2048 1024 ) (-2048 -2048 -27.277466 ) (-2048 -2058.888916 -27.389488 ) (-2048 -2102.131592 1024 ) 
4 177 304 (-3072 -2102.131592 1024 ) (-3072 -2048 1024 ) (-3072 -2048 -109.731323 ) (-3072 -2055.499023 -109.808472 ) 
4 177 178 (-3072 -2055.499023 -109.808258 ) (-3072 -2048 -109.731110 ) (-2484.108887 -2048 -62.393349 ) (-2483.947266 -2057.445801 -62.477501 ) 
3 178 304 (-3072 -2055.499023 -109.808472 ) (-3072 -2048 -109.731323 ) (-3072 -2048 -292.136780 ) 
3 179 217 (-4096 1535 -512 ) (-4096 1535 -299.160370 ) (-4096 1544.711914 -512 ) 
4 179 182 (-4096 1535 -511 ) (-4096 1535 -512 ) (-3072 1535 -512 ) (-3072 1535 -511 ) 
4 179 181 (-4096 1535 -299.160400 ) (-4096 1535 -511 ) (-3072 1535 -511 ) (-3072 1535 -299.160370 ) 
4 180 218 (-4096 1024 -28 ) (-4096 1024 1024 ) (-4096 1474.623413 1024 ) (-4096 1522.626831 -28 ) 
4 180 202 (-3155 1024 26 ) (-3699 1024 26 ) (-3699 1024 -28 ) (-3155 1024 -28 ) 
4 180 201 (-3072 1024 -28 ) (-3072 1024 26 ) (-3155 1024 26 ) (-3155 1024 -28 ) 
4 180 206 (-3699 1024 26 ) (-4096 1024 26 ) (-4096 1024 -28 ) (-3699 1024 -28 ) 
4 180 199 (-3587 1024 154 ) (-3651 1024 154 ) (-3651 1024 26 ) (-3587 1024 26 ) 
4 180 200 (-3651 1024 154 ) (-4096 1024 154 ) (-4096 1024 26 ) (-3651 1024 26 ) 
4 180 188 (-3072 1024 26 ) (-3072 1024 154 ) (-3587 1024 154 ) (-3587 1024 26 ) 
4 180 184 (-3072 1024 154 ) (-3072 1024 218 ) (-4096 1024 218 ) (-4096 1024 154 ) 
4 180 183 (-3072 1024 218 ) (-3072 1024 1024 ) (-4096 1024 1024 ) (-4096 1024 218 ) 
4 180 181 (-4096 1024 -28 ) (-4096 1522.626709 -28 ) (-3072 1522.626831 -28 ) (-3072 1024 -28 ) 
5 181 219 (-4096 1024 -511 ) (-4096 1024 -28 ) (-4096 1522.626709 -28 ) (-4096 1535 -299.161255 ) (-4096 1535 -511 ) 
4 181 215 (-3072 1024 -511 ) (-3072 1024 -28 ) (-4096 1024 -28 ) (-4096 1024 -511 ) 
4 181 182 (-3072 1024 -511 ) (-4096 1024 -511 ) (-4096 1535 -511 ) (-3072 1535 -511 ) 
4 182 220 (-4096 1024 -512 ) (-4096 1024 -511 ) (-4096 1535 -511 ) (-4096 1535 -512 ) 
4 182 216 (-3072 1024 -512 ) (-3072 1024 -511 ) (-4096 1024 -511 ) (-4096 1024 -512 ) 
4 183 253 (-3459 0 1024 ) (-3523 0 1024 ) (-3523 0 218 ) (-3459 0 218 ) 
4 183 252 (-3072 0 218 ) (-3072 0 1024 ) (-3459 0 1024 ) (-3459 0 218 ) 
4 183 255 (-3523 0 1024 ) (-4096 0 1024 ) (-4096 0 218 ) (-3523 0 218 ) 
4 183 225 (-4096 0 218 ) (-4096 0 1024 ) (-4096 1024 1024 ) (-4096 1024 218 ) 
4 183 187 (-3255.569824 426.666016 218 ) (-3072 426.666016 218 ) (-3072 149.334045 218 ) (-3255.569824 149.334030 218 ) 
4 183 186 (-4096 149.334000 218 ) (-4096 426.666016 218 ) (-3598.429932 426.666016 218 ) (-3598.429932 149.334015 218 ) 
4 183 185 (-4096 0 218 ) (-4096 149.334000 218 ) (-3072 149.334045 218 ) (-3072 0 218 ) 
4 183 184 (-4096 426.666016 218 ) (-4096 1024 218 ) (-3072 1024 218 ) (-3072 426.666016 218 ) 
4 184 225 (-4096 426.666016 218 ) (-4096 1024 218 ) (-4096 1024 154 ) (-4096 496 154 ) 
4 184 199 (-3651 1024 154 ) (-3587 1024 154 ) (-3587 496 154 ) (-3651 496 154 ) 
4 184 200 (-4096 496 154 ) (-4096 1024 154 ) (-3651 1024 154 ) (-3651 496 154 ) 
4 184 188 (-3587 1024 154 ) (-3072 1024 154 ) (-3072 496 154 ) (-3587 496 154 ) 
4 184 187 (-3072 426.666107 218 ) (-3255.569824 426.666107 218 ) (-3187 496.001038 154 ) (-3072 496.001038 154 ) 
4 184 186 (-3598.429932 426.666138 218 ) (-4096 426.666138 218 ) (-4096 496.001068 154 ) (-3667 496.001068 154 ) 
4 185 253 (-3459 0 218 ) (-3523 0 218 ) (-3523 0 154 ) (-3459 0 154 ) 
4 185 252 (-3072 0 154 ) (-3072 0 218 ) (-3459 0 218 ) (-3459 0 154 ) 
4 185 255 (-3523 0 218 ) (-4096 0 218 ) (-4096 0 154 ) (-3523 0 154 ) 
4 185 225 (-4096 0 154 ) (-4096 0 218 ) (-4096 149.334000 218 ) (-4096 80 154 ) 
4 185 212 (-3523 80 154 ) (-3459 80 154 ) (-3459 0 154 ) (-3523 0 154 ) 
4 185 211 (-3459 80 154 ) (-3072 80 154 ) (-3072 0 154 ) (-3459 0 154 ) 
4 185 214 (-4096 0 154 ) (-4096 80 154 ) (-3523 80 154 ) (-3523 0 154 ) 
4 185 187 (-3072 80.001045 154 ) (-3187 80.001045 154 ) (-3255.569824 149.336060 218 ) (-3072 149.336060 218 ) 
4 185 186 (-3667 80.001038 154 ) (-4096 80.001030 154 ) (-4096 149.336060 218 ) (-3598.429932 149.336060 218 ) 
4 186 225 (-4096 149.334000 218 ) (-4096 426.666016 218 ) (-4096 496 154 ) (-4096 80 154 ) 
4 186 207 (-4096 80 154 ) (-4096 96 154 ) (-3667 96 154 ) (-3667 80 154 ) 
4 186 200 (-4096 96 154 ) (-4096 496 154 ) (-3667 496 154 ) (-3667 96 154 ) 
4 187 207 (-3072 96 154 ) (-3072 80 154 ) (-3187 80 154 ) (-3187 96 154 ) 
4 187 189 (-3072 480 154 ) (-3072 96 154 ) (-3187 96 154 ) (-3187 480 154 ) 
4 187 188 (-3187 496 154 ) (-3072 496 154 ) (-3072 480 154 ) (-3187 480 154 ) 
3 188 204 (-3187 528 26 ) (-3155 528 26 ) (-3155 496 26 ) 
4 188 202 (-3587 528 26 ) (-3587 1024 26 ) (-3155 1024 26 ) (-3155 528 26 ) 
4 188 201 (-3155 1024 26 ) (-3072 1024 26 ) (-3072 480 26 ) (-3155 480 26 ) 
4 188 199 (-3587 1024 26 ) (-3587 480 26 ) (-3587 480 154 ) (-3587 1024 154 ) 
4 188 195 (-3587 480 27 ) (-3587 480 26 ) (-3267 480 26 ) (-3267 480 27 ) 
4 188 191 (-3203 480 26 ) (-3195 480 26 ) (-3195 480 28 ) (-3203 480 28 ) 
4 188 190 (-3195 480 29 ) (-3195 480 154 ) (-3203 480 154 ) (-3203 480 29 ) 
4 188 189 (-3195 480 26 ) (-3072 480 26 ) (-3072 480 154 ) (-3195 480 154 ) 
4 189 207 (-3072 96 26 ) (-3072 96 154 ) (-3195 96 154 ) (-3195 96 26 ) 
4 189 201 (-3072 96 26 ) (-3155 96 26 ) (-3155 480 26 ) (-3072 480 26 ) 
4 189 192 (-3195 112 26 ) (-3195 96 26 ) (-3195 96 154 ) (-3195 112 154 ) 
4 189 191 (-3195 480 28 ) (-3195 480 26 ) (-3195 112 26 ) (-3195 112 28 ) 
4 189 190 (-3195 480 154 ) (-3195 480 29 ) (-3195 112 29 ) (-3195 112 154 ) 
4 190 192 (-3203 112 29 ) (-3195 112 29 ) (-3195 112 154 ) (-3203 112 154 ) 
4 191 192 (-3203 112 26 ) (-3195 112 26 ) (-3195 112 28 ) (-3203 112 28 ) 
4 192 207 (-3195 96 154 ) (-3203 96 154 ) (-3203 96 26 ) (-3195 96 26 ) 
4 193 196 (-3523 160 29 ) (-3459 160 29 ) (-3459 160 154 ) (-3523 160 154 ) 
4 194 197 (-3523 160 27 ) (-3459 160 27 ) (-3459 160 28 ) (-3523 160 28 ) 
4 194 195 (-3267 160 27 ) (-3587 160 27 ) (-3587 415.986023 27 ) (-3267 415.986023 27 ) 
4 195 197 (-3523 160 26 ) (-3459 160 26 ) (-3459 160 27 ) (-3523 160 27 ) 
4 196 198 (-3523 112 29 ) (-3459 112 29 ) (-3459 112 154 ) (-3523 112 154 ) 
4 197 198 (-3523 112 26 ) (-3459 112 26 ) (-3459 112 28 ) (-3523 112 28 ) 
4 198 207 (-3459 96 154 ) (-3523 96 154 ) (-3523 96 26 ) (-3459 96 26 ) 
4 199 202 (-3651 528 26 ) (-3651 1024 26 ) (-3587 1024 26 ) (-3587 528 26 ) 
4 199 200 (-3651 1024 26 ) (-3651 480 26 ) (-3651 480 154 ) (-3651 1024 154 ) 
4 200 225 (-4096 96 154 ) (-4096 1024 154 ) (-4096 1024 26 ) (-4096 96 26 ) 
4 200 207 (-3651 96 154 ) (-4096 96 154 ) (-4096 96 26 ) (-3651 96 26 ) 
3 200 203 (-3699 496 26 ) (-3699 528 26 ) (-3667 528 26 ) 
4 200 202 (-3699 528 26 ) (-3699 1024 26 ) (-3651 1024 26 ) (-3651 528 26 ) 
4 200 206 (-3699 96 26 ) (-4096 96 26 ) (-4096 1024 26 ) (-3699 1024 26 ) 
4 201 209 (-3072 96 10 ) (-3072 96 26 ) (-3155 96 26 ) (-3155 96 10 ) 
4 201 210 (-3155 96 -28 ) (-3072 96 -28 ) (-3072 96 10 ) (-3155 96 10 ) 
4 201 204 (-3155 496 26 ) (-3155 528 26 ) (-3155 528 10 ) (-3155 496 10 ) 
4 201 205 (-3155 528 -28 ) (-3155 96 -28 ) (-3155 96 10 ) (-3155 528 10 ) 
4 201 202 (-3155 1024 -28 ) (-3155 528 -28 ) (-3155 528 26 ) (-3155 1024 26 ) 
4 201 215 (-3155 1024 -28 ) (-3072 1024 -28 ) (-3072 96 -28 ) (-3155 96 -28 ) 
4 202 204 (-3187 528 10 ) (-3155 528 10 ) (-3155 528 26 ) (-3187 528 26 ) 
4 202 203 (-3699 528 26 ) (-3699 528 10 ) (-3667 528 10 ) (-3667 528 26 ) 
4 202 205 (-3699 528 10 ) (-3699 528 -28 ) (-3155 528 -28 ) (-3155 528 10 ) 
4 202 215 (-3699 1024 -28 ) (-3155 1024 -28 ) (-3155 528 -28 ) (-3699 528 -28 ) 
4 202 206 (-3699 1024 -28 ) (-3699 528 -28 ) (-3699 528 26 ) (-3699 1024 26 ) 
3 203 205 (-3699 496 10 ) (-3699 528 10 ) (-3667 528 10 ) 
4 203 206 (-3699 496 26 ) (-3699 528 26 ) (-3699 528 10 ) (-3699 496 10 ) 
3 204 205 (-3187 528 10 ) (-3155 528 10 ) (-3155 496 10 ) 
4 205 210 (-3699 96 -28 ) (-3155 96 -28 ) (-3155 96 10 ) (-3699 96 10 ) 
4 205 206 (-3699 528 -28 ) (-3699 96 -28 ) (-3699 96 10 ) (-3699 528 10 ) 
4 205 215 (-3155 528 -28 ) (-3155 96 -28 ) (-3699 96 -28 ) (-3699 528 -28 ) 
4 206 225 (-4096 1024 26 ) (-4096 1024 -28 ) (-4096 96 -28 ) (-4096 96 26 ) 
4 206 208 (-3699 96 10 ) (-3699 96 26 ) (-4096 96 26 ) (-4096 96 10 ) 
4 206 210 (-4096 96 -28 ) (-3699 96 -28 ) (-3699 96 10 ) (-4096 96 10 ) 
4 206 215 (-4096 96 -28 ) (-4096 1024 -28 ) (-3699 1024 -28 ) (-3699 96 -28 ) 
4 207 225 (-4096 80 154 ) (-4096 96 154 ) (-4096 96 26 ) (-4096 80 26 ) 
4 207 212 (-3459 80 154 ) (-3523 80 154 ) (-3523 80 26.472099 ) (-3459 80 26.472099 ) 
4 207 211 (-3072 80 26 ) (-3072 80 154 ) (-3459 80 154 ) (-3459 80 26 ) 
4 207 214 (-3523 80 154 ) (-4096 80 154 ) (-4096 80 26 ) (-3523 80 26 ) 
4 207 209 (-3072 80 26 ) (-3171 80 26 ) (-3155 96 26 ) (-3072 96 26 ) 
4 207 208 (-3683 80 26 ) (-4096 80 26 ) (-4096 96 26 ) (-3699 96 26 ) 
4 208 225 (-4096 96 26 ) (-4096 96 10 ) (-4096 80 10 ) (-4096 80 26 ) 
4 208 214 (-3683 80 26 ) (-4096 80 26 ) (-4096 80 10 ) (-3683 80 10 ) 
4 208 210 (-3683 80 10 ) (-4096 80 10 ) (-4096 96 10 ) (-3699 96 10 ) 
4 209 211 (-3072 80 10 ) (-3072 80 26 ) (-3171 80 26 ) (-3171 80 10 ) 
4 209 210 (-3072 80 10 ) (-3171 80 10 ) (-3155 96 10 ) (-3072 96 10 ) 
4 210 225 (-4096 96 10 ) (-4096 96 -28 ) (-4096 80 -28 ) (-4096 80 10 ) 
4 210 213 (-3523 80 -28 ) (-3459 80 -28 ) (-3459 80 9.472130 ) (-3523 80 9.472130 ) 
4 210 211 (-3459 80 -28 ) (-3072 80 -28 ) (-3072 80 10 ) (-3459 80 10 ) 
4 210 214 (-4096 80 -28 ) (-3523 80 -28 ) (-3523 80 10 ) (-4096 80 10 ) 
4 210 215 (-4096 80 -28 ) (-4096 96 -28 ) (-3072 96 -28 ) (-3072 80 -28 ) 
4 211 252 (-3072 0 -28 ) (-3072 0 154 ) (-3459 0 154 ) (-3459 0 -28 ) 
4 211 212 (-3459 80 154 ) (-3459 80 26.472099 ) (-3459 0 26.472099 ) (-3459 0 154 ) 
4 211 213 (-3459 80 9.472130 ) (-3459 80 -28 ) (-3459 0 -28 ) (-3459 0 9.472130 ) 
4 211 215 (-3072 0 -28 ) (-3459 0 -28 ) (-3459 80 -28 ) (-3072 80 -28 ) 
4 212 253 (-3459 0 154 ) (-3523 0 154 ) (-3523 0 26.472099 ) (-3459 0 26.472099 ) 
4 212 214 (-3523 80 154 ) (-3523 80 26.472099 ) (-3523 0 26.472099 ) (-3523 0 154 ) 
4 213 254 (-3523 0 9.472130 ) (-3523 0 -28 ) (-3459 0 -28 ) (-3459 0 9.472130 ) 
4 213 215 (-3459 0 -28 ) (-3523 0 -28 ) (-3523 80 -28 ) (-3459 80 -28 ) 
4 213 214 (-3523 80 9.472130 ) (-3523 80 -28 ) (-3523 0 -28 ) (-3523 0 9.472130 ) 
4 214 255 (-3523 0 154 ) (-4096 0 154 ) (-4096 0 -28 ) (-3523 0 -28 ) 
4 214 225 (-4096 0 -28 ) (-4096 0 154 ) (-4096 80 154 ) (-4096 80 -28 ) 
4 214 215 (-3523 0 -28 ) (-4096 0 -28 ) (-4096 80 -28 ) (-3523 80 -28 ) 
4 215 260 (-3072 0 -511 ) (-3072 0 -28 ) (-4096 0 -28 ) (-4096 0 -511 ) 
4 215 226 (-4096 0 -511 ) (-4096 0 -28 ) (-4096 1024 -28 ) (-4096 1024 -511 ) 
4 215 216 (-4096 0 -511 ) (-4096 1024 -511 ) (-3072 1024 -511 ) (-3072 0 -511 ) 
4 216 261 (-3072 0 -512 ) (-3072 0 -511 ) (-4096 0 -511 ) (-4096 0 -512 ) 
4 216 227 (-4096 0 -512 ) (-4096 0 -511 ) (-4096 1024 -511 ) (-4096 1024 -512 ) 
3 217 221 (-5120 1535 -512 ) (-5120 1535 -299.157715 ) (-5120 1544.712158 -512 ) 
4 217 220 (-4096 1535 -512 ) (-4096 1535 -511 ) (-5120 1535 -511 ) (-5120 1535 -512 ) 
4 217 219 (-4096 1535 -511 ) (-4096 1535 -299.160370 ) (-5120 1535 -299.157715 ) (-5120 1535 -511 ) 
4 218 225 (-4096 1024 -28 ) (-4096 1024 1024 ) (-5120 1024 1024 ) (-5120 1024 -28 ) 
4 218 222 (-5120 1024 -28 ) (-5120 1024 1024 ) (-5120 1474.623535 1024 ) (-5120 1522.626953 -28 ) 
4 218 219 (-4096 1024 -28 ) (-5120 1024 -28 ) (-5120 1522.626953 -28 ) (-4096 1522.626831 -28 ) 
4 219 226 (-4096 1024 -511 ) (-4096 1024 -28 ) (-5120 1024 -28 ) (-5120 1024 -511 ) 
5 219 223 (-5120 1024 -511 ) (-5120 1024 -28 ) (-5120 1522.626953 -28 ) (-5120 1535 -299.158600 ) (-5120 1535 -511 ) 
4 219 220 (-5120 1024 -511 ) (-5120 1535 -511 ) (-4096 1535 -511 ) (-4096 1024 -511 ) 
4 220 227 (-4096 1024 -512 ) (-4096 1024 -511 ) (-5120 1024 -511 ) (-5120 1024 -512 ) 
4 220 224 (-5120 1024 -512 ) (-5120 1024 -511 ) (-5120 1535 -511 ) (-5120 1535 -512 ) 
3 221 231 (-6144 1535 -512 ) (-6144 1535 -299.157715 ) (-6144 1544.712158 -512 ) 
4 221 224 (-5120 1535 -512 ) (-5120 1535 -511 ) (-6144 1535 -511 ) (-6144 1535 -512 ) 
4 221 223 (-5120 1535 -511 ) (-5120 1535 -299.157715 ) (-6144 1535 -299.157715 ) (-6144 1535 -511 ) 
4 222 232 (-6144 1024 -28 ) (-6144 1024 1024 ) (-6144 1474.623535 1024 ) (-6144 1522.626953 -28 ) 
4 222 228 (-5120 1024 -28 ) (-5120 1024 1024 ) (-6144 1024 1024 ) (-6144 1024 -28 ) 
4 222 223 (-5120 1522.626953 -28 ) (-5120 1024 -28 ) (-6144 1024 -28 ) (-6144 1522.626953 -28 ) 
5 223 233 (-6144 1024 -511 ) (-6144 1024 -28 ) (-6144 1522.626953 -28 ) (-6144 1535 -299.158600 ) (-6144 1535 -511 ) 
4 223 229 (-5120 1024 -511 ) (-5120 1024 -28 ) (-6144 1024 -28 ) (-6144 1024 -511 ) 
4 223 224 (-5120 1024 -511 ) (-6144 1024 -511 ) (-6144 1535 -511 ) (-5120 1535 -511 ) 
4 224 234 (-6144 1024 -512 ) (-6144 1024 -511 ) (-6144 1535 -511 ) (-6144 1535 -512 ) 
4 224 230 (-5120 1024 -512 ) (-5120 1024 -511 ) (-6144 1024 -511 ) (-6144 1024 -512 ) 
4 225 266 (-4096 0 -28 ) (-4096 0 1024 ) (-5120 0 1024 ) (-5120 0 -28 ) 
4 225 228 (-5120 1024 1024 ) (-5120 1024 -28 ) (-5120 0 -28 ) (-5120 0 1024 ) 
4 225 226 (-4096 0 -28 ) (-5120 0 -28 ) (-5120 1024 -28 ) (-4096 1024 -28 ) 
4 226 270 (-4096 0 -511 ) (-4096 0 -28 ) (-5120 0 -28 ) (-5120 0 -511 ) 
4 226 229 (-5120 1024 -28 ) (-5120 1024 -511 ) (-5120 0 -511 ) (-5120 0 -28 ) 
4 226 227 (-5120 1024 -511 ) (-4096 1024 -511 ) (-4096 0 -511 ) (-5120 0 -511 ) 
4 227 271 (-4096 0 -512 ) (-4096 0 -511 ) (-5120 0 -511 ) (-5120 0 -512 ) 
4 227 230 (-5120 1024 -511 ) (-5120 1024 -512 ) (-5120 0 -512 ) (-5120 0 -511 ) 
4 228 273 (-5120 0 -23 ) (-5120 0 -6 ) (-5631 0 -6 ) (-5631 0 -23 ) 
4 228 292 (-5631 0 -6 ) (-6144 0 -6 ) (-6144 0 -23 ) (-5631 0 -23 ) 
4 228 293 (-5120 0 -28 ) (-5120 0 -23 ) (-6144 0 -23 ) (-6144 0 -28 ) 
4 228 272 (-5120 0 -6 ) (-5120 0 1024 ) (-6144 0 1024 ) (-6144 0 -6 ) 
4 228 239 (-6144 0 -28 ) (-6144 0 1024 ) (-6144 1024 1024 ) (-6144 1024 -28 ) 
4 228 229 (-5120 0 -28 ) (-6144 0 -28 ) (-6144 1024 -28 ) (-5120 1024 -28 ) 
4 229 294 (-5120 0 -511 ) (-5120 0 -28 ) (-6144 0 -28 ) (-6144 0 -511 ) 
4 229 240 (-6144 0 -511 ) (-6144 0 -28 ) (-6144 1024 -28 ) (-6144 1024 -511 ) 
4 229 230 (-5120 1024 -511 ) (-5120 0 -511 ) (-6144 0 -511 ) (-6144 1024 -511 ) 
4 230 295 (-5120 0 -512 ) (-5120 0 -511 ) (-6144 0 -511 ) (-6144 0 -512 ) 
4 230 241 (-6144 0 -512 ) (-6144 0 -511 ) (-6144 1024 -511 ) (-6144 1024 -512 ) 
3 231 235 (-7168 1535 -512 ) (-7168 1535 -299.155029 ) (-7168 1544.712158 -512 ) 
4 231 234 (-6144 1535 -512 ) (-6144 1535 -511 ) (-7168 1535 -511 ) (-7168 1535 -512 ) 
4 231 233 (-6144 1535 -511 ) (-6144 1535 -299.157715 ) (-7168 1535 -299.155029 ) (-7168 1535 -511 ) 
4 232 239 (-6144 1024 -28 ) (-6144 1024 1024 ) (-7168 1024 1024 ) (-7168 1024 -28 ) 
4 232 236 (-7168 1024 -28 ) (-7168 1024 1024 ) (-7168 1474.623657 1024 ) (-7168 1522.627075 -28 ) 
4 232 233 (-6144 1024 -28 ) (-7168 1024 -28 ) (-7168 1522.626953 -28 ) (-6144 1522.626953 -28 ) 
4 233 240 (-6144 1024 -511 ) (-6144 1024 -28 ) (-7168 1024 -28 ) (-7168 1024 -511 ) 
5 233 237 (-7168 1024 -511 ) (-7168 1024 -28 ) (-7168 1522.626953 -28 ) (-7168 1535 -299.155914 ) (-7168 1535 -511 ) 
4 233 234 (-7168 1024 -511 ) (-7168 1535 -511 ) (-6144 1535 -511 ) (-6144 1024 -511 ) 
4 234 241 (-6144 1024 -512 ) (-6144 1024 -511 ) (-7168 1024 -511 ) (-7168 1024 -512 ) 
4 234 238 (-7168 1024 -512 ) (-7168 1024 -511 ) (-7168 1535 -511 ) (-7168 1535 -512 ) 
3 235 245 (-8192 1535 -512 ) (-8192 1535 -299.155029 ) (-8192 1544.712158 -512 ) 
4 235 238 (-7168 1535 -512 ) (-7168 1535 -511 ) (-8192 1535 -511 ) (-8192 1535 -512 ) 
4 235 237 (-7168 1535 -511 ) (-7168 1535 -299.155029 ) (-8192 1535 -299.155029 ) (-8192 1535 -511 ) 
4 236 246 (-8192 1024 -28 ) (-8192 1024 1024 ) (-8192 1474.623657 1024 ) (-8192 1522.627075 -28 ) 
4 236 242 (-7168 1024 -28 ) (-7168 1024 1024 ) (-8192 1024 1024 ) (-8192 1024 -28 ) 
4 236 237 (-7168 1522.627075 -28 ) (-7168 1024 -28 ) (-8192 1024 -28 ) (-8192 1522.626953 -28 ) 
5 237 247 (-8192 1024 -511 ) (-8192 1024 -28 ) (-8192 1522.626953 -28 ) (-8192 1535 -299.155914 ) (-8192 1535 -511 ) 
4 237 243 (-7168 1024 -511 ) (-7168 1024 -28 ) (-8192 1024 -28 ) (-8192 1024 -511 ) 
4 237 238 (-7168 1024 -511 ) (-8192 1024 -511 ) (-8192 1535 -511 ) (-7168 1535 -511 ) 
4 238 248 (-8192 1024 -512 ) (-8192 1024 -511 ) (-8192 1535 -511 ) (-8192 1535 -512 ) 
4 238 244 (-7168 1024 -512 ) (-7168 1024 -511 ) (-8192 1024 -511 ) (-8192 1024 -512 ) 
4 239 307 (-6144 0 -28 ) (-6144 0 1024 ) (-7168 0 1024 ) (-7168 0 -28 ) 
4 239 242 (-7168 1024 1024 ) (-7168 1024 -28 ) (-7168 0 -28 ) (-7168 0 1024 ) 
4 239 240 (-6144 0 -28 ) (-7168 0 -28 ) (-7168 1024 -28 ) (-6144 1024 -28 ) 
4 240 308 (-6144 0 -511 ) (-6144 0 -28 ) (-7168 0 -28 ) (-7168 0 -511 ) 
4 240 243 (-7168 1024 -28 ) (-7168 1024 -511 ) (-7168 0 -511 ) (-7168 0 -28 ) 
4 240 241 (-7168 1024 -511 ) (-6144 1024 -511 ) (-6144 0 -511 ) (-7168 0 -511 ) 
4 241 309 (-6144 0 -512 ) (-6144 0 -511 ) (-7168 0 -511 ) (-7168 0 -512 ) 
4 241 244 (-7168 1024 -511 ) (-7168 1024 -512 ) (-7168 0 -512 ) (-7168 0 -511 ) 
4 242 310 (-7168 0 -28 ) (-7168 0 1024 ) (-8192 0 1024 ) (-8192 0 -28 ) 
4 242 249 (-8192 0 -28 ) (-8192 0 1024 ) (-8192 1024 1024 ) (-8192 1024 -28 ) 
4 242 243 (-7168 0 -28 ) (-8192 0 -28 ) (-8192 1024 -28 ) (-7168 1024 -28 ) 
4 243 311 (-7168 0 -511 ) (-7168 0 -28 ) (-8192 0 -28 ) (-8192 0 -511 ) 
4 243 250 (-8192 0 -511 ) (-8192 0 -28 ) (-8192 1024 -28 ) (-8192 1024 -511 ) 
4 243 244 (-7168 1024 -511 ) (-7168 0 -511 ) (-8192 0 -511 ) (-8192 1024 -511 ) 
4 244 312 (-7168 0 -512 ) (-7168 0 -511 ) (-8192 0 -511 ) (-8192 0 -512 ) 
4 244 251 (-8192 0 -512 ) (-8192 0 -511 ) (-8192 1024 -511 ) (-8192 1024 -512 ) 
4 245 248 (-8192 1535 -512 ) (-8192 1535 -511 ) (-8600 1535 -511 ) (-8600 1535 -512 ) 
4 245 247 (-8192 1535 -511 ) (-8192 1535 -299.155029 ) (-8600 1535 -299.155029 ) (-8600 1535 -511 ) 
4 246 249 (-8192 1024 -28 ) (-8192 1024 1024 ) (-8600 1024 1024 ) (-8600 1024 -28 ) 
4 246 247 (-8192 1024 -28 ) (-8600 1024 -28 ) (-8600 1522.626953 -28 ) (-8192 1522.627075 -28 ) 
4 247 250 (-8192 1024 -511 ) (-8192 1024 -28 ) (-8600 1024 -28 ) (-8600 1024 -511 ) 
4 247 248 (-8600 1535 -511 ) (-8192 1535 -511 ) (-8192 1024 -511 ) (-8600 1024 -511 ) 
4 248 251 (-8192 1024 -512 ) (-8192 1024 -511 ) (-8600 1024 -511 ) (-8600 1024 -512 ) 
4 249 321 (-8192 0 -28 ) (-8192 0 1024 ) (-8600 0 1024 ) (-8600 0 -28 ) 
4 249 250 (-8192 0 -28 ) (-8600 0 -28 ) (-8600 1024 -28 ) (-8192 1024 -28 ) 
4 250 322 (-8192 0 -511 ) (-8192 0 -28 ) (-8600 0 -28 ) (-8600 0 -511 ) 
4 250 251 (-8600 1024 -511 ) (-8192 1024 -511 ) (-8192 0 -511 ) (-8600 0 -511 ) 
4 251 323 (-8192 0 -512 ) (-8192 0 -511 ) (-8600 0 -511 ) (-8600 0 -512 ) 
4 252 256 (-3459 -243 -28 ) (-3072 -243 -28 ) (-3072 -243 1024 ) (-3459 -243 1024 ) 
4 252 253 (-3459 -243 26.472099 ) (-3459 -243 1024 ) (-3459 0 1024 ) (-3459 0 26.472099 ) 
4 252 254 (-3459 0 -28 ) (-3459 -243 -28 ) (-3459 -243 9.472130 ) (-3459 0 9.472130 ) 
4 252 260 (-3459 0 -28 ) (-3072 0 -28 ) (-3072 -243 -28 ) (-3459 -243 -28 ) 
4 253 256 (-3459 -243 26.472099 ) (-3459 -243 1024 ) (-3523 -243 1024 ) (-3523 -243 26.472099 ) 
4 253 255 (-3523 -243 26.472099 ) (-3523 -243 1024 ) (-3523 0 1024 ) (-3523 0 26.472099 ) 
4 254 256 (-3523 -243 -28 ) (-3459 -243 -28 ) (-3459 -243 9.472130 ) (-3523 -243 9.472130 ) 
4 254 260 (-3523 0 -28 ) (-3459 0 -28 ) (-3459 -243 -28 ) (-3523 -243 -28 ) 
4 254 255 (-3523 0 -28 ) (-3523 -243 -28 ) (-3523 -243 9.472130 ) (-3523 0 9.472130 ) 
4 255 266 (-4096 0 1024 ) (-4096 0 -28 ) (-4096 -243 -28 ) (-4096 -243 1024 ) 
4 255 256 (-4096 -243 -28 ) (-3523 -243 -28 ) (-3523 -243 1024 ) (-4096 -243 1024 ) 
4 255 260 (-4096 -243 -28 ) (-4096 0 -28 ) (-3523 0 -28 ) (-3523 -243 -28 ) 
4 256 266 (-4096 -243 -28 ) (-4096 -252 -28 ) (-4096 -252 1024 ) (-4096 -243 1024 ) 
4 256 257 (-3072 -252 -6 ) (-3072 -252 1024 ) (-4096 -252 1024 ) (-4096 -252 -6 ) 
4 256 258 (-4096 -252 -28 ) (-3072 -252 -28 ) (-3072 -252 -22 ) (-4096 -252 -22 ) 
4 256 260 (-4096 -252 -28 ) (-4096 -243 -28 ) (-3072 -243 -28 ) (-3072 -252 -28 ) 
4 257 267 (-4096 -437.751038 -6 ) (-4096 -437.751038 1024 ) (-4096 -252 1024 ) (-4096 -252 -6 ) 
4 257 259 (-3072 -437.751038 -6 ) (-3072 -437.751038 1024 ) (-4096 -437.751038 1024 ) (-4096 -437.751038 -6 ) 
4 258 268 (-4096 -252 -28 ) (-4096 -437.751038 -28 ) (-4096 -437.751038 -22 ) (-4096 -252 -22 ) 
4 258 260 (-4096 -437.751038 -28 ) (-4096 -252 -28 ) (-3072 -252 -28 ) (-3072 -437.751038 -28 ) 
4 258 259 (-4096 -437.751038 -28 ) (-3072 -437.751038 -28 ) (-3072 -437.751038 -22 ) (-4096 -437.751038 -22 ) 
4 259 269 (-4096 -437.751038 -28 ) (-4096 -1024 -28 ) (-4096 -1024 1024 ) (-4096 -437.751038 1024 ) 
4 259 262 (-3072 -1024 -28 ) (-3072 -1024 1024 ) (-4096 -1024 1024 ) (-4096 -1024 -28 ) 
4 259 260 (-3072 -1024 -28 ) (-4096 -1024 -28 ) (-4096 -437.751038 -28 ) (-3072 -437.751038 -28 ) 
4 260 270 (-4096 0 -28 ) (-4096 0 -511 ) (-4096 -1024 -511 ) (-4096 -1024 -28 ) 
4 260 263 (-3072 -1024 -511 ) (-3072 -1024 -28 ) (-4096 -1024 -28 ) (-4096 -1024 -511 ) 
4 260 261 (-4096 -1024 -511 ) (-4096 0 -511 ) (-3072 0 -511 ) (-3072 -1024 -511 ) 
4 261 271 (-4096 0 -511 ) (-4096 0 -512 ) (-4096 -1024 -512 ) (-4096 -1024 -511 ) 
4 261 264 (-3072 -1024 -512 ) (-3072 -1024 -511 ) (-4096 -1024 -511 ) (-4096 -1024 -512 ) 
4 262 296 (-4096 -2047 -28 ) (-4096 -2047 1024 ) (-4096 -1024 1024 ) (-4096 -1024 -28 ) 
4 262 265 (-4096 -2047 1024 ) (-4096 -2047 -28 ) (-3072 -2047 -28 ) (-3072 -2047 1024 ) 
4 262 263 (-3072 -2047 -28 ) (-4096 -2047 -28 ) (-4096 -1024 -28 ) (-3072 -1024 -28 ) 
5 263 297 (-4096 -2047 -316.450195 ) (-4096 -2047 -28 ) (-4096 -1024 -28 ) (-4096 -1024 -511 ) (-4096 -2038.998291 -511 ) 
4 263 265 (-4096 -2047 -28 ) (-4096 -2047 -316.450195 ) (-3072 -2047 -316.451416 ) (-3072 -2047 -28 ) 
4 263 264 (-4096 -2038.998413 -511 ) (-4096 -1024 -511 ) (-3072 -1024 -511 ) (-3072 -2038.998291 -511 ) 
4 264 298 (-4096 -2038.957275 -512 ) (-4096 -2038.998413 -511 ) (-4096 -1024 -511 ) (-4096 -1024 -512 ) 
4 265 304 (-3072 -2048 -292.136475 ) (-3072 -2048 1024 ) (-4096 -2048 1024 ) (-4096 -2048 -292.135742 ) 
4 265 299 (-4096 -2048 -292.135773 ) (-4096 -2048 1024 ) (-4096 -2047 1024 ) (-4096 -2047 -316.446899 ) 
4 266 275 (-5120 -252 -22 ) (-5120 -252 -6 ) (-5120 -84.508698 -6 ) (-5120 -80.135780 -22 ) 
4 266 278 (-5120 -79.862473 -23 ) (-5120 -252 -23 ) (-5120 -252 -22 ) (-5120 -80.135780 -22 ) 
4 266 273 (-5120 0 -6 ) (-5120 0 -23 ) (-5120 -79.862473 -23 ) (-5120 -84.508698 -6 ) 
4 266 293 (-5120 0 -23 ) (-5120 0 -28 ) (-5120 -252 -28 ) (-5120 -252 -23 ) 
4 266 272 (-5120 0 1024 ) (-5120 0 -6 ) (-5120 -252 -6 ) (-5120 -252 1024 ) 
4 266 267 (-4096 -252 -6 ) (-4096 -252 1024 ) (-5120 -252 1024 ) (-5120 -252 -6 ) 
4 266 268 (-5120 -252 -28 ) (-4096 -252 -28 ) (-4096 -252 -22 ) (-5120 -252 -22 ) 
4 266 270 (-5120 -252 -28 ) (-5120 0 -28 ) (-4096 0 -28 ) (-4096 -252 -28 ) 
4 267 272 (-5120 -437.751038 -6 ) (-5120 -437.751038 1024 ) (-5120 -252 1024 ) (-5120 -252 -6 ) 
4 267 269 (-4096 -437.751038 -6 ) (-4096 -437.751038 1024 ) (-5120 -437.751038 1024 ) (-5120 -437.751038 -6 ) 
4 268 284 (-5120 -437.751038 -23 ) (-5120 -437.751038 -22 ) (-5120 -435.649658 -22 ) (-5120 -435.376343 -23 ) 
4 268 278 (-5120 -435.649658 -22 ) (-5120 -252 -22 ) (-5120 -252 -23 ) (-5120 -435.376343 -23 ) 
4 268 293 (-5120 -252 -28 ) (-5120 -437.751038 -28 ) (-5120 -437.751038 -23 ) (-5120 -252 -23 ) 
4 268 270 (-5120 -437.751038 -28 ) (-5120 -252 -28 ) (-4096 -252 -28 ) (-4096 -437.751038 -28 ) 
4 268 269 (-5120 -437.751038 -28 ) (-4096 -437.751038 -28 ) (-4096 -437.751038 -22 ) (-5120 -437.751038 -22 ) 
4 269 296 (-4096 -1024 -28 ) (-4096 -1024 1024 ) (-5120 -1024 1024 ) (-5120 -1024 -28 ) 
4 269 286 (-5120 -608.143555 -6 ) (-5120 -437.751038 -6 ) (-5120 -437.751038 -23 ) (-5120 -608.143555 -23 ) 
4 269 274 (-5120 -1024 -23 ) (-5120 -1024 -6 ) (-5120 -608.143555 -6 ) (-5120 -608.143555 -23 ) 
4 269 293 (-5120 -437.751038 -28 ) (-5120 -1024 -28 ) (-5120 -1024 -23 ) (-5120 -437.751038 -23 ) 
4 269 272 (-5120 -1024 -6 ) (-5120 -1024 1024 ) (-5120 -437.751038 1024 ) (-5120 -437.751038 -6 ) 
4 269 270 (-5120 -1024 -28 ) (-5120 -437.751038 -28 ) (-4096 -437.751038 -28 ) (-4096 -1024 -28 ) 
4 270 297 (-4096 -1024 -511 ) (-4096 -1024 -28 ) (-5120 -1024 -28 ) (-5120 -1024 -511 ) 
4 270 294 (-5120 0 -28 ) (-5120 0 -511 ) (-5120 -1024 -511 ) (-5120 -1024 -28 ) 
4 270 271 (-4096 -1024 -511 ) (-5120 -1024 -511 ) (-5120 0 -511 ) (-4096 0 -511 ) 
4 271 298 (-4096 -1024 -512 ) (-4096 -1024 -511 ) (-5120 -1024 -511 ) (-5120 -1024 -512 ) 
4 271 295 (-5120 0 -511 ) (-5120 0 -512 ) (-5120 -1024 -512 ) (-5120 -1024 -511 ) 
4 272 307 (-6144 0 1024 ) (-6144 0 -6 ) (-6144 -1024 -6 ) (-6144 -1024 1024 ) 
4 272 300 (-5120 -1024 -6 ) (-5120 -1024 1024 ) (-6144 -1024 1024 ) (-6144 -1024 -6 ) 
4 272 290 (-5352.873047 -604.254456 -6 ) (-5411.950195 -603.267822 -6 ) (-5411.950195 -437.751038 -6 ) (-5352.873047 -437.751038 -6 ) 
4 272 289 (-5260.946777 -605.789673 -6 ) (-5352.873047 -604.254456 -6 ) (-5352.873047 -437.751038 -6 ) (-5260.946777 -437.751038 -6 ) 
4 272 291 (-5411.950195 -603.267822 -6 ) (-5631 -599.609619 -6 ) (-5631 -437.751038 -6 ) (-5411.950195 -437.751038 -6 ) 
4 272 287 (-5200.053711 -606.806641 -6 ) (-5260.946777 -605.789673 -6 ) (-5260.946777 -602.267944 -6 ) (-5200.053711 -603.254517 -6 ) 
4 272 286 (-5120 -437.751038 -6 ) (-5120 -608.143555 -6 ) (-5200.053711 -606.806641 -6 ) (-5200.053711 -437.751038 -6 ) 
4 272 279 (-5631 -252 -6 ) (-5631 -76.235596 -6 ) (-5349.053711 -80.800308 -6 ) (-5349.053711 -252 -6 ) 
4 272 276 (-5191.053711 -252 -6 ) (-5251.946777 -252 -6 ) (-5251.946777 -250.765854 -6 ) (-5191.053711 -251.751434 -6 ) 
4 272 275 (-5120 -84.508682 -6 ) (-5120 -252 -6 ) (-5191.053711 -252 -6 ) (-5191.053711 -83.358322 -6 ) 
4 272 277 (-5251.946777 -252 -6 ) (-5349.053711 -252 -6 ) (-5349.053711 -80.800308 -6 ) (-5251.946777 -82.372467 -6 ) 
4 272 274 (-5120 -608.143555 -6 ) (-5120 -1024 -6 ) (-5631 -1024 -6 ) (-5631 -599.609619 -6 ) 
4 272 273 (-5631 0 -6 ) (-5120 0 -6 ) (-5120 -84.508682 -6 ) (-5631 -76.235596 -6 ) 
4 272 292 (-6144 0 -6 ) (-5631 0 -6 ) (-5631 -1024 -6 ) (-6144 -1024 -6 ) 
4 273 280 (-5409.946777 -75.168709 -23 ) (-5349.053711 -76.154572 -23 ) (-5349.053711 -80.527740 -7 ) (-5409.946777 -79.541878 -7 ) 
4 273 281 (-5631 -75.963005 -7 ) (-5631 -71.589844 -23 ) (-5409.946777 -75.168709 -23 ) (-5409.946777 -79.541878 -7 ) 
4 273 279 (-5631 -76.236328 -6 ) (-5631 -75.963005 -7 ) (-5349.053711 -80.527740 -7 ) (-5349.053711 -80.801064 -6 ) 
4 273 275 (-5120 -80.136292 -22 ) (-5120 -84.509460 -6 ) (-5191.053711 -83.359093 -6 ) (-5191.053711 -78.985924 -22 ) 
4 273 277 (-5251.946777 -82.373230 -6 ) (-5349.053711 -80.801064 -6 ) (-5349.053711 -76.427895 -22 ) (-5251.946777 -78 -22 ) 
4 273 278 (-5349.053711 -76.154572 -23 ) (-5120 -79.862968 -23 ) (-5120 -80.136292 -22 ) (-5349.053711 -76.427895 -22 ) 
4 273 292 (-5631 0 -23 ) (-5631 -71.589355 -23 ) (-5631 -76.235596 -6 ) (-5631 0 -6 ) 
4 273 293 (-5631 -71.589355 -23 ) (-5631 0 -23 ) (-5120 0 -23 ) (-5120 -79.862480 -23 ) 
4 274 300 (-5120 -1024 -23 ) (-5120 -1024 -6 ) (-5631 -1024 -6 ) (-5631 -1024 -23 ) 
4 274 290 (-5411.950195 -603.267883 -7 ) (-5411.950195 -603.267883 -6 ) (-5352.873047 -604.254517 -6 ) (-5352.873047 -604.254517 -7 ) 
4 274 289 (-5260.946777 -605.789673 -23 ) (-5352.873047 -604.254456 -23 ) (-5352.873047 -604.254517 -6 ) (-5260.946777 -605.789734 -6 ) 
4 274 291 (-5411.950195 -603.267883 -23 ) (-5631 -599.609680 -23 ) (-5631 -599.609680 -6 ) (-5411.950195 -603.267883 -6 ) 
4 274 287 (-5260.946777 -605.789673 -22 ) (-5260.946777 -605.789734 -6 ) (-5200.053711 -606.806702 -6 ) (-5200.053711 -606.806641 -22 ) 
4 274 288 (-5200.053711 -606.806641 -23 ) (-5260.946777 -605.789673 -23 ) (-5260.946777 -605.789673 -22 ) (-5200.053711 -606.806641 -22 ) 
4 274 286 (-5120 -608.143555 -23 ) (-5200.053711 -606.806641 -23 ) (-5200.053711 -606.806702 -6 ) (-5120 -608.143616 -6 ) 
4 274 293 (-5120 -1024 -23 ) (-5631 -1024 -23 ) (-5631 -599.609619 -23 ) (-5120 -608.143555 -23 ) 
4 274 292 (-5631 -599.609619 -23 ) (-5631 -1024 -23 ) (-5631 -1024 -6 ) (-5631 -599.609619 -6 ) 
4 275 276 (-5191.053711 -251.751434 -22 ) (-5191.053711 -252 -22 ) (-5191.053711 -252 -6 ) (-5191.053711 -251.751434 -6 ) 
4 275 278 (-5191.053711 -78.985458 -22 ) (-5120 -80.135826 -22 ) (-5120 -252 -22 ) (-5191.053711 -252 -22 ) 
4 276 278 (-5191.053711 -251.751434 -22 ) (-5191.053711 -252 -22 ) (-5251.946777 -252 -22 ) (-5251.946777 -250.765854 -22 ) 
4 276 277 (-5251.946777 -250.765869 -22 ) (-5251.946777 -252 -22 ) (-5251.946777 -252 -6 ) (-5251.946777 -250.765854 -6 ) 
4 277 280 (-5349.053711 -80.526955 -7 ) (-5349.053711 -76.427361 -22 ) (-5349.053711 -82.258720 -22 ) (-5349.053711 -86.358322 -7 ) 
4 277 279 (-5349.053711 -252 -6 ) (-5349.053711 -80.800262 -6 ) (-5349.053711 -80.526955 -7 ) (-5349.053711 -252 -7 ) 
4 277 278 (-5349.053711 -252 -22 ) (-5349.053711 -76.427429 -22 ) (-5251.946777 -78 -22 ) (-5251.946777 -252 -22 ) 
4 278 284 (-5349.053711 -431.824493 -22 ) (-5349.053711 -431.551178 -23 ) (-5120 -435.375824 -23 ) (-5120 -435.649139 -22 ) 
4 278 282 (-5349.053711 -431.552734 -23 ) (-5349.053711 -431.826019 -22 ) (-5349.053711 -254.751434 -22 ) (-5349.053711 -254.751434 -23 ) 
4 278 280 (-5349.053711 -82.258728 -22 ) (-5349.053711 -76.427361 -22 ) (-5349.053711 -76.154053 -23 ) (-5349.053711 -81.985428 -23 ) 
4 278 293 (-5349.053711 -76.154083 -23 ) (-5120 -79.862480 -23 ) (-5120 -435.376343 -23 ) (-5349.053711 -431.551697 -23 ) 
4 279 280 (-5409.946777 -79.541473 -7 ) (-5349.053711 -80.527344 -7 ) (-5349.053711 -86.358330 -7 ) (-5409.946777 -85.372467 -7 ) 
4 279 281 (-5631 -75.962585 -7 ) (-5409.946777 -79.541473 -7 ) (-5409.946777 -252 -7 ) (-5631 -252 -7 ) 
4 279 292 (-5631 -252 -6 ) (-5631 -76.235596 -6 ) (-5631 -75.962288 -7 ) (-5631 -252 -7 ) 
4 280 281 (-5409.946777 -85.372452 -7 ) (-5409.946777 -79.541107 -7 ) (-5409.946777 -75.168205 -23 ) (-5409.946777 -81 -23 ) 
4 280 293 (-5409.946777 -75.168221 -23 ) (-5349.053711 -76.154083 -23 ) (-5349.053711 -81.985428 -23 ) (-5409.946777 -81 -23 ) 
4 281 283 (-5631 -252 -22 ) (-5631 -252 -23 ) (-5409.946777 -252 -23 ) (-5409.946777 -252 -22 ) 
4 281 293 (-5631 -252 -23 ) (-5631 -71.589355 -23 ) (-5409.946777 -75.168221 -23 ) (-5409.946777 -252 -23 ) 
4 281 292 (-5631 -71.589355 -23 ) (-5631 -252 -23 ) (-5631 -252 -7 ) (-5631 -75.962288 -7 ) 
4 282 284 (-5352.873047 -431.487396 -23 ) (-5349.053711 -431.551178 -23 ) (-5349.053711 -431.824493 -22 ) (-5352.873047 -431.760712 -22 ) 
4 282 283 (-5409.946777 -253.765854 -23 ) (-5409.946777 -430.533142 -23 ) (-5409.946777 -430.806458 -22 ) (-5409.946777 -253.765854 -22 ) 
4 282 293 (-5349.053711 -254.751434 -23 ) (-5349.053711 -431.551697 -23 ) (-5409.946777 -430.534943 -23 ) (-5409.946777 -253.765854 -23 ) 
4 283 285 (-5631 -427.116699 -22 ) (-5631 -426.843384 -23 ) (-5411.950195 -430.500977 -23 ) (-5411.950195 -430.774292 -22 ) 
4 283 292 (-5631 -252 -23 ) (-5631 -426.843903 -23 ) (-5631 -427.117218 -22 ) (-5631 -252 -22 ) 
4 283 293 (-5631 -426.843903 -23 ) (-5631 -252 -23 ) (-5409.946777 -252 -23 ) (-5409.946777 -430.534943 -23 ) 
4 284 289 (-5352.873047 -437.751038 -23 ) (-5260.946777 -437.751038 -23 ) (-5260.946777 -437.751038 -22 ) (-5352.873047 -437.751038 -22 ) 
4 284 288 (-5260.946777 -437.751038 -23 ) (-5200.053711 -437.751038 -23 ) (-5200.053711 -437.751038 -22 ) (-5260.946777 -437.751038 -22 ) 
4 284 286 (-5200.053711 -437.751038 -23 ) (-5120 -437.751038 -23 ) (-5120 -437.751038 -22 ) (-5200.053711 -437.751038 -22 ) 
4 284 293 (-5352.873047 -431.487946 -23 ) (-5120 -435.376343 -23 ) (-5120 -437.751038 -23 ) (-5352.873047 -437.751038 -23 ) 
4 285 291 (-5631 -437.751038 -22 ) (-5631 -437.751038 -23 ) (-5411.950195 -437.751038 -23 ) (-5411.950195 -437.751038 -22 ) 
4 285 292 (-5631 -426.843903 -23 ) (-5631 -437.751038 -23 ) (-5631 -437.751038 -22 ) (-5631 -427.117218 -22 ) 
4 285 293 (-5631 -437.751038 -23 ) (-5631 -426.843903 -23 ) (-5411.950195 -430.501495 -23 ) (-5411.950195 -437.751038 -23 ) 
4 286 287 (-5200.053711 -603.254456 -22 ) (-5200.053711 -606.805603 -22 ) (-5200.053711 -606.805603 -6 ) (-5200.053711 -603.254456 -6 ) 
4 286 288 (-5200.053711 -437.751038 -22 ) (-5200.053711 -437.751038 -23 ) (-5200.053711 -606.805603 -23 ) (-5200.053711 -606.805603 -22 ) 
4 286 293 (-5200.053711 -437.751038 -23 ) (-5120 -437.751038 -23 ) (-5120 -608.143555 -23 ) (-5200.053711 -606.806641 -23 ) 
4 287 289 (-5260.946777 -602.267944 -22 ) (-5260.946777 -605.789368 -22 ) (-5260.946777 -605.789368 -6 ) (-5260.946777 -602.267944 -6 ) 
4 287 288 (-5260.946777 -605.789063 -22 ) (-5260.946777 -602.267944 -22 ) (-5200.053711 -603.254456 -22 ) (-5200.053711 -606.806580 -22 ) 
4 288 289 (-5260.946777 -437.751038 -22 ) (-5260.946777 -437.751038 -23 ) (-5260.946777 -605.789368 -23 ) (-5260.946777 -605.789368 -22 ) 
4 288 293 (-5260.946777 -437.751038 -23 ) (-5200.053711 -437.751038 -23 ) (-5200.053711 -606.806641 -23 ) (-5260.946777 -605.789673 -23 ) 
4 289 290 (-5352.873047 -437.751038 -6 ) (-5352.873047 -437.751038 -7 ) (-5352.873047 -604.254150 -7 ) (-5352.873047 -604.254150 -6 ) 
4 289 293 (-5352.873047 -437.751038 -23 ) (-5260.946777 -437.751038 -23 ) (-5260.946777 -605.789673 -23 ) (-5352.873047 -604.254456 -23 ) 
4 290 291 (-5411.950195 -437.751038 -6 ) (-5411.950195 -437.751038 -7 ) (-5411.950195 -603.266724 -7 ) (-5411.950195 -603.266724 -6 ) 
4 291 292 (-5631 -437.751038 -23 ) (-5631 -599.609619 -23 ) (-5631 -599.609619 -6 ) (-5631 -437.751038 -6 ) 
4 291 293 (-5631 -599.609619 -23 ) (-5631 -437.751038 -23 ) (-5411.950195 -437.751038 -23 ) (-5411.950195 -603.267822 -23 ) 
4 292 307 (-6144 0 -6 ) (-6144 0 -23 ) (-6144 -1024 -23 ) (-6144 -1024 -6 ) 
4 292 300 (-5631 -1024 -6 ) (-6144 -1024 -6 ) (-6144 -1024 -23 ) (-5631 -1024 -23 ) 
4 292 293 (-5631 -1024 -23 ) (-6144 -1024 -23 ) (-6144 0 -23 ) (-5631 0 -23 ) 
4 293 307 (-6144 0 -23 ) (-6144 0 -28 ) (-6144 -1024 -28 ) (-6144 -1024 -23 ) 
4 293 300 (-5120 -1024 -28 ) (-5120 -1024 -23 ) (-6144 -1024 -23 ) (-6144 -1024 -28 ) 
4 293 294 (-5120 -1024 -28 ) (-6144 -1024 -28 ) (-6144 0 -28 ) (-5120 0 -28 ) 
4 294 308 (-6144 0 -28 ) (-6144 0 -511 ) (-6144 -1024 -511 ) (-6144 -1024 -28 ) 
4 294 301 (-5120 -1024 -511 ) (-5120 -1024 -28 ) (-6144 -1024 -28 ) (-6144 -1024 -511 ) 
4 294 295 (-6144 0 -511 ) (-5120 0 -511 ) (-5120 -1024 -511 ) (-6144 -1024 -511 ) 
4 295 309 (-6144 0 -511 ) (-6144 0 -512 ) (-6144 -1024 -512 ) (-6144 -1024 -511 ) 
4 295 302 (-5120 -1024 -512 ) (-5120 -1024 -511 ) (-6144 -1024 -511 ) (-6144 -1024 -512 ) 
4 296 300 (-5120 -1024 1024 ) (-5120 -1024 -28 ) (-5120 -2047 -28 ) (-5120 -2047 1024 ) 
4 296 299 (-4096 -2047 -28 ) (-4096 -2047 1024 ) (-5120 -2047 1024 ) (-5120 -2047 -28 ) 
4 296 297 (-4096 -2047 -28 ) (-5120 -2047 -28 ) (-5120 -1024 -28 ) (-4096 -1024 -28 ) 
5 297 301 (-5120 -1024 -28 ) (-5120 -1024 -511 ) (-5120 -2038.998291 -511 ) (-5120 -2047 -316.450195 ) (-5120 -2047 -28 ) 
4 297 299 (-4096 -2047 -316.450195 ) (-4096 -2047 -28 ) (-5120 -2047 -28 ) (-5120 -2047 -316.450195 ) 
4 297 298 (-5120 -2038.998413 -511 ) (-5120 -1024 -511 ) (-4096 -1024 -511 ) (-4096 -2038.998291 -511 ) 
4 298 302 (-5120 -1024 -511 ) (-5120 -1024 -512 ) (-5120 -2038.957275 -512 ) (-5120 -2038.998413 -511 ) 
4 299 305 (-4096 -2048 -292.135773 ) (-4096 -2048 1024 ) (-5120 -2048 1024 ) (-5120 -2048 -292.135742 ) 
4 299 303 (-5120 -2048 -292.135773 ) (-5120 -2048 1024 ) (-5120 -2047 1024 ) (-5120 -2047 -316.446899 ) 
4 300 313 (-6144 -2047 -28 ) (-6144 -2047 1024 ) (-6144 -1024 1024 ) (-6144 -1024 -28 ) 
4 300 303 (-5120 -2047 -28 ) (-5120 -2047 1024 ) (-6144 -2047 1024 ) (-6144 -2047 -28 ) 
4 300 301 (-5120 -2047 -28 ) (-6144 -2047 -28 ) (-6144 -1024 -28 ) (-5120 -1024 -28 ) 
5 301 314 (-6144 -2047 -316.445465 ) (-6144 -2047 -28 ) (-6144 -1024 -28 ) (-6144 -1024 -511 ) (-6144 -2038.998047 -511 ) 
4 301 303 (-5120 -2047 -316.450195 ) (-5120 -2047 -28 ) (-6144 -2047 -28 ) (-6144 -2047 -316.445465 ) 
4 301 302 (-6144 -2038.998169 -511 ) (-6144 -1024 -511 ) (-5120 -1024 -511 ) (-5120 -2038.998291 -511 ) 
4 302 315 (-6144 -2038.957031 -512 ) (-6144 -2038.998169 -511 ) (-6144 -1024 -511 ) (-6144 -1024 -512 ) 
4 303 316 (-6144 -2048 -292.130524 ) (-6144 -2048 1024 ) (-6144 -2047 1024 ) (-6144 -2047 -316.446289 ) 
4 303 306 (-5120 -2048 -292.135773 ) (-5120 -2048 1024 ) (-6144 -2048 1024 ) (-6144 -2048 -292.130493 ) 
3 304 305 (-4096 -2048 1024 ) (-4096 -2048 -292.135986 ) (-4096 -2102.131348 1024 ) 
3 305 306 (-5120 -2048 1024 ) (-5120 -2048 -292.135986 ) (-5120 -2102.131348 1024 ) 
3 306 328 (-6144 -2102.131348 1024 ) (-6144 -2048 1024 ) (-6144 -2048 -292.130493 ) 
4 307 313 (-6144 -1024 -28 ) (-6144 -1024 1024 ) (-7168 -1024 1024 ) (-7168 -1024 -28 ) 
4 307 310 (-7168 0 1024 ) (-7168 0 -28 ) (-7168 -1024 -28 ) (-7168 -1024 1024 ) 
4 307 308 (-7168 -1024 -28 ) (-7168 0 -28 ) (-6144 0 -28 ) (-6144 -1024 -28 ) 
4 308 314 (-6144 -1024 -511 ) (-6144 -1024 -28 ) (-7168 -1024 -28 ) (-7168 -1024 -511 ) 
4 308 311 (-7168 0 -28 ) (-7168 0 -511 ) (-7168 -1024 -511 ) (-7168 -1024 -28 ) 
4 308 309 (-6144 -1024 -511 ) (-7168 -1024 -511 ) (-7168 0 -511 ) (-6144 0 -511 ) 
4 309 315 (-6144 -1024 -512 ) (-6144 -1024 -511 ) (-7168 -1024 -511 ) (-7168 -1024 -512 ) 
4 309 312 (-7168 0 -511 ) (-7168 0 -512 ) (-7168 -1024 -512 ) (-7168 -1024 -511 ) 
4 310 321 (-8192 0 1024 ) (-8192 0 -28 ) (-8192 -1024 -28 ) (-8192 -1024 1024 ) 
4 310 317 (-7168 -1024 -28 ) (-7168 -1024 1024 ) (-8192 -1024 1024 ) (-8192 -1024 -28 ) 
4 310 311 (-7168 -1024 -28 ) (-8192 -1024 -28 ) (-8192 0 -28 ) (-7168 0 -28 ) 
4 311 322 (-8192 0 -28 ) (-8192 0 -511 ) (-8192 -1024 -511 ) (-8192 -1024 -28 ) 
4 311 318 (-7168 -1024 -511 ) (-7168 -1024 -28 ) (-8192 -1024 -28 ) (-8192 -1024 -511 ) 
4 311 312 (-8192 0 -511 ) (-7168 0 -511 ) (-7168 -1024 -511 ) (-8192 -1024 -511 ) 
4 312 323 (-8192 0 -511 ) (-8192 0 -512 ) (-8192 -1024 -512 ) (-8192 -1024 -511 ) 
4 312 319 (-7168 -1024 -512 ) (-7168 -1024 -511 ) (-8192 -1024 -511 ) (-8192 -1024 -512 ) 
4 313 317 (-7168 -1024 1024 ) (-7168 -1024 -28 ) (-7168 -2047 -28 ) (-7168 -2047 1024 ) 
4 313 316 (-6144 -2047 -28 ) (-6144 -2047 1024 ) (-7168 -2047 1024 ) (-7168 -2047 -28 ) 
4 313 314 (-6144 -2047 -28 ) (-7168 -2047 -28 ) (-7168 -1024 -28 ) (-6144 -1024 -28 ) 
5 314 318 (-7168 -1024 -28 ) (-7168 -1024 -511 ) (-7168 -2038.998047 -511 ) (-7168 -2047 -316.445465 ) (-7168 -2047 -28 ) 
4 314 316 (-6144 -2047 -316.445465 ) (-6144 -2047 -28 ) (-7168 -2047 -28 ) (-7168 -2047 -316.445465 ) 
4 314 315 (-7168 -2038.998169 -511 ) (-7168 -1024 -511 ) (-6144 -1024 -511 ) (-6144 -2038.998047 -511 ) 
4 315 319 (-7168 -1024 -511 ) (-7168 -1024 -512 ) (-7168 -2038.957031 -512 ) (-7168 -2038.998169 -511 ) 
4 316 328 (-6144 -2048 -292.130524 ) (-6144 -2048 1024 ) (-7168 -2048 1024 ) (-7168 -2048 -292.130493 ) 
4 316 320 (-7168 -2048 -292.130524 ) (-7168 -2048 1024 ) (-7168 -2047 1024 ) (-7168 -2047 -316.446289 ) 
4 317 324 (-8192 -2047 -28 ) (-8192 -2047 1024 ) (-8192 -1024 1024 ) (-8192 -1024 -28 ) 
4 317 320 (-7168 -2047 -28 ) (-7168 -2047 1024 ) (-8192 -2047 1024 ) (-8192 -2047 -28 ) 
4 317 318 (-7168 -2047 -28 ) (-8192 -2047 -28 ) (-8192 -1024 -28 ) (-7168 -1024 -28 ) 
5 318 325 (-8192 -2047 -316.444275 ) (-8192 -2047 -28 ) (-8192 -1024 -28 ) (-8192 -1024 -511 ) (-8192 -2038.998047 -511 ) 
4 318 320 (-7168 -2047 -316.445465 ) (-7168 -2047 -28 ) (-8192 -2047 -28 ) (-8192 -2047 -316.444275 ) 
4 318 319 (-8192 -2038.998169 -511 ) (-8192 -1024 -511 ) (-7168 -1024 -511 ) (-7168 -2038.998047 -511 ) 
4 319 326 (-8192 -2038.957031 -512 ) (-8192 -2038.998169 -511 ) (-8192 -1024 -511 ) (-8192 -1024 -512 ) 
4 320 329 (-7168 -2048 -292.130524 ) (-7168 -2048 1024 ) (-8192 -2048 1024 ) (-8192 -2048 -292.129761 ) 
4 320 327 (-8192 -2048 -292.129852 ) (-8192 -2048 1024 ) (-8192 -2047 1024 ) (-8192 -2047 -316.441040 ) 
4 321 324 (-8192 -1024 -28 ) (-8192 -1024 1024 ) (-8600 -1024 1024 ) (-8600 -1024 -28 ) 
4 321 322 (-8600 0 -28 ) (-8192 0 -28 ) (-8192 -1024 -28 ) (-8600 -1024 -28 ) 
4 322 325 (-8192 -1024 -511 ) (-8192 -1024 -28 ) (-8600 -1024 -28 ) (-8600 -1024 -511 ) 
4 322 323 (-8192 -1024 -511 ) (-8600 -1024 -511 ) (-8600 0 -511 ) (-8192 0 -511 ) 
4 323 326 (-8192 -1024 -512 ) (-8192 -1024 -511 ) (-8600 -1024 -511 ) (-8600 -1024 -512 ) 
4 324 327 (-8192 -2047 -28 ) (-8192 -2047 1024 ) (-8600 -2047 1024 ) (-8600 -2047 -28 ) 
4 324 325 (-8192 -2047 -28 ) (-8600 -2047 -28 ) (-8600 -1024 -28 ) (-8192 -1024 -28 ) 
4 325 327 (-8192 -2047 -316.444275 ) (-8192 -2047 -28 ) (-8600 -2047 -28 ) (-8600 -2047 -316.444275 ) 
4 325 326 (-8600 -1024 -511 ) (-8192 -1024 -511 ) (-8192 -2038.998047 -511 ) (-8600 -2038.998047 -511 ) 
4 327 330 (-8192 -2048 -292.130249 ) (-8192 -2048 1024 ) (-8600 -2048 1024 ) (-8600 -2048 -292.130188 ) 
3 328 329 (-7168 -2048 1024 ) (-7168 -2048 -292.130493 ) (-7168 -2102.131348 1024 ) 
3 329 330 (-8192 -2048 1024 ) (-8192 -2048 -292.130127 ) (-8192 -2102.131104 1024 ) 
